[2025-06-04 23:19:45] info: Welcome page accessed {"ip":"::1","user_agent":"Mozilla\/5.0 (Windows NT 10.0; Win64; x64) AppleWebKit\/537.36 (KHTML, like Gecko) Trae\/1.98.2 Chrome\/132.0.6834.196 Electron\/34.2.0 Safari\/537.36"}
[2025-06-04 23:19:45] error: Exception: Too few arguments to function Nexa\View\TemplateEngine::__construct(), 0 passed in C:\Users\jeans\Downloads\slide\nexframework\app\Http\Controllers\WelcomeController.php on line 37 and exactly 2 expected in C:\Users\jeans\Downloads\slide\nexframework\src\Nexa\View\TemplateEngine.php:11 {"exception":"ArgumentCountError","file":"C:\\Users\\jeans\\Downloads\\slide\\nexframework\\src\\Nexa\\View\\TemplateEngine.php","line":11,"trace":"#0 C:\\Users\\jeans\\Downloads\\slide\\nexframework\\app\\Http\\Controllers\\WelcomeController.php(37): Nexa\\View\\TemplateEngine->__construct()\n#1 C:\\Users\\jeans\\Downloads\\slide\\nexframework\\src\\Nexa\\Routing\\Route.php(80): App\\Http\\Controllers\\WelcomeController->index()\n#2 C:\\Users\\jeans\\Downloads\\slide\\nexframework\\src\\Nexa\\Routing\\Route.php(41): Nexa\\Routing\\Route->runControllerArray('App\\\\Http\\\\Contro...', 'index')\n#3 C:\\Users\\jeans\\Downloads\\slide\\nexframework\\src\\Nexa\\Routing\\Router.php(85): Nexa\\Routing\\Route->run()\n#4 C:\\Users\\jeans\\Downloads\\slide\\nexframework\\src\\Nexa\\Core\\Application.php(184): Nexa\\Routing\\Router->dispatch('GET', '\/')\n#5 C:\\Users\\jeans\\Downloads\\slide\\nexframework\\index.php(9): Nexa\\Core\\Application->run()\n#6 C:\\Users\\jeans\\Downloads\\slide\\nexframework\\public\\index.php(3): require('C:\\\\Users\\\\jeans\\\\...')\n#7 {main}"}
[2025-06-04 23:20:19] info: Welcome page accessed {"ip":"::1","user_agent":"Mozilla\/5.0 (Windows NT 10.0; Win64; x64) AppleWebKit\/537.36 (KHTML, like Gecko) Trae\/1.98.2 Chrome\/132.0.6834.196 Electron\/34.2.0 Safari\/537.36"}
[2025-06-04 23:20:19] error: Exception: Too few arguments to function Nexa\View\TemplateEngine::__construct(), 0 passed in C:\Users\jeans\Downloads\slide\nexframework\app\Http\Controllers\WelcomeController.php on line 37 and exactly 2 expected in C:\Users\jeans\Downloads\slide\nexframework\src\Nexa\View\TemplateEngine.php:11 {"exception":"ArgumentCountError","file":"C:\\Users\\jeans\\Downloads\\slide\\nexframework\\src\\Nexa\\View\\TemplateEngine.php","line":11,"trace":"#0 C:\\Users\\jeans\\Downloads\\slide\\nexframework\\app\\Http\\Controllers\\WelcomeController.php(37): Nexa\\View\\TemplateEngine->__construct()\n#1 C:\\Users\\jeans\\Downloads\\slide\\nexframework\\src\\Nexa\\Routing\\Route.php(80): App\\Http\\Controllers\\WelcomeController->index()\n#2 C:\\Users\\jeans\\Downloads\\slide\\nexframework\\src\\Nexa\\Routing\\Route.php(41): Nexa\\Routing\\Route->runControllerArray('App\\\\Http\\\\Contro...', 'index')\n#3 C:\\Users\\jeans\\Downloads\\slide\\nexframework\\src\\Nexa\\Routing\\Router.php(85): Nexa\\Routing\\Route->run()\n#4 C:\\Users\\jeans\\Downloads\\slide\\nexframework\\src\\Nexa\\Core\\Application.php(184): Nexa\\Routing\\Router->dispatch('GET', '\/')\n#5 C:\\Users\\jeans\\Downloads\\slide\\nexframework\\index.php(9): Nexa\\Core\\Application->run()\n#6 C:\\Users\\jeans\\Downloads\\slide\\nexframework\\public\\index.php(3): require('C:\\\\Users\\\\jeans\\\\...')\n#7 {main}"}
[2025-06-04 23:22:12] info: Welcome page accessed {"ip":"::1","user_agent":"Mozilla\/5.0 (Windows NT 10.0; Win64; x64) AppleWebKit\/537.36 (KHTML, like Gecko) Trae\/1.98.2 Chrome\/132.0.6834.196 Electron\/34.2.0 Safari\/537.36"}
[2025-06-04 23:22:12] info: Welcome page accessed {"ip":"::1","user_agent":"Mozilla\/5.0 (Windows NT 10.0; Win64; x64) AppleWebKit\/537.36 (KHTML, like Gecko) Trae\/1.98.2 Chrome\/132.0.6834.196 Electron\/34.2.0 Safari\/537.36"}
[2025-06-04 23:22:14] error: Exception: Too few arguments to function App\Http\Controllers\WelcomeController::contact(), 0 passed in C:\Users\jeans\Downloads\slide\nexframework\src\Nexa\Routing\Route.php on line 80 and exactly 1 expected in C:\Users\jeans\Downloads\slide\nexframework\app\Http\Controllers\WelcomeController.php:60 {"exception":"ArgumentCountError","file":"C:\\Users\\jeans\\Downloads\\slide\\nexframework\\app\\Http\\Controllers\\WelcomeController.php","line":60,"trace":"#0 C:\\Users\\jeans\\Downloads\\slide\\nexframework\\src\\Nexa\\Routing\\Route.php(80): App\\Http\\Controllers\\WelcomeController->contact()\n#1 C:\\Users\\jeans\\Downloads\\slide\\nexframework\\src\\Nexa\\Routing\\Route.php(41): Nexa\\Routing\\Route->runControllerArray('App\\\\Http\\\\Contro...', 'contact')\n#2 C:\\Users\\jeans\\Downloads\\slide\\nexframework\\src\\Nexa\\Routing\\Router.php(85): Nexa\\Routing\\Route->run()\n#3 C:\\Users\\jeans\\Downloads\\slide\\nexframework\\src\\Nexa\\Core\\Application.php(184): Nexa\\Routing\\Router->dispatch('GET', '\/contact')\n#4 C:\\Users\\jeans\\Downloads\\slide\\nexframework\\index.php(9): Nexa\\Core\\Application->run()\n#5 C:\\Users\\jeans\\Downloads\\slide\\nexframework\\public\\index.php(3): require('C:\\\\Users\\\\jeans\\\\...')\n#6 {main}"}
[2025-06-04 23:22:22] info: About page accessed
[2025-06-04 23:22:25] info: Welcome page accessed {"ip":"::1","user_agent":"Mozilla\/5.0 (Windows NT 10.0; Win64; x64) AppleWebKit\/537.36 (KHTML, like Gecko) Trae\/1.98.2 Chrome\/132.0.6834.196 Electron\/34.2.0 Safari\/537.36"}
[2025-06-04 23:22:27] info: About page accessed
[2025-06-04 23:22:30] info: Welcome page accessed {"ip":"::1","user_agent":"Mozilla\/5.0 (Windows NT 10.0; Win64; x64) AppleWebKit\/537.36 (KHTML, like Gecko) Trae\/1.98.2 Chrome\/132.0.6834.196 Electron\/34.2.0 Safari\/537.36"}
[2025-06-04 23:22:32] error: Exception: Too few arguments to function App\Http\Controllers\WelcomeController::contact(), 0 passed in C:\Users\jeans\Downloads\slide\nexframework\src\Nexa\Routing\Route.php on line 80 and exactly 1 expected in C:\Users\jeans\Downloads\slide\nexframework\app\Http\Controllers\WelcomeController.php:60 {"exception":"ArgumentCountError","file":"C:\\Users\\jeans\\Downloads\\slide\\nexframework\\app\\Http\\Controllers\\WelcomeController.php","line":60,"trace":"#0 C:\\Users\\jeans\\Downloads\\slide\\nexframework\\src\\Nexa\\Routing\\Route.php(80): App\\Http\\Controllers\\WelcomeController->contact()\n#1 C:\\Users\\jeans\\Downloads\\slide\\nexframework\\src\\Nexa\\Routing\\Route.php(41): Nexa\\Routing\\Route->runControllerArray('App\\\\Http\\\\Contro...', 'contact')\n#2 C:\\Users\\jeans\\Downloads\\slide\\nexframework\\src\\Nexa\\Routing\\Router.php(85): Nexa\\Routing\\Route->run()\n#3 C:\\Users\\jeans\\Downloads\\slide\\nexframework\\src\\Nexa\\Core\\Application.php(184): Nexa\\Routing\\Router->dispatch('GET', '\/contact')\n#4 C:\\Users\\jeans\\Downloads\\slide\\nexframework\\index.php(9): Nexa\\Core\\Application->run()\n#5 C:\\Users\\jeans\\Downloads\\slide\\nexframework\\public\\index.php(3): require('C:\\\\Users\\\\jeans\\\\...')\n#6 {main}"}
[2025-06-04 23:26:45] info: Welcome page accessed {"ip":"::1","user_agent":"Mozilla\/5.0 (Windows NT 10.0; Win64; x64) AppleWebKit\/537.36 (KHTML, like Gecko) Trae\/1.98.2 Chrome\/132.0.6834.196 Electron\/34.2.0 Safari\/537.36"}
[2025-06-04 23:26:45] info: Welcome page accessed {"ip":"::1","user_agent":"Mozilla\/5.0 (Windows NT 10.0; Win64; x64) AppleWebKit\/537.36 (KHTML, like Gecko) Trae\/1.98.2 Chrome\/132.0.6834.196 Electron\/34.2.0 Safari\/537.36"}
[2025-06-04 23:26:47] error: Exception: Too few arguments to function App\Http\Controllers\WelcomeController::contact(), 0 passed in C:\Users\jeans\Downloads\slide\nexframework\src\Nexa\Routing\Route.php on line 80 and exactly 1 expected in C:\Users\jeans\Downloads\slide\nexframework\app\Http\Controllers\WelcomeController.php:60 {"exception":"ArgumentCountError","file":"C:\\Users\\jeans\\Downloads\\slide\\nexframework\\app\\Http\\Controllers\\WelcomeController.php","line":60,"trace":"#0 C:\\Users\\jeans\\Downloads\\slide\\nexframework\\src\\Nexa\\Routing\\Route.php(80): App\\Http\\Controllers\\WelcomeController->contact()\n#1 C:\\Users\\jeans\\Downloads\\slide\\nexframework\\src\\Nexa\\Routing\\Route.php(41): Nexa\\Routing\\Route->runControllerArray('App\\\\Http\\\\Contro...', 'contact')\n#2 C:\\Users\\jeans\\Downloads\\slide\\nexframework\\src\\Nexa\\Routing\\Router.php(85): Nexa\\Routing\\Route->run()\n#3 C:\\Users\\jeans\\Downloads\\slide\\nexframework\\src\\Nexa\\Core\\Application.php(184): Nexa\\Routing\\Router->dispatch('GET', '\/contact')\n#4 C:\\Users\\jeans\\Downloads\\slide\\nexframework\\index.php(9): Nexa\\Core\\Application->run()\n#5 C:\\Users\\jeans\\Downloads\\slide\\nexframework\\public\\index.php(3): require('C:\\\\Users\\\\jeans\\\\...')\n#6 {main}"}
[2025-06-04 23:27:51] error: Exception: Call to undefined method Nexa\Http\Request::isPost() in C:\Users\jeans\Downloads\slide\nexframework\app\Http\Controllers\WelcomeController.php:62 {"exception":"Error","file":"C:\\Users\\jeans\\Downloads\\slide\\nexframework\\app\\Http\\Controllers\\WelcomeController.php","line":62,"trace":"#0 C:\\Users\\jeans\\Downloads\\slide\\nexframework\\src\\Nexa\\Routing\\Route.php(86): App\\Http\\Controllers\\WelcomeController->contact(Object(Nexa\\Http\\Request))\n#1 C:\\Users\\jeans\\Downloads\\slide\\nexframework\\src\\Nexa\\Routing\\Route.php(43): Nexa\\Routing\\Route->runControllerArray('App\\\\Http\\\\Contro...', 'contact')\n#2 C:\\Users\\jeans\\Downloads\\slide\\nexframework\\src\\Nexa\\Routing\\Router.php(85): Nexa\\Routing\\Route->run()\n#3 C:\\Users\\jeans\\Downloads\\slide\\nexframework\\src\\Nexa\\Core\\Application.php(184): Nexa\\Routing\\Router->dispatch('GET', '\/contact')\n#4 C:\\Users\\jeans\\Downloads\\slide\\nexframework\\index.php(9): Nexa\\Core\\Application->run()\n#5 C:\\Users\\jeans\\Downloads\\slide\\nexframework\\public\\index.php(3): require('C:\\\\Users\\\\jeans\\\\...')\n#6 {main}"}
[2025-06-04 23:27:51] error: Exception: Call to undefined method Nexa\Http\Request::isPost() in C:\Users\jeans\Downloads\slide\nexframework\app\Http\Controllers\WelcomeController.php:62 {"exception":"Error","file":"C:\\Users\\jeans\\Downloads\\slide\\nexframework\\app\\Http\\Controllers\\WelcomeController.php","line":62,"trace":"#0 C:\\Users\\jeans\\Downloads\\slide\\nexframework\\src\\Nexa\\Routing\\Route.php(86): App\\Http\\Controllers\\WelcomeController->contact(Object(Nexa\\Http\\Request))\n#1 C:\\Users\\jeans\\Downloads\\slide\\nexframework\\src\\Nexa\\Routing\\Route.php(43): Nexa\\Routing\\Route->runControllerArray('App\\\\Http\\\\Contro...', 'contact')\n#2 C:\\Users\\jeans\\Downloads\\slide\\nexframework\\src\\Nexa\\Routing\\Router.php(85): Nexa\\Routing\\Route->run()\n#3 C:\\Users\\jeans\\Downloads\\slide\\nexframework\\src\\Nexa\\Core\\Application.php(184): Nexa\\Routing\\Router->dispatch('GET', '\/contact')\n#4 C:\\Users\\jeans\\Downloads\\slide\\nexframework\\index.php(9): Nexa\\Core\\Application->run()\n#5 C:\\Users\\jeans\\Downloads\\slide\\nexframework\\public\\index.php(3): require('C:\\\\Users\\\\jeans\\\\...')\n#6 {main}"}
[2025-06-04 23:30:41] error: Exception: App\Http\Controllers\WelcomeController::validate(): Argument #1 ($data) must be of type array, Nexa\Http\Request given, called in C:\Users\jeans\Downloads\slide\nexframework\app\Http\Controllers\WelcomeController.php on line 64 in C:\Users\jeans\Downloads\slide\nexframework\src\Nexa\Validation\ValidatesRequests.php:16 {"exception":"TypeError","file":"C:\\Users\\jeans\\Downloads\\slide\\nexframework\\src\\Nexa\\Validation\\ValidatesRequests.php","line":16,"trace":"#0 C:\\Users\\jeans\\Downloads\\slide\\nexframework\\app\\Http\\Controllers\\WelcomeController.php(64): App\\Http\\Controllers\\WelcomeController->validate(Object(Nexa\\Http\\Request), Array)\n#1 C:\\Users\\jeans\\Downloads\\slide\\nexframework\\src\\Nexa\\Routing\\Route.php(86): App\\Http\\Controllers\\WelcomeController->contact(Object(Nexa\\Http\\Request))\n#2 C:\\Users\\jeans\\Downloads\\slide\\nexframework\\src\\Nexa\\Routing\\Route.php(43): Nexa\\Routing\\Route->runControllerArray('App\\\\Http\\\\Contro...', 'contact')\n#3 C:\\Users\\jeans\\Downloads\\slide\\nexframework\\src\\Nexa\\Routing\\Router.php(85): Nexa\\Routing\\Route->run()\n#4 C:\\Users\\jeans\\Downloads\\slide\\nexframework\\src\\Nexa\\Core\\Application.php(184): Nexa\\Routing\\Router->dispatch('POST', '\/contact')\n#5 C:\\Users\\jeans\\Downloads\\slide\\nexframework\\index.php(9): Nexa\\Core\\Application->run()\n#6 C:\\Users\\jeans\\Downloads\\slide\\nexframework\\public\\index.php(3): require('C:\\\\Users\\\\jeans\\\\...')\n#7 {main}"}
[2025-06-04 23:31:26] error: Exception: Call to undefined method Nexa\Validation\ValidationException::getErrors() in C:\Users\jeans\Downloads\slide\nexframework\app\Http\Controllers\WelcomeController.php:78 {"exception":"Error","file":"C:\\Users\\jeans\\Downloads\\slide\\nexframework\\app\\Http\\Controllers\\WelcomeController.php","line":78,"trace":"#0 C:\\Users\\jeans\\Downloads\\slide\\nexframework\\src\\Nexa\\Routing\\Route.php(86): App\\Http\\Controllers\\WelcomeController->contact(Object(Nexa\\Http\\Request))\n#1 C:\\Users\\jeans\\Downloads\\slide\\nexframework\\src\\Nexa\\Routing\\Route.php(43): Nexa\\Routing\\Route->runControllerArray('App\\\\Http\\\\Contro...', 'contact')\n#2 C:\\Users\\jeans\\Downloads\\slide\\nexframework\\src\\Nexa\\Routing\\Router.php(85): Nexa\\Routing\\Route->run()\n#3 C:\\Users\\jeans\\Downloads\\slide\\nexframework\\src\\Nexa\\Core\\Application.php(184): Nexa\\Routing\\Router->dispatch('POST', '\/contact')\n#4 C:\\Users\\jeans\\Downloads\\slide\\nexframework\\index.php(9): Nexa\\Core\\Application->run()\n#5 C:\\Users\\jeans\\Downloads\\slide\\nexframework\\public\\index.php(3): require('C:\\\\Users\\\\jeans\\\\...')\n#6 {main}"}
[2025-06-04 23:34:05] warning: Contact form validation failed {"message":["Le champ message doit contenir au moins 10 caract\u00e8res."]}
[2025-06-04 23:34:33] info: Contact form submitted {"name":"test","email":"t@gmail.com","message":"tte ffhfhf"}
[2025-06-04 23:52:45] info: Welcome page accessed {"ip":"::1","user_agent":"Mozilla\/5.0 (Windows NT 10.0; Win64; x64) AppleWebKit\/537.36 (KHTML, like Gecko) Chrome\/136.0.0.0 Safari\/537.36 Edg\/136.0.0.0"}
[2025-06-04 23:52:51] info: About page accessed
[2025-06-04 23:52:53] info: Documentation page accessed
[2025-06-05 00:07:06] info: Welcome page accessed {"ip":"::1","user_agent":"Mozilla\/5.0 (Windows NT 10.0; Win64; x64) AppleWebKit\/537.36 (KHTML, like Gecko) Trae\/1.98.2 Chrome\/132.0.6834.196 Electron\/34.2.0 Safari\/537.36"}
[2025-06-05 00:07:06] info: Welcome page accessed {"ip":"::1","user_agent":"Mozilla\/5.0 (Windows NT 10.0; Win64; x64) AppleWebKit\/537.36 (KHTML, like Gecko) Trae\/1.98.2 Chrome\/132.0.6834.196 Electron\/34.2.0 Safari\/537.36"}
[2025-06-05 00:07:14] info: Documentation page accessed
[2025-06-05 00:08:34] info: Documentation page accessed
[2025-06-05 01:58:49] info: Documentation page accessed
[2025-06-05 02:06:09] info: Documentation page accessed
[2025-06-05 02:11:39] info: Documentation page accessed
[2025-06-05 02:12:14] info: Documentation page accessed
[2025-06-05 02:12:39] info: Documentation page accessed
[2025-06-05 02:13:56] info: Documentation page accessed
[2025-06-05 11:56:07] info: Welcome page accessed {"ip":"::1","user_agent":"Mozilla\/5.0 (Windows NT 10.0; Win64; x64) AppleWebKit\/537.36 (KHTML, like Gecko) Trae\/1.98.2 Chrome\/132.0.6834.196 Electron\/34.2.0 Safari\/537.36"}
[2025-06-05 11:56:07] info: Documentation page accessed
[2025-06-05 12:21:45] info: Welcome page accessed {"ip":"::1","user_agent":"Mozilla\/5.0 (Windows NT 10.0; Win64; x64) AppleWebKit\/537.36 (KHTML, like Gecko) Chrome\/136.0.0.0 Safari\/537.36"}
[2025-06-05 12:22:02] info: Welcome page accessed {"ip":"::1","user_agent":"Mozilla\/5.0 (Windows NT 10.0; Win64; x64) AppleWebKit\/537.36 (KHTML, like Gecko) Chrome\/136.0.0.0 Safari\/537.36 Edg\/136.0.0.0"}
[2025-06-05 12:22:49] info: About page accessed
[2025-06-05 12:23:05] info: Documentation page accessed
[2025-06-05 14:37:23] error: Exception: Cannot use object of type Nexa\Core\Application as array in C:\Users\jeans\Downloads\slide\nexframework\src\Plugins\PluginManager.php:63 {"exception":"Error","file":"C:\\Users\\jeans\\Downloads\\slide\\nexframework\\src\\Plugins\\PluginManager.php","line":63,"trace":"#0 C:\\Users\\jeans\\Downloads\\slide\\nexframework\\tests\\PluginTest.php(24): Nexa\\Plugins\\PluginManager->__construct(Object(Nexa\\Core\\Application))\n#1 C:\\Users\\jeans\\Downloads\\slide\\nexframework\\tests\\Phase3TestSuite.php(64): Tests\\PluginTest->setUp()\n#2 C:\\Users\\jeans\\Downloads\\slide\\nexframework\\tests\\Phase3TestSuite.php(31): Tests\\Phase3TestSuite->runTestClass('PluginTest', 'Plugin System T...')\n#3 C:\\Users\\jeans\\Downloads\\slide\\nexframework\\tests\\Phase3TestSuite.php(284): Tests\\Phase3TestSuite->runAllTests()\n#4 {main}"}
[2025-06-05 14:41:11] error: Exception: Call to undefined method Tests\PluginTest::assertIsArray() in C:\Users\jeans\Downloads\slide\nexframework\tests\PluginTest.php:79 {"exception":"Error","file":"C:\\Users\\jeans\\Downloads\\slide\\nexframework\\tests\\PluginTest.php","line":79,"trace":"#0 C:\\Users\\jeans\\Downloads\\slide\\nexframework\\tests\\Phase3TestSuite.php(68): Tests\\PluginTest->testPluginManagerInitialization()\n#1 C:\\Users\\jeans\\Downloads\\slide\\nexframework\\tests\\Phase3TestSuite.php(31): Tests\\Phase3TestSuite->runTestClass('PluginTest', 'Plugin System T...')\n#2 C:\\Users\\jeans\\Downloads\\slide\\nexframework\\tests\\Phase3TestSuite.php(284): Tests\\Phase3TestSuite->runAllTests()\n#3 {main}"}
[2025-06-05 14:43:43] error: Exception: Call to undefined method Tests\PluginTest::assertEmpty() in C:\Users\jeans\Downloads\slide\nexframework\tests\PluginTest.php:80 {"exception":"Error","file":"C:\\Users\\jeans\\Downloads\\slide\\nexframework\\tests\\PluginTest.php","line":80,"trace":"#0 C:\\Users\\jeans\\Downloads\\slide\\nexframework\\tests\\Phase3TestSuite.php(68): Tests\\PluginTest->testPluginManagerInitialization()\n#1 C:\\Users\\jeans\\Downloads\\slide\\nexframework\\tests\\Phase3TestSuite.php(31): Tests\\Phase3TestSuite->runTestClass('PluginTest', 'Plugin System T...')\n#2 C:\\Users\\jeans\\Downloads\\slide\\nexframework\\tests\\Phase3TestSuite.php(284): Tests\\Phase3TestSuite->runAllTests()\n#3 {main}"}
[2025-06-05 14:44:27] error: Exception: Call to a member function getName() on null in C:\Users\jeans\Downloads\slide\nexframework\tests\PluginTest.php:139 {"exception":"Error","file":"C:\\Users\\jeans\\Downloads\\slide\\nexframework\\tests\\PluginTest.php","line":139,"trace":"#0 C:\\Users\\jeans\\Downloads\\slide\\nexframework\\tests\\Phase3TestSuite.php(68): Tests\\PluginTest->testPluginInfo()\n#1 C:\\Users\\jeans\\Downloads\\slide\\nexframework\\tests\\Phase3TestSuite.php(31): Tests\\Phase3TestSuite->runTestClass('PluginTest', 'Plugin System T...')\n#2 C:\\Users\\jeans\\Downloads\\slide\\nexframework\\tests\\Phase3TestSuite.php(284): Tests\\Phase3TestSuite->runAllTests()\n#3 {main}"}
[2025-06-05 14:49:17] error: Exception: Call to undefined method Nexa\Plugins\PluginManager::isPluginActive() in C:\Users\jeans\Downloads\slide\nexframework\tests\PluginTest.php:115 {"exception":"Error","file":"C:\\Users\\jeans\\Downloads\\slide\\nexframework\\tests\\PluginTest.php","line":115,"trace":"#0 C:\\Users\\jeans\\Downloads\\slide\\nexframework\\tests\\Phase3TestSuite.php(68): Tests\\PluginTest->testPluginActivation()\n#1 C:\\Users\\jeans\\Downloads\\slide\\nexframework\\tests\\Phase3TestSuite.php(31): Tests\\Phase3TestSuite->runTestClass('PluginTest', 'Plugin System T...')\n#2 C:\\Users\\jeans\\Downloads\\slide\\nexframework\\tests\\Phase3TestSuite.php(284): Tests\\Phase3TestSuite->runAllTests()\n#3 {main}"}
[2025-06-05 14:50:58] error: Exception: Call to undefined method Nexa\Plugins\PluginManager::getActivePlugins() in C:\Users\jeans\Downloads\slide\nexframework\tests\PluginTest.php:182 {"exception":"Error","file":"C:\\Users\\jeans\\Downloads\\slide\\nexframework\\tests\\PluginTest.php","line":182,"trace":"#0 C:\\Users\\jeans\\Downloads\\slide\\nexframework\\tests\\Phase3TestSuite.php(68): Tests\\PluginTest->testPluginHooks()\n#1 C:\\Users\\jeans\\Downloads\\slide\\nexframework\\tests\\Phase3TestSuite.php(31): Tests\\Phase3TestSuite->runTestClass('PluginTest', 'Plugin System T...')\n#2 C:\\Users\\jeans\\Downloads\\slide\\nexframework\\tests\\Phase3TestSuite.php(284): Tests\\Phase3TestSuite->runAllTests()\n#3 {main}"}
[2025-06-05 14:53:13] error: Exception: Call to undefined method Nexa\Plugins\PluginManager::updatePlugin() in C:\Users\jeans\Downloads\slide\nexframework\tests\PluginTest.php:211 {"exception":"Error","file":"C:\\Users\\jeans\\Downloads\\slide\\nexframework\\tests\\PluginTest.php","line":211,"trace":"#0 C:\\Users\\jeans\\Downloads\\slide\\nexframework\\tests\\Phase3TestSuite.php(68): Tests\\PluginTest->testPluginUpdate()\n#1 C:\\Users\\jeans\\Downloads\\slide\\nexframework\\tests\\Phase3TestSuite.php(31): Tests\\Phase3TestSuite->runTestClass('PluginTest', 'Plugin System T...')\n#2 C:\\Users\\jeans\\Downloads\\slide\\nexframework\\tests\\Phase3TestSuite.php(284): Tests\\Phase3TestSuite->runAllTests()\n#3 {main}"}
[2025-06-05 14:54:20] error: Exception: Too few arguments to function Nexa\Plugins\Plugin::update(), 1 passed in C:\Users\jeans\Downloads\slide\nexframework\src\Plugins\PluginManager.php on line 469 and exactly 2 expected in C:\Users\jeans\Downloads\slide\nexframework\src\Plugins\Plugin.php:153 {"exception":"ArgumentCountError","file":"C:\\Users\\jeans\\Downloads\\slide\\nexframework\\src\\Plugins\\Plugin.php","line":153,"trace":"#0 C:\\Users\\jeans\\Downloads\\slide\\nexframework\\src\\Plugins\\PluginManager.php(469): Nexa\\Plugins\\Plugin->update('1.1.0')\n#1 C:\\Users\\jeans\\Downloads\\slide\\nexframework\\tests\\PluginTest.php(211): Nexa\\Plugins\\PluginManager->updatePlugin('TestPlugin', '1.1.0')\n#2 C:\\Users\\jeans\\Downloads\\slide\\nexframework\\tests\\Phase3TestSuite.php(68): Tests\\PluginTest->testPluginUpdate()\n#3 C:\\Users\\jeans\\Downloads\\slide\\nexframework\\tests\\Phase3TestSuite.php(31): Tests\\Phase3TestSuite->runTestClass('PluginTest', 'Plugin System T...')\n#4 C:\\Users\\jeans\\Downloads\\slide\\nexframework\\tests\\Phase3TestSuite.php(284): Tests\\Phase3TestSuite->runAllTests()\n#5 {main}"}
[2025-06-05 14:55:53] error: Exception: Class "Nexa\Modules\ModuleManager" not found in C:\Users\jeans\Downloads\slide\nexframework\tests\ModuleTest.php:19 {"exception":"Error","file":"C:\\Users\\jeans\\Downloads\\slide\\nexframework\\tests\\ModuleTest.php","line":19,"trace":"#0 C:\\Users\\jeans\\Downloads\\slide\\nexframework\\tests\\Phase3TestSuite.php(64): Tests\\ModuleTest->setUp()\n#1 C:\\Users\\jeans\\Downloads\\slide\\nexframework\\tests\\Phase3TestSuite.php(31): Tests\\Phase3TestSuite->runTestClass('ModuleTest', 'Module System T...')\n#2 C:\\Users\\jeans\\Downloads\\slide\\nexframework\\tests\\Phase3TestSuite.php(284): Tests\\Phase3TestSuite->runAllTests()\n#3 {main}"}
[2025-06-05 15:12:29] error: Exception: Class "Nexa\Modules\ModuleManager" not found in C:\Users\jeans\Downloads\slide\nexframework\tests\ModuleTest.php:19 {"exception":"Error","file":"C:\\Users\\jeans\\Downloads\\slide\\nexframework\\tests\\ModuleTest.php","line":19,"trace":"#0 C:\\Users\\jeans\\Downloads\\slide\\nexframework\\tests\\Phase3TestSuite.php(64): Tests\\ModuleTest->setUp()\n#1 C:\\Users\\jeans\\Downloads\\slide\\nexframework\\tests\\Phase3TestSuite.php(31): Tests\\Phase3TestSuite->runTestClass('ModuleTest', 'Module System T...')\n#2 C:\\Users\\jeans\\Downloads\\slide\\nexframework\\tests\\Phase3TestSuite.php(284): Tests\\Phase3TestSuite->runAllTests()\n#3 {main}"}
[2025-06-05 15:14:56] error: Exception: Class "Nexa\Modules\ModuleManager" not found in C:\Users\jeans\Downloads\slide\nexframework\tests\ModuleTest.php:19 {"exception":"Error","file":"C:\\Users\\jeans\\Downloads\\slide\\nexframework\\tests\\ModuleTest.php","line":19,"trace":"#0 C:\\Users\\jeans\\Downloads\\slide\\nexframework\\tests\\Phase3TestSuite.php(64): Tests\\ModuleTest->setUp()\n#1 C:\\Users\\jeans\\Downloads\\slide\\nexframework\\tests\\Phase3TestSuite.php(31): Tests\\Phase3TestSuite->runTestClass('ModuleTest', 'Module System T...')\n#2 C:\\Users\\jeans\\Downloads\\slide\\nexframework\\tests\\Phase3TestSuite.php(284): Tests\\Phase3TestSuite->runAllTests()\n#3 {main}"}
[2025-06-05 15:16:43] error: Exception: Call to undefined method Nexa\Modules\ModuleManager::getLoadedModules() in C:\Users\jeans\Downloads\slide\nexframework\tests\ModuleTest.php:175 {"exception":"Error","file":"C:\\Users\\jeans\\Downloads\\slide\\nexframework\\tests\\ModuleTest.php","line":175,"trace":"#0 C:\\Users\\jeans\\Downloads\\slide\\nexframework\\tests\\Phase3TestSuite.php(68): Tests\\ModuleTest->testModuleManagerInitialization()\n#1 C:\\Users\\jeans\\Downloads\\slide\\nexframework\\tests\\Phase3TestSuite.php(31): Tests\\Phase3TestSuite->runTestClass('ModuleTest', 'Module System T...')\n#2 C:\\Users\\jeans\\Downloads\\slide\\nexframework\\tests\\Phase3TestSuite.php(284): Tests\\Phase3TestSuite->runAllTests()\n#3 {main}"}
[2025-06-05 15:17:56] error: Exception: Call to protected method Nexa\Modules\ModuleManager::discoverModules() from scope Tests\ModuleTest in C:\Users\jeans\Downloads\slide\nexframework\tests\ModuleTest.php:181 {"exception":"Error","file":"C:\\Users\\jeans\\Downloads\\slide\\nexframework\\tests\\ModuleTest.php","line":181,"trace":"#0 C:\\Users\\jeans\\Downloads\\slide\\nexframework\\tests\\Phase3TestSuite.php(68): Tests\\ModuleTest->testModuleDiscovery()\n#1 C:\\Users\\jeans\\Downloads\\slide\\nexframework\\tests\\Phase3TestSuite.php(31): Tests\\Phase3TestSuite->runTestClass('ModuleTest', 'Module System T...')\n#2 C:\\Users\\jeans\\Downloads\\slide\\nexframework\\tests\\Phase3TestSuite.php(284): Tests\\Phase3TestSuite->runAllTests()\n#3 {main}"}
[2025-06-05 15:20:23] error: Error [2]: Trying to access array offset on value of type null in C:\Users\jeans\Downloads\slide\nexframework\src\Modules\ModuleManager.php:186
[2025-06-05 15:20:23] error: Exception: Call to a member function get() on null in C:\Users\jeans\Downloads\slide\nexframework\src\Modules\ModuleManager.php:186 {"exception":"Error","file":"C:\\Users\\jeans\\Downloads\\slide\\nexframework\\src\\Modules\\ModuleManager.php","line":186,"trace":"#0 C:\\Users\\jeans\\Downloads\\slide\\nexframework\\src\\Modules\\ModuleManager.php(134): Nexa\\Modules\\ModuleManager->findModuleClass('C:\\\\Users\\\\jeans\\\\...')\n#1 C:\\Users\\jeans\\Downloads\\slide\\nexframework\\tests\\ModuleTest.php(181): Nexa\\Modules\\ModuleManager->discoverModules('C:\\\\Users\\\\jeans\\\\...')\n#2 C:\\Users\\jeans\\Downloads\\slide\\nexframework\\tests\\Phase3TestSuite.php(68): Tests\\ModuleTest->testModuleDiscovery()\n#3 C:\\Users\\jeans\\Downloads\\slide\\nexframework\\tests\\Phase3TestSuite.php(31): Tests\\Phase3TestSuite->runTestClass('ModuleTest', 'Module System T...')\n#4 C:\\Users\\jeans\\Downloads\\slide\\nexframework\\tests\\Phase3TestSuite.php(284): Tests\\Phase3TestSuite->runAllTests()\n#5 {main}"}
[2025-06-05 15:21:45] error: Error [2]: Trying to access array offset on value of type null in C:\Users\jeans\Downloads\slide\nexframework\src\Modules\ModuleManager.php:94
[2025-06-05 15:21:45] error: Exception: Call to a member function get() on null in C:\Users\jeans\Downloads\slide\nexframework\src\Modules\ModuleManager.php:94 {"exception":"Error","file":"C:\\Users\\jeans\\Downloads\\slide\\nexframework\\src\\Modules\\ModuleManager.php","line":94,"trace":"#0 C:\\Users\\jeans\\Downloads\\slide\\nexframework\\tests\\ModuleTest.php(191): Nexa\\Modules\\ModuleManager->loadModules()\n#1 C:\\Users\\jeans\\Downloads\\slide\\nexframework\\tests\\Phase3TestSuite.php(68): Tests\\ModuleTest->testModuleLoading()\n#2 C:\\Users\\jeans\\Downloads\\slide\\nexframework\\tests\\Phase3TestSuite.php(31): Tests\\Phase3TestSuite->runTestClass('ModuleTest', 'Module System T...')\n#3 C:\\Users\\jeans\\Downloads\\slide\\nexframework\\tests\\Phase3TestSuite.php(284): Tests\\Phase3TestSuite->runAllTests()\n#4 {main}"}
[2025-06-05 15:22:29] error: Error [2]: Trying to access array offset on value of type null in C:\Users\jeans\Downloads\slide\nexframework\src\Modules\ModuleManager.php:94
[2025-06-05 15:22:29] error: Exception: Call to a member function get() on null in C:\Users\jeans\Downloads\slide\nexframework\src\Modules\ModuleManager.php:94 {"exception":"Error","file":"C:\\Users\\jeans\\Downloads\\slide\\nexframework\\src\\Modules\\ModuleManager.php","line":94,"trace":"#0 C:\\Users\\jeans\\Downloads\\slide\\nexframework\\tests\\ModuleTest.php(191): Nexa\\Modules\\ModuleManager->loadModules()\n#1 C:\\Users\\jeans\\Downloads\\slide\\nexframework\\tests\\Phase3TestSuite.php(68): Tests\\ModuleTest->testModuleLoading()\n#2 C:\\Users\\jeans\\Downloads\\slide\\nexframework\\tests\\Phase3TestSuite.php(31): Tests\\Phase3TestSuite->runTestClass('ModuleTest', 'Module System T...')\n#3 C:\\Users\\jeans\\Downloads\\slide\\nexframework\\tests\\Phase3TestSuite.php(284): Tests\\Phase3TestSuite->runAllTests()\n#4 {main}"}
[2025-06-05 15:23:51] error: Error [2]: Trying to access array offset on value of type null in C:\Users\jeans\Downloads\slide\nexframework\src\Modules\ModuleManager.php:104
[2025-06-05 15:23:51] error: Exception: Call to a member function get() on null in C:\Users\jeans\Downloads\slide\nexframework\src\Modules\ModuleManager.php:104 {"exception":"Error","file":"C:\\Users\\jeans\\Downloads\\slide\\nexframework\\src\\Modules\\ModuleManager.php","line":104,"trace":"#0 C:\\Users\\jeans\\Downloads\\slide\\nexframework\\tests\\ModuleTest.php(191): Nexa\\Modules\\ModuleManager->loadModules()\n#1 C:\\Users\\jeans\\Downloads\\slide\\nexframework\\tests\\Phase3TestSuite.php(68): Tests\\ModuleTest->testModuleLoading()\n#2 C:\\Users\\jeans\\Downloads\\slide\\nexframework\\tests\\Phase3TestSuite.php(31): Tests\\Phase3TestSuite->runTestClass('ModuleTest', 'Module System T...')\n#3 C:\\Users\\jeans\\Downloads\\slide\\nexframework\\tests\\Phase3TestSuite.php(284): Tests\\Phase3TestSuite->runAllTests()\n#4 {main}"}
[2025-06-05 15:25:17] error: Exception: Call to a member function getName() on null in C:\Users\jeans\Downloads\slide\nexframework\tests\ModuleTest.php:230 {"exception":"Error","file":"C:\\Users\\jeans\\Downloads\\slide\\nexframework\\tests\\ModuleTest.php","line":230,"trace":"#0 C:\\Users\\jeans\\Downloads\\slide\\nexframework\\tests\\Phase3TestSuite.php(68): Tests\\ModuleTest->testModuleInfo()\n#1 C:\\Users\\jeans\\Downloads\\slide\\nexframework\\tests\\Phase3TestSuite.php(31): Tests\\Phase3TestSuite->runTestClass('ModuleTest', 'Module System T...')\n#2 C:\\Users\\jeans\\Downloads\\slide\\nexframework\\tests\\Phase3TestSuite.php(284): Tests\\Phase3TestSuite->runAllTests()\n#3 {main}"}
[2025-06-05 15:28:45] error: Exception: Call to a member function getName() on null in C:\Users\jeans\Downloads\slide\nexframework\tests\ModuleTest.php:230 {"exception":"Error","file":"C:\\Users\\jeans\\Downloads\\slide\\nexframework\\tests\\ModuleTest.php","line":230,"trace":"#0 C:\\Users\\jeans\\Downloads\\slide\\nexframework\\tests\\Phase3TestSuite.php(68): Tests\\ModuleTest->testModuleInfo()\n#1 C:\\Users\\jeans\\Downloads\\slide\\nexframework\\tests\\Phase3TestSuite.php(31): Tests\\Phase3TestSuite->runTestClass('ModuleTest', 'Module System T...')\n#2 C:\\Users\\jeans\\Downloads\\slide\\nexframework\\tests\\Phase3TestSuite.php(284): Tests\\Phase3TestSuite->runAllTests()\n#3 {main}"}
[2025-06-05 15:30:09] error: Exception: Call to a member function getName() on null in C:\Users\jeans\Downloads\slide\nexframework\tests\ModuleTest.php:230 {"exception":"Error","file":"C:\\Users\\jeans\\Downloads\\slide\\nexframework\\tests\\ModuleTest.php","line":230,"trace":"#0 C:\\Users\\jeans\\Downloads\\slide\\nexframework\\tests\\Phase3TestSuite.php(68): Tests\\ModuleTest->testModuleInfo()\n#1 C:\\Users\\jeans\\Downloads\\slide\\nexframework\\tests\\Phase3TestSuite.php(31): Tests\\Phase3TestSuite->runTestClass('ModuleTest', 'Module System T...')\n#2 C:\\Users\\jeans\\Downloads\\slide\\nexframework\\tests\\Phase3TestSuite.php(284): Tests\\Phase3TestSuite->runAllTests()\n#3 {main}"}
[2025-06-05 15:36:42] error: Exception: Nexa\Modules\Module::__construct(): Argument #1 ($app) must be of type Nexa\Core\Application, null given, called in C:\Users\jeans\Downloads\slide\nexframework\src\Modules\ModuleManager.php on line 138 in C:\Users\jeans\Downloads\slide\nexframework\src\Modules\Module.php:78 {"exception":"TypeError","file":"C:\\Users\\jeans\\Downloads\\slide\\nexframework\\src\\Modules\\Module.php","line":78,"trace":"#0 C:\\Users\\jeans\\Downloads\\slide\\nexframework\\src\\Modules\\ModuleManager.php(138): Nexa\\Modules\\Module->__construct(NULL)\n#1 C:\\Users\\jeans\\Downloads\\slide\\nexframework\\tests\\ModuleTest.php(181): Nexa\\Modules\\ModuleManager->discoverModules('C:\\\\Users\\\\jeans\\\\...')\n#2 C:\\Users\\jeans\\Downloads\\slide\\nexframework\\tests\\Phase3TestSuite.php(68): Tests\\ModuleTest->testModuleDiscovery()\n#3 C:\\Users\\jeans\\Downloads\\slide\\nexframework\\tests\\Phase3TestSuite.php(31): Tests\\Phase3TestSuite->runTestClass('ModuleTest', 'Module System T...')\n#4 C:\\Users\\jeans\\Downloads\\slide\\nexframework\\tests\\Phase3TestSuite.php(284): Tests\\Phase3TestSuite->runAllTests()\n#5 {main}"}
[2025-06-05 15:39:18] error: Error [2]: rmdir(C:\Users\jeans\Downloads\slide\nexframework\tests/fixtures/TestPlugin): Directory not empty in C:\Users\jeans\Downloads\slide\nexframework\tests\PluginTest.php:45
[2025-06-05 15:39:18] error: Error [2]: Trying to access array offset on value of type null in C:\Users\jeans\Downloads\slide\nexframework\src\Modules\Module.php:118
[2025-06-05 15:39:18] error: Exception: Call to a member function get() on null in C:\Users\jeans\Downloads\slide\nexframework\src\Modules\Module.php:118 {"exception":"Error","file":"C:\\Users\\jeans\\Downloads\\slide\\nexframework\\src\\Modules\\Module.php","line":118,"trace":"#0 C:\\Users\\jeans\\Downloads\\slide\\nexframework\\src\\Modules\\ModuleManager.php(354): Nexa\\Modules\\Module->activate()\n#1 C:\\Users\\jeans\\Downloads\\slide\\nexframework\\tests\\ModuleTest.php(213): Nexa\\Modules\\ModuleManager->activateModule('TestModule')\n#2 C:\\Users\\jeans\\Downloads\\slide\\nexframework\\tests\\Phase3TestSuite.php(68): Tests\\ModuleTest->testModuleActivation()\n#3 C:\\Users\\jeans\\Downloads\\slide\\nexframework\\tests\\Phase3TestSuite.php(31): Tests\\Phase3TestSuite->runTestClass('ModuleTest', 'Module System T...')\n#4 C:\\Users\\jeans\\Downloads\\slide\\nexframework\\tests\\Phase3TestSuite.php(284): Tests\\Phase3TestSuite->runAllTests()\n#5 {main}"}
[2025-06-05 15:41:05] error: Error [2]: Undefined variable $router in C:\Users\jeans\Downloads\slide\nexframework\tests\fixtures\TestModule\Routes\web.php:3
[2025-06-05 15:41:05] error: Exception: Call to a member function get() on null in C:\Users\jeans\Downloads\slide\nexframework\tests\fixtures\TestModule\Routes\web.php:3 {"exception":"Error","file":"C:\\Users\\jeans\\Downloads\\slide\\nexframework\\tests\\fixtures\\TestModule\\Routes\\web.php","line":3,"trace":"#0 C:\\Users\\jeans\\Downloads\\slide\\nexframework\\src\\Modules\\Module.php(225): require_once()\n#1 C:\\Users\\jeans\\Downloads\\slide\\nexframework\\src\\Modules\\ModuleManager.php(322): Nexa\\Modules\\Module->loadRoutes()\n#2 C:\\Users\\jeans\\Downloads\\slide\\nexframework\\src\\Modules\\ModuleManager.php(359): Nexa\\Modules\\ModuleManager->loadModuleResources(Object(TestModule))\n#3 C:\\Users\\jeans\\Downloads\\slide\\nexframework\\tests\\ModuleTest.php(225): Nexa\\Modules\\ModuleManager->activateModule('TestModule')\n#4 C:\\Users\\jeans\\Downloads\\slide\\nexframework\\tests\\Phase3TestSuite.php(68): Tests\\ModuleTest->testModuleActivation()\n#5 C:\\Users\\jeans\\Downloads\\slide\\nexframework\\tests\\Phase3TestSuite.php(31): Tests\\Phase3TestSuite->runTestClass('ModuleTest', 'Module System T...')\n#6 C:\\Users\\jeans\\Downloads\\slide\\nexframework\\tests\\Phase3TestSuite.php(284): Tests\\Phase3TestSuite->runAllTests()\n#7 {main}"}
[2025-06-05 15:42:00] error: Error [2]: Trying to access array offset on value of type null in C:\Users\jeans\Downloads\slide\nexframework\src\Modules\Module.php:240
[2025-06-05 15:42:00] error: Exception: Call to a member function addNamespace() on null in C:\Users\jeans\Downloads\slide\nexframework\src\Modules\Module.php:240 {"exception":"Error","file":"C:\\Users\\jeans\\Downloads\\slide\\nexframework\\src\\Modules\\Module.php","line":240,"trace":"#0 C:\\Users\\jeans\\Downloads\\slide\\nexframework\\src\\Modules\\ModuleManager.php(325): Nexa\\Modules\\Module->loadViews()\n#1 C:\\Users\\jeans\\Downloads\\slide\\nexframework\\src\\Modules\\ModuleManager.php(359): Nexa\\Modules\\ModuleManager->loadModuleResources(Object(TestModule))\n#2 C:\\Users\\jeans\\Downloads\\slide\\nexframework\\tests\\ModuleTest.php(230): Nexa\\Modules\\ModuleManager->activateModule('TestModule')\n#3 C:\\Users\\jeans\\Downloads\\slide\\nexframework\\tests\\Phase3TestSuite.php(68): Tests\\ModuleTest->testModuleActivation()\n#4 C:\\Users\\jeans\\Downloads\\slide\\nexframework\\tests\\Phase3TestSuite.php(31): Tests\\Phase3TestSuite->runTestClass('ModuleTest', 'Module System T...')\n#5 C:\\Users\\jeans\\Downloads\\slide\\nexframework\\tests\\Phase3TestSuite.php(284): Tests\\Phase3TestSuite->runAllTests()\n#6 {main}"}
[2025-06-05 15:48:43] error: Exception: Call to undefined method Nexa\Modules\ModuleManager@anonymous::isModuleActive() in C:\Users\jeans\Downloads\slide\nexframework\tests\ModuleTest.php:292 {"exception":"Error","file":"C:\\Users\\jeans\\Downloads\\slide\\nexframework\\tests\\ModuleTest.php","line":292,"trace":"#0 C:\\Users\\jeans\\Downloads\\slide\\nexframework\\tests\\Phase3TestSuite.php(68): Tests\\ModuleTest->testModuleActivation()\n#1 C:\\Users\\jeans\\Downloads\\slide\\nexframework\\tests\\Phase3TestSuite.php(31): Tests\\Phase3TestSuite->runTestClass('ModuleTest', 'Module System T...')\n#2 C:\\Users\\jeans\\Downloads\\slide\\nexframework\\tests\\Phase3TestSuite.php(284): Tests\\Phase3TestSuite->runAllTests()\n#3 {main}"}
[2025-06-05 15:51:05] error: Exception: Call to undefined method TestModule::hasRoutes() in C:\Users\jeans\Downloads\slide\nexframework\tests\ModuleTest.php:334 {"exception":"Error","file":"C:\\Users\\jeans\\Downloads\\slide\\nexframework\\tests\\ModuleTest.php","line":334,"trace":"#0 C:\\Users\\jeans\\Downloads\\slide\\nexframework\\tests\\Phase3TestSuite.php(68): Tests\\ModuleTest->testModuleRouteLoading()\n#1 C:\\Users\\jeans\\Downloads\\slide\\nexframework\\tests\\Phase3TestSuite.php(31): Tests\\Phase3TestSuite->runTestClass('ModuleTest', 'Module System T...')\n#2 C:\\Users\\jeans\\Downloads\\slide\\nexframework\\tests\\Phase3TestSuite.php(284): Tests\\Phase3TestSuite->runAllTests()\n#3 {main}"}
[2025-06-05 15:52:57] error: Exception: Call to undefined method TestModule::getMigrations() in C:\Users\jeans\Downloads\slide\nexframework\tests\ModuleTest.php:350 {"exception":"Error","file":"C:\\Users\\jeans\\Downloads\\slide\\nexframework\\tests\\ModuleTest.php","line":350,"trace":"#0 C:\\Users\\jeans\\Downloads\\slide\\nexframework\\tests\\Phase3TestSuite.php(68): Tests\\ModuleTest->testModuleMigrations()\n#1 C:\\Users\\jeans\\Downloads\\slide\\nexframework\\tests\\Phase3TestSuite.php(31): Tests\\Phase3TestSuite->runTestClass('ModuleTest', 'Module System T...')\n#2 C:\\Users\\jeans\\Downloads\\slide\\nexframework\\tests\\Phase3TestSuite.php(284): Tests\\Phase3TestSuite->runAllTests()\n#3 {main}"}
[2025-06-05 15:54:29] error: Exception: syntax error, unexpected integer "2023_01_01_000000" in C:\Users\jeans\Downloads\slide\nexframework\tests\ModuleTest.php:172 {"exception":"ParseError","file":"C:\\Users\\jeans\\Downloads\\slide\\nexframework\\tests\\ModuleTest.php","line":172,"trace":"#0 C:\\Users\\jeans\\Downloads\\slide\\nexframework\\vendor\\composer\\ClassLoader.php(427): Composer\\Autoload\\{closure}('C:\\\\Users\\\\jeans\\\\...')\n#1 [internal function]: Composer\\Autoload\\ClassLoader->loadClass('Tests\\\\ModuleTes...')\n#2 C:\\Users\\jeans\\Downloads\\slide\\nexframework\\tests\\Phase3TestSuite.php(45): class_exists('Tests\\\\ModuleTes...')\n#3 C:\\Users\\jeans\\Downloads\\slide\\nexframework\\tests\\Phase3TestSuite.php(31): Tests\\Phase3TestSuite->runTestClass('ModuleTest', 'Module System T...')\n#4 C:\\Users\\jeans\\Downloads\\slide\\nexframework\\tests\\Phase3TestSuite.php(284): Tests\\Phase3TestSuite->runAllTests()\n#5 {main}"}
[2025-06-05 15:56:11] error: Exception: syntax error, unexpected integer "2023_01_01_000000" in C:\Users\jeans\Downloads\slide\nexframework\tests\ModuleTest.php:172 {"exception":"ParseError","file":"C:\\Users\\jeans\\Downloads\\slide\\nexframework\\tests\\ModuleTest.php","line":172,"trace":"#0 C:\\Users\\jeans\\Downloads\\slide\\nexframework\\vendor\\composer\\ClassLoader.php(427): Composer\\Autoload\\{closure}('C:\\\\Users\\\\jeans\\\\...')\n#1 [internal function]: Composer\\Autoload\\ClassLoader->loadClass('Tests\\\\ModuleTes...')\n#2 C:\\Users\\jeans\\Downloads\\slide\\nexframework\\tests\\Phase3TestSuite.php(45): class_exists('Tests\\\\ModuleTes...')\n#3 C:\\Users\\jeans\\Downloads\\slide\\nexframework\\tests\\Phase3TestSuite.php(31): Tests\\Phase3TestSuite->runTestClass('ModuleTest', 'Module System T...')\n#4 C:\\Users\\jeans\\Downloads\\slide\\nexframework\\tests\\Phase3TestSuite.php(284): Tests\\Phase3TestSuite->runAllTests()\n#5 {main}"}
[2025-06-05 15:57:29] error: Exception: syntax error, unexpected integer "2023_01_01_000000" in C:\Users\jeans\Downloads\slide\nexframework\tests\ModuleTest.php:172 {"exception":"ParseError","file":"C:\\Users\\jeans\\Downloads\\slide\\nexframework\\tests\\ModuleTest.php","line":172,"trace":"#0 C:\\Users\\jeans\\Downloads\\slide\\nexframework\\vendor\\composer\\ClassLoader.php(427): Composer\\Autoload\\{closure}('C:\\\\Users\\\\jeans\\\\...')\n#1 [internal function]: Composer\\Autoload\\ClassLoader->loadClass('Tests\\\\ModuleTes...')\n#2 C:\\Users\\jeans\\Downloads\\slide\\nexframework\\tests\\Phase3TestSuite.php(45): class_exists('Tests\\\\ModuleTes...')\n#3 C:\\Users\\jeans\\Downloads\\slide\\nexframework\\tests\\Phase3TestSuite.php(31): Tests\\Phase3TestSuite->runTestClass('ModuleTest', 'Module System T...')\n#4 C:\\Users\\jeans\\Downloads\\slide\\nexframework\\tests\\Phase3TestSuite.php(284): Tests\\Phase3TestSuite->runAllTests()\n#5 {main}"}
[2025-06-05 15:58:15] error: Exception: syntax error, unexpected identifier "name" in C:\Users\jeans\Downloads\slide\nexframework\tests\ModuleTest.php:178 {"exception":"ParseError","file":"C:\\Users\\jeans\\Downloads\\slide\\nexframework\\tests\\ModuleTest.php","line":178,"trace":"#0 C:\\Users\\jeans\\Downloads\\slide\\nexframework\\vendor\\composer\\ClassLoader.php(427): Composer\\Autoload\\{closure}('C:\\\\Users\\\\jeans\\\\...')\n#1 [internal function]: Composer\\Autoload\\ClassLoader->loadClass('Tests\\\\ModuleTes...')\n#2 C:\\Users\\jeans\\Downloads\\slide\\nexframework\\tests\\Phase3TestSuite.php(45): class_exists('Tests\\\\ModuleTes...')\n#3 C:\\Users\\jeans\\Downloads\\slide\\nexframework\\tests\\Phase3TestSuite.php(31): Tests\\Phase3TestSuite->runTestClass('ModuleTest', 'Module System T...')\n#4 C:\\Users\\jeans\\Downloads\\slide\\nexframework\\tests\\Phase3TestSuite.php(284): Tests\\Phase3TestSuite->runAllTests()\n#5 {main}"}
[2025-06-05 15:59:04] error: Exception: Call to undefined method Nexa\Modules\ModuleManager@anonymous::isModuleInstalled() in C:\Users\jeans\Downloads\slide\nexframework\tests\ModuleTest.php:404 {"exception":"Error","file":"C:\\Users\\jeans\\Downloads\\slide\\nexframework\\tests\\ModuleTest.php","line":404,"trace":"#0 C:\\Users\\jeans\\Downloads\\slide\\nexframework\\tests\\Phase3TestSuite.php(68): Tests\\ModuleTest->testModuleUninstallation()\n#1 C:\\Users\\jeans\\Downloads\\slide\\nexframework\\tests\\Phase3TestSuite.php(31): Tests\\Phase3TestSuite->runTestClass('ModuleTest', 'Module System T...')\n#2 C:\\Users\\jeans\\Downloads\\slide\\nexframework\\tests\\Phase3TestSuite.php(284): Tests\\Phase3TestSuite->runAllTests()\n#3 {main}"}
[2025-06-05 16:00:29] error: Exception: Call to undefined method TestModule::getNamespace() in C:\Users\jeans\Downloads\slide\nexframework\tests\ModuleTest.php:462 {"exception":"Error","file":"C:\\Users\\jeans\\Downloads\\slide\\nexframework\\tests\\ModuleTest.php","line":462,"trace":"#0 C:\\Users\\jeans\\Downloads\\slide\\nexframework\\tests\\Phase3TestSuite.php(68): Tests\\ModuleTest->testModuleNamespacing()\n#1 C:\\Users\\jeans\\Downloads\\slide\\nexframework\\tests\\Phase3TestSuite.php(31): Tests\\Phase3TestSuite->runTestClass('ModuleTest', 'Module System T...')\n#2 C:\\Users\\jeans\\Downloads\\slide\\nexframework\\tests\\Phase3TestSuite.php(284): Tests\\Phase3TestSuite->runAllTests()\n#3 {main}"}
[2025-06-05 16:01:52] error: Error [2]: Trying to access array offset on value of type null in C:\Users\jeans\Downloads\slide\nexframework\src\Modules\Module.php:285
[2025-06-05 16:01:52] error: Exception: Call to a member function get() on null in C:\Users\jeans\Downloads\slide\nexframework\src\Modules\Module.php:285 {"exception":"Error","file":"C:\\Users\\jeans\\Downloads\\slide\\nexframework\\src\\Modules\\Module.php","line":285,"trace":"#0 C:\\Users\\jeans\\Downloads\\slide\\nexframework\\tests\\ModuleTest.php(481): Nexa\\Modules\\Module->publishAssets()\n#1 C:\\Users\\jeans\\Downloads\\slide\\nexframework\\tests\\Phase3TestSuite.php(68): Tests\\ModuleTest->testModuleAssetPublishing()\n#2 C:\\Users\\jeans\\Downloads\\slide\\nexframework\\tests\\Phase3TestSuite.php(31): Tests\\Phase3TestSuite->runTestClass('ModuleTest', 'Module System T...')\n#3 C:\\Users\\jeans\\Downloads\\slide\\nexframework\\tests\\Phase3TestSuite.php(284): Tests\\Phase3TestSuite->runAllTests()\n#4 {main}"}
[2025-06-05 16:05:04] error: Exception: Class "Nexa\GraphQL\Type" not found in C:\Users\jeans\Downloads\slide\nexframework\tests\GraphQLTest.php:311 {"exception":"Error","file":"C:\\Users\\jeans\\Downloads\\slide\\nexframework\\tests\\GraphQLTest.php","line":311,"trace":"#0 C:\\Users\\jeans\\Downloads\\slide\\nexframework\\vendor\\composer\\ClassLoader.php(576): include()\n#1 C:\\Users\\jeans\\Downloads\\slide\\nexframework\\vendor\\composer\\ClassLoader.php(427): Composer\\Autoload\\{closure}('C:\\\\Users\\\\jeans\\\\...')\n#2 [internal function]: Composer\\Autoload\\ClassLoader->loadClass('Tests\\\\GraphQLTe...')\n#3 C:\\Users\\jeans\\Downloads\\slide\\nexframework\\tests\\Phase3TestSuite.php(45): class_exists('Tests\\\\GraphQLTe...')\n#4 C:\\Users\\jeans\\Downloads\\slide\\nexframework\\tests\\Phase3TestSuite.php(31): Tests\\Phase3TestSuite->runTestClass('GraphQLTest', 'GraphQL System ...')\n#5 C:\\Users\\jeans\\Downloads\\slide\\nexframework\\tests\\Phase3TestSuite.php(284): Tests\\Phase3TestSuite->runAllTests()\n#6 {main}"}
[2025-06-05 16:06:57] error: Exception: Class "Nexa\GraphQL\Type" not found in C:\Users\jeans\Downloads\slide\nexframework\tests\GraphQLTest.php:311 {"exception":"Error","file":"C:\\Users\\jeans\\Downloads\\slide\\nexframework\\tests\\GraphQLTest.php","line":311,"trace":"#0 C:\\Users\\jeans\\Downloads\\slide\\nexframework\\vendor\\composer\\ClassLoader.php(576): include()\n#1 C:\\Users\\jeans\\Downloads\\slide\\nexframework\\vendor\\composer\\ClassLoader.php(427): Composer\\Autoload\\{closure}('C:\\\\Users\\\\jeans\\\\...')\n#2 [internal function]: Composer\\Autoload\\ClassLoader->loadClass('Tests\\\\GraphQLTe...')\n#3 C:\\Users\\jeans\\Downloads\\slide\\nexframework\\tests\\Phase3TestSuite.php(45): class_exists('Tests\\\\GraphQLTe...')\n#4 C:\\Users\\jeans\\Downloads\\slide\\nexframework\\tests\\Phase3TestSuite.php(31): Tests\\Phase3TestSuite->runTestClass('GraphQLTest', 'GraphQL System ...')\n#5 C:\\Users\\jeans\\Downloads\\slide\\nexframework\\tests\\Phase3TestSuite.php(284): Tests\\Phase3TestSuite->runAllTests()\n#6 {main}"}
[2025-06-05 16:07:40] error: Exception: Class "Nexa\GraphQL\Type" not found in C:\Users\jeans\Downloads\slide\nexframework\tests\GraphQLTest.php:311 {"exception":"Error","file":"C:\\Users\\jeans\\Downloads\\slide\\nexframework\\tests\\GraphQLTest.php","line":311,"trace":"#0 C:\\Users\\jeans\\Downloads\\slide\\nexframework\\vendor\\composer\\ClassLoader.php(576): include()\n#1 C:\\Users\\jeans\\Downloads\\slide\\nexframework\\vendor\\composer\\ClassLoader.php(427): Composer\\Autoload\\{closure}('C:\\\\Users\\\\jeans\\\\...')\n#2 [internal function]: Composer\\Autoload\\ClassLoader->loadClass('Tests\\\\GraphQLTe...')\n#3 C:\\Users\\jeans\\Downloads\\slide\\nexframework\\tests\\Phase3TestSuite.php(45): class_exists('Tests\\\\GraphQLTe...')\n#4 C:\\Users\\jeans\\Downloads\\slide\\nexframework\\tests\\Phase3TestSuite.php(31): Tests\\Phase3TestSuite->runTestClass('GraphQLTest', 'GraphQL System ...')\n#5 C:\\Users\\jeans\\Downloads\\slide\\nexframework\\tests\\Phase3TestSuite.php(284): Tests\\Phase3TestSuite->runAllTests()\n#6 {main}"}
[2025-06-05 16:08:34] error: Exception: Class "Nexa\GraphQL\Type" not found in C:\Users\jeans\Downloads\slide\nexframework\tests\GraphQLTest.php:311 {"exception":"Error","file":"C:\\Users\\jeans\\Downloads\\slide\\nexframework\\tests\\GraphQLTest.php","line":311,"trace":"#0 C:\\Users\\jeans\\Downloads\\slide\\nexframework\\vendor\\composer\\ClassLoader.php(576): include()\n#1 C:\\Users\\jeans\\Downloads\\slide\\nexframework\\vendor\\composer\\ClassLoader.php(427): Composer\\Autoload\\{closure}('C:\\\\Users\\\\jeans\\\\...')\n#2 [internal function]: Composer\\Autoload\\ClassLoader->loadClass('Tests\\\\GraphQLTe...')\n#3 C:\\Users\\jeans\\Downloads\\slide\\nexframework\\tests\\Phase3TestSuite.php(45): class_exists('Tests\\\\GraphQLTe...')\n#4 C:\\Users\\jeans\\Downloads\\slide\\nexframework\\tests\\Phase3TestSuite.php(31): Tests\\Phase3TestSuite->runTestClass('GraphQLTest', 'GraphQL System ...')\n#5 C:\\Users\\jeans\\Downloads\\slide\\nexframework\\tests\\Phase3TestSuite.php(284): Tests\\Phase3TestSuite->runAllTests()\n#6 {main}"}
[2025-06-05 16:08:59] error: Exception: Class "Nexa\GraphQL\Type" not found in C:\Users\jeans\Downloads\slide\nexframework\tests\GraphQLTest.php:311 {"exception":"Error","file":"C:\\Users\\jeans\\Downloads\\slide\\nexframework\\tests\\GraphQLTest.php","line":311,"trace":"#0 C:\\Users\\jeans\\Downloads\\slide\\nexframework\\vendor\\composer\\ClassLoader.php(576): include()\n#1 C:\\Users\\jeans\\Downloads\\slide\\nexframework\\vendor\\composer\\ClassLoader.php(427): Composer\\Autoload\\{closure}('C:\\\\Users\\\\jeans\\\\...')\n#2 [internal function]: Composer\\Autoload\\ClassLoader->loadClass('Tests\\\\GraphQLTe...')\n#3 C:\\Users\\jeans\\Downloads\\slide\\nexframework\\tests\\Phase3TestSuite.php(45): class_exists('Tests\\\\GraphQLTe...')\n#4 C:\\Users\\jeans\\Downloads\\slide\\nexframework\\tests\\Phase3TestSuite.php(31): Tests\\Phase3TestSuite->runTestClass('GraphQLTest', 'GraphQL System ...')\n#5 C:\\Users\\jeans\\Downloads\\slide\\nexframework\\tests\\Phase3TestSuite.php(284): Tests\\Phase3TestSuite->runAllTests()\n#6 {main}"}
[2025-06-05 16:09:08] error: Exception: Class "Nexa\GraphQL\Type" not found in C:\Users\jeans\Downloads\slide\nexframework\tests\GraphQLTest.php:311 {"exception":"Error","file":"C:\\Users\\jeans\\Downloads\\slide\\nexframework\\tests\\GraphQLTest.php","line":311,"trace":"#0 C:\\Users\\jeans\\Downloads\\slide\\nexframework\\vendor\\composer\\ClassLoader.php(576): include()\n#1 C:\\Users\\jeans\\Downloads\\slide\\nexframework\\vendor\\composer\\ClassLoader.php(427): Composer\\Autoload\\{closure}('C:\\\\Users\\\\jeans\\\\...')\n#2 [internal function]: Composer\\Autoload\\ClassLoader->loadClass('Tests\\\\GraphQLTe...')\n#3 C:\\Users\\jeans\\Downloads\\slide\\nexframework\\tests\\Phase3TestSuite.php(45): class_exists('Tests\\\\GraphQLTe...')\n#4 C:\\Users\\jeans\\Downloads\\slide\\nexframework\\tests\\Phase3TestSuite.php(31): Tests\\Phase3TestSuite->runTestClass('GraphQLTest', 'GraphQL System ...')\n#5 C:\\Users\\jeans\\Downloads\\slide\\nexframework\\tests\\Phase3TestSuite.php(284): Tests\\Phase3TestSuite->runAllTests()\n#6 {main}"}
[2025-06-05 16:26:53] error: Exception: Call to undefined method Nexa\GraphQL\GraphQLManager::loadSchema() in C:\Users\jeans\Downloads\slide\nexframework\tests\GraphQLTest.php:59 {"exception":"Error","file":"C:\\Users\\jeans\\Downloads\\slide\\nexframework\\tests\\GraphQLTest.php","line":59,"trace":"#0 C:\\Users\\jeans\\Downloads\\slide\\nexframework\\tests\\Phase3TestSuite.php(68): Tests\\GraphQLTest->testSchemaLoading()\n#1 C:\\Users\\jeans\\Downloads\\slide\\nexframework\\tests\\Phase3TestSuite.php(31): Tests\\Phase3TestSuite->runTestClass('GraphQLTest', 'GraphQL System ...')\n#2 C:\\Users\\jeans\\Downloads\\slide\\nexframework\\tests\\Phase3TestSuite.php(284): Tests\\Phase3TestSuite->runAllTests()\n#3 {main}"}
[2025-06-05 16:27:07] error: Exception: Call to undefined method Nexa\GraphQL\GraphQLManager::loadSchema() in C:\Users\jeans\Downloads\slide\nexframework\tests\GraphQLTest.php:59 {"exception":"Error","file":"C:\\Users\\jeans\\Downloads\\slide\\nexframework\\tests\\GraphQLTest.php","line":59,"trace":"#0 C:\\Users\\jeans\\Downloads\\slide\\nexframework\\tests\\Phase3TestSuite.php(68): Tests\\GraphQLTest->testSchemaLoading()\n#1 C:\\Users\\jeans\\Downloads\\slide\\nexframework\\tests\\Phase3TestSuite.php(31): Tests\\Phase3TestSuite->runTestClass('GraphQLTest', 'GraphQL System ...')\n#2 C:\\Users\\jeans\\Downloads\\slide\\nexframework\\tests\\Phase3TestSuite.php(284): Tests\\Phase3TestSuite->runAllTests()\n#3 {main}"}
[2025-06-05 16:28:48] error: Exception: Call to undefined method Nexa\GraphQL\GraphQLManager::executeQuery() in C:\Users\jeans\Downloads\slide\nexframework\tests\GraphQLTest.php:108 {"exception":"Error","file":"C:\\Users\\jeans\\Downloads\\slide\\nexframework\\tests\\GraphQLTest.php","line":108,"trace":"#0 C:\\Users\\jeans\\Downloads\\slide\\nexframework\\tests\\Phase3TestSuite.php(68): Tests\\GraphQLTest->testSimpleQuery()\n#1 C:\\Users\\jeans\\Downloads\\slide\\nexframework\\tests\\Phase3TestSuite.php(31): Tests\\Phase3TestSuite->runTestClass('GraphQLTest', 'GraphQL System ...')\n#2 C:\\Users\\jeans\\Downloads\\slide\\nexframework\\tests\\Phase3TestSuite.php(284): Tests\\Phase3TestSuite->runAllTests()\n#3 {main}"}
[2025-06-05 16:29:52] error: Exception: Call to undefined method Nexa\GraphQL\GraphQLManager::setMaxQueryComplexity() in C:\Users\jeans\Downloads\slide\nexframework\tests\GraphQLTest.php:178 {"exception":"Error","file":"C:\\Users\\jeans\\Downloads\\slide\\nexframework\\tests\\GraphQLTest.php","line":178,"trace":"#0 C:\\Users\\jeans\\Downloads\\slide\\nexframework\\tests\\Phase3TestSuite.php(68): Tests\\GraphQLTest->testQueryComplexityLimit()\n#1 C:\\Users\\jeans\\Downloads\\slide\\nexframework\\tests\\Phase3TestSuite.php(31): Tests\\Phase3TestSuite->runTestClass('GraphQLTest', 'GraphQL System ...')\n#2 C:\\Users\\jeans\\Downloads\\slide\\nexframework\\tests\\Phase3TestSuite.php(284): Tests\\Phase3TestSuite->runAllTests()\n#3 {main}"}
[2025-06-05 16:31:56] error: Exception: Call to undefined method Nexa\GraphQL\GraphQLManager::setMaxQueryDepth() in C:\Users\jeans\Downloads\slide\nexframework\tests\GraphQLTest.php:209 {"exception":"Error","file":"C:\\Users\\jeans\\Downloads\\slide\\nexframework\\tests\\GraphQLTest.php","line":209,"trace":"#0 C:\\Users\\jeans\\Downloads\\slide\\nexframework\\tests\\Phase3TestSuite.php(68): Tests\\GraphQLTest->testQueryDepthLimit()\n#1 C:\\Users\\jeans\\Downloads\\slide\\nexframework\\tests\\Phase3TestSuite.php(31): Tests\\Phase3TestSuite->runTestClass('GraphQLTest', 'GraphQL System ...')\n#2 C:\\Users\\jeans\\Downloads\\slide\\nexframework\\tests\\Phase3TestSuite.php(284): Tests\\Phase3TestSuite->runAllTests()\n#3 {main}"}
[2025-06-05 16:33:29] info: About page accessed
[2025-06-05 16:33:32] info: Documentation page accessed
[2025-06-05 16:34:28] error: Error [2]: Undefined variable $variables in C:\Users\jeans\Downloads\slide\nexframework\src\Nexa\GraphQL\GraphQLManager.php:393
[2025-06-05 16:34:28] error: Error [2]: Undefined variable $operationName in C:\Users\jeans\Downloads\slide\nexframework\src\Nexa\GraphQL\GraphQLManager.php:393
[2025-06-05 16:34:28] error: Exception: Nexa\GraphQL\GraphQLManager::executeQueryInternal(): Argument #2 ($variables) must be of type array, null given, called in C:\Users\jeans\Downloads\slide\nexframework\src\Nexa\GraphQL\GraphQLManager.php on line 393 in C:\Users\jeans\Downloads\slide\nexframework\src\Nexa\GraphQL\GraphQLManager.php:414 {"exception":"TypeError","file":"C:\\Users\\jeans\\Downloads\\slide\\nexframework\\src\\Nexa\\GraphQL\\GraphQLManager.php","line":414,"trace":"#0 C:\\Users\\jeans\\Downloads\\slide\\nexframework\\src\\Nexa\\GraphQL\\GraphQLManager.php(393): Nexa\\GraphQL\\GraphQLManager->executeQueryInternal('{\\n            u...', NULL, NULL)\n#1 C:\\Users\\jeans\\Downloads\\slide\\nexframework\\src\\Nexa\\GraphQL\\GraphQLManager.php(403): Nexa\\GraphQL\\GraphQLManager->Nexa\\GraphQL\\{closure}('{\\n            u...')\n#2 C:\\Users\\jeans\\Downloads\\slide\\nexframework\\tests\\GraphQLTest.php(108): Nexa\\GraphQL\\GraphQLManager->executeQuery('{\\n            u...')\n#3 C:\\Users\\jeans\\Downloads\\slide\\nexframework\\tests\\Phase3TestSuite.php(68): Tests\\GraphQLTest->testSimpleQuery()\n#4 C:\\Users\\jeans\\Downloads\\slide\\nexframework\\tests\\Phase3TestSuite.php(31): Tests\\Phase3TestSuite->runTestClass('GraphQLTest', 'GraphQL System ...')\n#5 C:\\Users\\jeans\\Downloads\\slide\\nexframework\\tests\\Phase3TestSuite.php(284): Tests\\Phase3TestSuite->runAllTests()\n#6 {main}"}
[2025-06-05 16:34:57] error: Exception: Call to undefined method Nexa\GraphQL\GraphQLManager::getGraphiQLInterface() in C:\Users\jeans\Downloads\slide\nexframework\tests\GraphQLTest.php:285 {"exception":"Error","file":"C:\\Users\\jeans\\Downloads\\slide\\nexframework\\tests\\GraphQLTest.php","line":285,"trace":"#0 C:\\Users\\jeans\\Downloads\\slide\\nexframework\\tests\\Phase3TestSuite.php(68): Tests\\GraphQLTest->testGraphiQLInterface()\n#1 C:\\Users\\jeans\\Downloads\\slide\\nexframework\\tests\\Phase3TestSuite.php(31): Tests\\Phase3TestSuite->runTestClass('GraphQLTest', 'GraphQL System ...')\n#2 C:\\Users\\jeans\\Downloads\\slide\\nexframework\\tests\\Phase3TestSuite.php(284): Tests\\Phase3TestSuite->runAllTests()\n#3 {main}"}
[2025-06-05 16:35:36] error: Exception: Call to undefined method Tests\GraphQLTest::assertIsString() in C:\Users\jeans\Downloads\slide\nexframework\tests\GraphQLTest.php:287 {"exception":"Error","file":"C:\\Users\\jeans\\Downloads\\slide\\nexframework\\tests\\GraphQLTest.php","line":287,"trace":"#0 C:\\Users\\jeans\\Downloads\\slide\\nexframework\\tests\\Phase3TestSuite.php(68): Tests\\GraphQLTest->testGraphiQLInterface()\n#1 C:\\Users\\jeans\\Downloads\\slide\\nexframework\\tests\\Phase3TestSuite.php(31): Tests\\Phase3TestSuite->runTestClass('GraphQLTest', 'GraphQL System ...')\n#2 C:\\Users\\jeans\\Downloads\\slide\\nexframework\\tests\\Phase3TestSuite.php(284): Tests\\Phase3TestSuite->runAllTests()\n#3 {main}"}
[2025-06-05 16:36:02] error: Exception: Call to undefined method Tests\GraphQLTest::assertIsString() in C:\Users\jeans\Downloads\slide\nexframework\tests\GraphQLTest.php:287 {"exception":"Error","file":"C:\\Users\\jeans\\Downloads\\slide\\nexframework\\tests\\GraphQLTest.php","line":287,"trace":"#0 C:\\Users\\jeans\\Downloads\\slide\\nexframework\\tests\\Phase3TestSuite.php(68): Tests\\GraphQLTest->testGraphiQLInterface()\n#1 C:\\Users\\jeans\\Downloads\\slide\\nexframework\\tests\\Phase3TestSuite.php(31): Tests\\Phase3TestSuite->runTestClass('GraphQLTest', 'GraphQL System ...')\n#2 C:\\Users\\jeans\\Downloads\\slide\\nexframework\\tests\\Phase3TestSuite.php(284): Tests\\Phase3TestSuite->runAllTests()\n#3 {main}"}
[2025-06-05 16:36:51] error: Exception: Call to undefined method Nexa\Http\Request::getQueryParams() in C:\Users\jeans\Downloads\slide\nexframework\src\Nexa\GraphQL\GraphQLManager.php:93 {"exception":"Error","file":"C:\\Users\\jeans\\Downloads\\slide\\nexframework\\src\\Nexa\\GraphQL\\GraphQLManager.php","line":93,"trace":"#0 C:\\Users\\jeans\\Downloads\\slide\\nexframework\\tests\\GraphQLTest.php(301): Nexa\\GraphQL\\GraphQLManager->parseRequest(Object(Nexa\\Http\\Request))\n#1 C:\\Users\\jeans\\Downloads\\slide\\nexframework\\tests\\Phase3TestSuite.php(68): Tests\\GraphQLTest->testRequestParsing()\n#2 C:\\Users\\jeans\\Downloads\\slide\\nexframework\\tests\\Phase3TestSuite.php(31): Tests\\Phase3TestSuite->runTestClass('GraphQLTest', 'GraphQL System ...')\n#3 C:\\Users\\jeans\\Downloads\\slide\\nexframework\\tests\\Phase3TestSuite.php(284): Tests\\Phase3TestSuite->runAllTests()\n#4 {main}"}
[2025-06-05 16:38:00] error: Exception: Call to undefined method Nexa\Http\Request::getQueryParams() in C:\Users\jeans\Downloads\slide\nexframework\src\Nexa\GraphQL\GraphQLManager.php:93 {"exception":"Error","file":"C:\\Users\\jeans\\Downloads\\slide\\nexframework\\src\\Nexa\\GraphQL\\GraphQLManager.php","line":93,"trace":"#0 C:\\Users\\jeans\\Downloads\\slide\\nexframework\\tests\\GraphQLTest.php(301): Nexa\\GraphQL\\GraphQLManager->parseRequest(Object(Nexa\\Http\\Request))\n#1 C:\\Users\\jeans\\Downloads\\slide\\nexframework\\tests\\Phase3TestSuite.php(68): Tests\\GraphQLTest->testRequestParsing()\n#2 C:\\Users\\jeans\\Downloads\\slide\\nexframework\\tests\\Phase3TestSuite.php(31): Tests\\Phase3TestSuite->runTestClass('GraphQLTest', 'GraphQL System ...')\n#3 C:\\Users\\jeans\\Downloads\\slide\\nexframework\\tests\\Phase3TestSuite.php(284): Tests\\Phase3TestSuite->runAllTests()\n#4 {main}"}
[2025-06-05 16:40:25] error: Exception: Class "Nexa\WebSockets\WebSocketServer" not found in C:\Users\jeans\Downloads\slide\nexframework\tests\WebSocketTest.php:21 {"exception":"Error","file":"C:\\Users\\jeans\\Downloads\\slide\\nexframework\\tests\\WebSocketTest.php","line":21,"trace":"#0 C:\\Users\\jeans\\Downloads\\slide\\nexframework\\tests\\Phase3TestSuite.php(64): Tests\\WebSocketTest->setUp()\n#1 C:\\Users\\jeans\\Downloads\\slide\\nexframework\\tests\\Phase3TestSuite.php(31): Tests\\Phase3TestSuite->runTestClass('WebSocketTest', 'WebSocket Syste...')\n#2 C:\\Users\\jeans\\Downloads\\slide\\nexframework\\tests\\Phase3TestSuite.php(284): Tests\\Phase3TestSuite->runAllTests()\n#3 {main}"}
[2025-06-05 16:46:33] error: Exception: Nexa\GraphQL\GraphQLManager::parseRequest(): Argument #1 ($request) must be of type Nexa\Http\Request, Tests\MockRequest given, called in C:\Users\jeans\Downloads\slide\nexframework\tests\GraphQLTest.php on line 305 in C:\Users\jeans\Downloads\slide\nexframework\src\Nexa\GraphQL\GraphQLManager.php:86 {"exception":"TypeError","file":"C:\\Users\\jeans\\Downloads\\slide\\nexframework\\src\\Nexa\\GraphQL\\GraphQLManager.php","line":86,"trace":"#0 C:\\Users\\jeans\\Downloads\\slide\\nexframework\\tests\\GraphQLTest.php(305): Nexa\\GraphQL\\GraphQLManager->parseRequest(Object(Tests\\MockRequest))\n#1 C:\\Users\\jeans\\Downloads\\slide\\nexframework\\tests\\Phase3TestSuite.php(68): Tests\\GraphQLTest->testRequestParsing()\n#2 C:\\Users\\jeans\\Downloads\\slide\\nexframework\\tests\\Phase3TestSuite.php(31): Tests\\Phase3TestSuite->runTestClass('GraphQLTest', 'GraphQL System ...')\n#3 C:\\Users\\jeans\\Downloads\\slide\\nexframework\\tests\\Phase3TestSuite.php(284): Tests\\Phase3TestSuite->runAllTests()\n#4 {main}"}
[2025-06-05 16:48:04] error: Exception: Class "Nexa\WebSockets\WebSocketServer" not found in C:\Users\jeans\Downloads\slide\nexframework\tests\WebSocketTest.php:21 {"exception":"Error","file":"C:\\Users\\jeans\\Downloads\\slide\\nexframework\\tests\\WebSocketTest.php","line":21,"trace":"#0 C:\\Users\\jeans\\Downloads\\slide\\nexframework\\tests\\Phase3TestSuite.php(64): Tests\\WebSocketTest->setUp()\n#1 C:\\Users\\jeans\\Downloads\\slide\\nexframework\\tests\\Phase3TestSuite.php(31): Tests\\Phase3TestSuite->runTestClass('WebSocketTest', 'WebSocket Syste...')\n#2 C:\\Users\\jeans\\Downloads\\slide\\nexframework\\tests\\Phase3TestSuite.php(284): Tests\\Phase3TestSuite->runAllTests()\n#3 {main}"}
[2025-06-05 16:49:09] error: Exception: Class "Nexa\WebSockets\WebSocketServer" not found in C:\Users\jeans\Downloads\slide\nexframework\tests\WebSocketTest.php:21 {"exception":"Error","file":"C:\\Users\\jeans\\Downloads\\slide\\nexframework\\tests\\WebSocketTest.php","line":21,"trace":"#0 C:\\Users\\jeans\\Downloads\\slide\\nexframework\\tests\\Phase3TestSuite.php(64): Tests\\WebSocketTest->setUp()\n#1 C:\\Users\\jeans\\Downloads\\slide\\nexframework\\tests\\Phase3TestSuite.php(31): Tests\\Phase3TestSuite->runTestClass('WebSocketTest', 'WebSocket Syste...')\n#2 C:\\Users\\jeans\\Downloads\\slide\\nexframework\\tests\\Phase3TestSuite.php(284): Tests\\Phase3TestSuite->runAllTests()\n#3 {main}"}
[2025-06-05 16:51:27] error: Exception: Call to undefined method Nexa\WebSockets\WebSocketServer::getHeartbeatInterval() in C:\Users\jeans\Downloads\slide\nexframework\tests\WebSocketTest.php:67 {"exception":"Error","file":"C:\\Users\\jeans\\Downloads\\slide\\nexframework\\tests\\WebSocketTest.php","line":67,"trace":"#0 C:\\Users\\jeans\\Downloads\\slide\\nexframework\\tests\\Phase3TestSuite.php(68): Tests\\WebSocketTest->testServerConfiguration()\n#1 C:\\Users\\jeans\\Downloads\\slide\\nexframework\\tests\\Phase3TestSuite.php(31): Tests\\Phase3TestSuite->runTestClass('WebSocketTest', 'WebSocket Syste...')\n#2 C:\\Users\\jeans\\Downloads\\slide\\nexframework\\tests\\Phase3TestSuite.php(284): Tests\\Phase3TestSuite->runAllTests()\n#3 {main}"}
[2025-06-05 16:52:59] error: Error [2]: rmdir(C:\Users\jeans\Downloads\slide\nexframework\tests/fixtures/TestModule/Config): Directory not empty in C:\Users\jeans\Downloads\slide\nexframework\tests\ModuleTest.php:306
[2025-06-05 16:52:59] error: Error [2]: rmdir(C:\Users\jeans\Downloads\slide\nexframework\tests/fixtures/TestModule): Directory not empty in C:\Users\jeans\Downloads\slide\nexframework\tests\ModuleTest.php:306
[2025-06-05 16:52:59] error: Exception: Call to undefined method Nexa\WebSockets\WebSocketClient::mockConnect() in C:\Users\jeans\Downloads\slide\nexframework\tests\WebSocketTest.php:96 {"exception":"Error","file":"C:\\Users\\jeans\\Downloads\\slide\\nexframework\\tests\\WebSocketTest.php","line":96,"trace":"#0 C:\\Users\\jeans\\Downloads\\slide\\nexframework\\tests\\Phase3TestSuite.php(68): Tests\\WebSocketTest->testClientConnection()\n#1 C:\\Users\\jeans\\Downloads\\slide\\nexframework\\tests\\Phase3TestSuite.php(31): Tests\\Phase3TestSuite->runTestClass('WebSocketTest', 'WebSocket Syste...')\n#2 C:\\Users\\jeans\\Downloads\\slide\\nexframework\\tests\\Phase3TestSuite.php(284): Tests\\Phase3TestSuite->runAllTests()\n#3 {main}"}
[2025-06-05 16:55:40] error: Exception: Call to undefined function Nexa\WebSockets\socket_write() in C:\Users\jeans\Downloads\slide\nexframework\src\Nexa\WebSockets\WebSocketClient.php:74 {"exception":"Error","file":"C:\\Users\\jeans\\Downloads\\slide\\nexframework\\src\\Nexa\\WebSockets\\WebSocketClient.php","line":74,"trace":"#0 C:\\Users\\jeans\\Downloads\\slide\\nexframework\\tests\\WebSocketTest.php(119): Nexa\\WebSockets\\WebSocketClient->send('Hello WebSocket...')\n#1 C:\\Users\\jeans\\Downloads\\slide\\nexframework\\tests\\Phase3TestSuite.php(68): Tests\\WebSocketTest->testMessageSending()\n#2 C:\\Users\\jeans\\Downloads\\slide\\nexframework\\tests\\Phase3TestSuite.php(31): Tests\\Phase3TestSuite->runTestClass('WebSocketTest', 'WebSocket Syste...')\n#3 C:\\Users\\jeans\\Downloads\\slide\\nexframework\\tests\\Phase3TestSuite.php(284): Tests\\Phase3TestSuite->runAllTests()\n#4 {main}"}
[2025-06-05 16:56:35] error: Exception: Call to undefined method Nexa\WebSockets\WebSocketClient::mockReceive() in C:\Users\jeans\Downloads\slide\nexframework\tests\WebSocketTest.php:131 {"exception":"Error","file":"C:\\Users\\jeans\\Downloads\\slide\\nexframework\\tests\\WebSocketTest.php","line":131,"trace":"#0 C:\\Users\\jeans\\Downloads\\slide\\nexframework\\tests\\Phase3TestSuite.php(68): Tests\\WebSocketTest->testMessageReceiving()\n#1 C:\\Users\\jeans\\Downloads\\slide\\nexframework\\tests\\Phase3TestSuite.php(31): Tests\\Phase3TestSuite->runTestClass('WebSocketTest', 'WebSocket Syste...')\n#2 C:\\Users\\jeans\\Downloads\\slide\\nexframework\\tests\\Phase3TestSuite.php(284): Tests\\Phase3TestSuite->runAllTests()\n#3 {main}"}
[2025-06-05 16:57:35] error: Exception: Call to undefined function Nexa\WebSockets\socket_read() in C:\Users\jeans\Downloads\slide\nexframework\src\Nexa\WebSockets\WebSocketClient.php:93 {"exception":"Error","file":"C:\\Users\\jeans\\Downloads\\slide\\nexframework\\src\\Nexa\\WebSockets\\WebSocketClient.php","line":93,"trace":"#0 C:\\Users\\jeans\\Downloads\\slide\\nexframework\\tests\\WebSocketTest.php(133): Nexa\\WebSockets\\WebSocketClient->receive()\n#1 C:\\Users\\jeans\\Downloads\\slide\\nexframework\\tests\\Phase3TestSuite.php(68): Tests\\WebSocketTest->testMessageReceiving()\n#2 C:\\Users\\jeans\\Downloads\\slide\\nexframework\\tests\\Phase3TestSuite.php(31): Tests\\Phase3TestSuite->runTestClass('WebSocketTest', 'WebSocket Syste...')\n#3 C:\\Users\\jeans\\Downloads\\slide\\nexframework\\tests\\Phase3TestSuite.php(284): Tests\\Phase3TestSuite->runAllTests()\n#4 {main}"}
[2025-06-05 16:58:32] error: Exception: Call to undefined method Nexa\WebSockets\WebSocketClient::joinChannel() in C:\Users\jeans\Downloads\slide\nexframework\tests\WebSocketTest.php:144 {"exception":"Error","file":"C:\\Users\\jeans\\Downloads\\slide\\nexframework\\tests\\WebSocketTest.php","line":144,"trace":"#0 C:\\Users\\jeans\\Downloads\\slide\\nexframework\\tests\\Phase3TestSuite.php(68): Tests\\WebSocketTest->testChannelJoining()\n#1 C:\\Users\\jeans\\Downloads\\slide\\nexframework\\tests\\Phase3TestSuite.php(31): Tests\\Phase3TestSuite->runTestClass('WebSocketTest', 'WebSocket Syste...')\n#2 C:\\Users\\jeans\\Downloads\\slide\\nexframework\\tests\\Phase3TestSuite.php(284): Tests\\Phase3TestSuite->runAllTests()\n#3 {main}"}
[2025-06-05 16:59:33] error: Exception: Call to undefined method Nexa\WebSockets\WebSocketServer::broadcastToChannel() in C:\Users\jeans\Downloads\slide\nexframework\tests\WebSocketTest.php:178 {"exception":"Error","file":"C:\\Users\\jeans\\Downloads\\slide\\nexframework\\tests\\WebSocketTest.php","line":178,"trace":"#0 C:\\Users\\jeans\\Downloads\\slide\\nexframework\\tests\\Phase3TestSuite.php(68): Tests\\WebSocketTest->testChannelBroadcast()\n#1 C:\\Users\\jeans\\Downloads\\slide\\nexframework\\tests\\Phase3TestSuite.php(31): Tests\\Phase3TestSuite->runTestClass('WebSocketTest', 'WebSocket Syste...')\n#2 C:\\Users\\jeans\\Downloads\\slide\\nexframework\\tests\\Phase3TestSuite.php(284): Tests\\Phase3TestSuite->runAllTests()\n#3 {main}"}
[2025-06-05 17:00:07] error: Exception: Call to undefined method Nexa\WebSockets\WebSocketClient::authenticate() in C:\Users\jeans\Downloads\slide\nexframework\tests\WebSocketTest.php:189 {"exception":"Error","file":"C:\\Users\\jeans\\Downloads\\slide\\nexframework\\tests\\WebSocketTest.php","line":189,"trace":"#0 C:\\Users\\jeans\\Downloads\\slide\\nexframework\\tests\\Phase3TestSuite.php(68): Tests\\WebSocketTest->testAuthentication()\n#1 C:\\Users\\jeans\\Downloads\\slide\\nexframework\\tests\\Phase3TestSuite.php(31): Tests\\Phase3TestSuite->runTestClass('WebSocketTest', 'WebSocket Syste...')\n#2 C:\\Users\\jeans\\Downloads\\slide\\nexframework\\tests\\Phase3TestSuite.php(284): Tests\\Phase3TestSuite->runAllTests()\n#3 {main}"}
[2025-06-05 17:01:35] error: Exception: Call to undefined method Nexa\WebSockets\WebSocketClient::ping() in C:\Users\jeans\Downloads\slide\nexframework\tests\WebSocketTest.php:212 {"exception":"Error","file":"C:\\Users\\jeans\\Downloads\\slide\\nexframework\\tests\\WebSocketTest.php","line":212,"trace":"#0 C:\\Users\\jeans\\Downloads\\slide\\nexframework\\tests\\Phase3TestSuite.php(68): Tests\\WebSocketTest->testHeartbeat()\n#1 C:\\Users\\jeans\\Downloads\\slide\\nexframework\\tests\\Phase3TestSuite.php(31): Tests\\Phase3TestSuite->runTestClass('WebSocketTest', 'WebSocket Syste...')\n#2 C:\\Users\\jeans\\Downloads\\slide\\nexframework\\tests\\Phase3TestSuite.php(284): Tests\\Phase3TestSuite->runAllTests()\n#3 {main}"}
[2025-06-05 17:04:12] error: Error [2]: rmdir(C:\Users\jeans\Downloads\slide\nexframework\tests/fixtures/TestPlugin): Directory not empty in C:\Users\jeans\Downloads\slide\nexframework\tests\PluginTest.php:45
[2025-06-05 17:04:12] error: Exception: Call to undefined method Nexa\WebSockets\WebSocketServer::on() in C:\Users\jeans\Downloads\slide\nexframework\tests\WebSocketTest.php:240 {"exception":"Error","file":"C:\\Users\\jeans\\Downloads\\slide\\nexframework\\tests\\WebSocketTest.php","line":240,"trace":"#0 C:\\Users\\jeans\\Downloads\\slide\\nexframework\\tests\\Phase3TestSuite.php(68): Tests\\WebSocketTest->testEventHandling()\n#1 C:\\Users\\jeans\\Downloads\\slide\\nexframework\\tests\\Phase3TestSuite.php(31): Tests\\Phase3TestSuite->runTestClass('WebSocketTest', 'WebSocket Syste...')\n#2 C:\\Users\\jeans\\Downloads\\slide\\nexframework\\tests\\Phase3TestSuite.php(284): Tests\\Phase3TestSuite->runAllTests()\n#3 {main}"}
[2025-06-05 17:08:01] error: Exception: Call to undefined method Nexa\WebSockets\WebSocketServer::getChannelMembers() in C:\Users\jeans\Downloads\slide\nexframework\tests\WebSocketTest.php:289 {"exception":"Error","file":"C:\\Users\\jeans\\Downloads\\slide\\nexframework\\tests\\WebSocketTest.php","line":289,"trace":"#0 C:\\Users\\jeans\\Downloads\\slide\\nexframework\\tests\\Phase3TestSuite.php(68): Tests\\WebSocketTest->testPresenceChannels()\n#1 C:\\Users\\jeans\\Downloads\\slide\\nexframework\\tests\\Phase3TestSuite.php(31): Tests\\Phase3TestSuite->runTestClass('WebSocketTest', 'WebSocket Syste...')\n#2 C:\\Users\\jeans\\Downloads\\slide\\nexframework\\tests\\Phase3TestSuite.php(284): Tests\\Phase3TestSuite->runAllTests()\n#3 {main}"}
[2025-06-05 17:09:40] error: Error [2]: rmdir(C:\Users\jeans\Downloads\slide\nexframework\tests/fixtures/TestPlugin): Directory not empty in C:\Users\jeans\Downloads\slide\nexframework\tests\PluginTest.php:45
[2025-06-05 17:09:40] error: Error [2]: file_put_contents(C:\Users\jeans\Downloads\slide\nexframework\tests/fixtures/TestPlugin/TestPlugin.php): Failed to open stream: Permission denied in C:\Users\jeans\Downloads\slide\nexframework\tests\PluginTest.php:73
[2025-06-05 17:09:40] error: Exception: Call to a member function checkDependencies() on null in C:\Users\jeans\Downloads\slide\nexframework\tests\PluginTest.php:153 {"exception":"Error","file":"C:\\Users\\jeans\\Downloads\\slide\\nexframework\\tests\\PluginTest.php","line":153,"trace":"#0 C:\\Users\\jeans\\Downloads\\slide\\nexframework\\tests\\Phase3TestSuite.php(68): Tests\\PluginTest->testPluginDependencyCheck()\n#1 C:\\Users\\jeans\\Downloads\\slide\\nexframework\\tests\\Phase3TestSuite.php(31): Tests\\Phase3TestSuite->runTestClass('PluginTest', 'Plugin System T...')\n#2 C:\\Users\\jeans\\Downloads\\slide\\nexframework\\tests\\Phase3TestSuite.php(284): Tests\\Phase3TestSuite->runAllTests()\n#3 {main}"}
[2025-06-05 17:28:40] error: Exception: Too few arguments to function Nexa\Auth\JWTManager::generateToken(), 1 passed in C:\Users\jeans\Downloads\slide\nexframework\tests\AuthTest.php on line 45 and at least 2 expected in C:\Users\jeans\Downloads\slide\nexframework\src\Nexa\Auth\JWTManager.php:27 {"exception":"ArgumentCountError","file":"C:\\Users\\jeans\\Downloads\\slide\\nexframework\\src\\Nexa\\Auth\\JWTManager.php","line":27,"trace":"#0 C:\\Users\\jeans\\Downloads\\slide\\nexframework\\tests\\AuthTest.php(45): Nexa\\Auth\\JWTManager->generateToken(Array)\n#1 C:\\Users\\jeans\\Downloads\\slide\\nexframework\\run_tests.php(295): Tests\\AuthTest->testJWTTokenGeneration()\n#2 C:\\Users\\jeans\\Downloads\\slide\\nexframework\\run_tests.php(51): runAllTests(Array)\n#3 {main}"}
[2025-06-05 17:29:49] error: Exception: Too few arguments to function Nexa\Auth\JWTManager::generateToken(), 1 passed in C:\Users\jeans\Downloads\slide\nexframework\tests\AuthTest.php on line 54 and at least 2 expected in C:\Users\jeans\Downloads\slide\nexframework\src\Nexa\Auth\JWTManager.php:27 {"exception":"ArgumentCountError","file":"C:\\Users\\jeans\\Downloads\\slide\\nexframework\\src\\Nexa\\Auth\\JWTManager.php","line":27,"trace":"#0 C:\\Users\\jeans\\Downloads\\slide\\nexframework\\tests\\AuthTest.php(54): Nexa\\Auth\\JWTManager->generateToken(Array)\n#1 C:\\Users\\jeans\\Downloads\\slide\\nexframework\\run_tests.php(295): Tests\\AuthTest->testJWTTokenValidation()\n#2 C:\\Users\\jeans\\Downloads\\slide\\nexframework\\run_tests.php(51): runAllTests(Array)\n#3 {main}"}
[2025-06-05 17:30:47] error: Exception: Call to undefined method Nexa\Auth\JWTManager::getUserFromToken() in C:\Users\jeans\Downloads\slide\nexframework\tests\AuthTest.php:63 {"exception":"Error","file":"C:\\Users\\jeans\\Downloads\\slide\\nexframework\\tests\\AuthTest.php","line":63,"trace":"#0 C:\\Users\\jeans\\Downloads\\slide\\nexframework\\run_tests.php(295): Tests\\AuthTest->testJWTTokenDecoding()\n#1 C:\\Users\\jeans\\Downloads\\slide\\nexframework\\run_tests.php(51): runAllTests(Array)\n#2 {main}"}
[2025-06-05 17:31:56] error: Error [2]: Undefined array key "name" in C:\Users\jeans\Downloads\slide\nexframework\tests\AuthTest.php:68
[2025-06-05 17:31:58] error: Exception: Too few arguments to function Nexa\Auth\JWTManager::generateRefreshToken(), 1 passed in C:\Users\jeans\Downloads\slide\nexframework\tests\AuthTest.php on line 93 and exactly 2 expected in C:\Users\jeans\Downloads\slide\nexframework\src\Nexa\Auth\JWTManager.php:48 {"exception":"ArgumentCountError","file":"C:\\Users\\jeans\\Downloads\\slide\\nexframework\\src\\Nexa\\Auth\\JWTManager.php","line":48,"trace":"#0 C:\\Users\\jeans\\Downloads\\slide\\nexframework\\tests\\AuthTest.php(93): Nexa\\Auth\\JWTManager->generateRefreshToken(Array)\n#1 C:\\Users\\jeans\\Downloads\\slide\\nexframework\\run_tests.php(295): Tests\\AuthTest->testRefreshTokenGeneration()\n#2 C:\\Users\\jeans\\Downloads\\slide\\nexframework\\run_tests.php(51): runAllTests(Array)\n#3 {main}"}
[2025-06-05 17:32:28] error: Error [2]: Undefined array key "name" in C:\Users\jeans\Downloads\slide\nexframework\tests\AuthTest.php:68
[2025-06-05 17:32:30] error: Exception: Too few arguments to function Nexa\Auth\JWTManager::generateTokenPair(), 1 passed in C:\Users\jeans\Downloads\slide\nexframework\tests\AuthTest.php on line 102 and at least 2 expected in C:\Users\jeans\Downloads\slide\nexframework\src\Nexa\Auth\JWTManager.php:144 {"exception":"ArgumentCountError","file":"C:\\Users\\jeans\\Downloads\\slide\\nexframework\\src\\Nexa\\Auth\\JWTManager.php","line":144,"trace":"#0 C:\\Users\\jeans\\Downloads\\slide\\nexframework\\tests\\AuthTest.php(102): Nexa\\Auth\\JWTManager->generateTokenPair(Array)\n#1 C:\\Users\\jeans\\Downloads\\slide\\nexframework\\run_tests.php(295): Tests\\AuthTest->testTokenPairGeneration()\n#2 C:\\Users\\jeans\\Downloads\\slide\\nexframework\\run_tests.php(51): runAllTests(Array)\n#3 {main}"}
[2025-06-05 17:33:04] error: Error [2]: Undefined array key "name" in C:\Users\jeans\Downloads\slide\nexframework\tests\AuthTest.php:68
[2025-06-05 17:33:06] error: Exception: Call to undefined method Nexa\Events\EventDispatcher::removeListener() in C:\Users\jeans\Downloads\slide\nexframework\tests\EventTest.php:183 {"exception":"Error","file":"C:\\Users\\jeans\\Downloads\\slide\\nexframework\\tests\\EventTest.php","line":183,"trace":"#0 C:\\Users\\jeans\\Downloads\\slide\\nexframework\\run_tests.php(295): Tests\\EventTest->testListenerRemoval()\n#1 C:\\Users\\jeans\\Downloads\\slide\\nexframework\\run_tests.php(51): runAllTests(Array)\n#2 {main}"}
[2025-06-05 17:34:26] error: Error [2]: Undefined array key "name" in C:\Users\jeans\Downloads\slide\nexframework\tests\AuthTest.php:68
[2025-06-05 17:34:28] error: Exception: Class "Nexa\Events\UserRegistered" not found in C:\Users\jeans\Downloads\slide\nexframework\tests\EventTest.php:198 {"exception":"Error","file":"C:\\Users\\jeans\\Downloads\\slide\\nexframework\\tests\\EventTest.php","line":198,"trace":"#0 C:\\Users\\jeans\\Downloads\\slide\\nexframework\\run_tests.php(295): Tests\\EventTest->testUserRegisteredEvent()\n#1 C:\\Users\\jeans\\Downloads\\slide\\nexframework\\run_tests.php(51): runAllTests(Array)\n#2 {main}"}
[2025-06-05 17:35:12] error: Error [2]: Undefined array key "name" in C:\Users\jeans\Downloads\slide\nexframework\tests\AuthTest.php:68
[2025-06-05 17:35:14] error: Exception: Class "Nexa\Events\UserRegistered" not found in C:\Users\jeans\Downloads\slide\nexframework\tests\EventTest.php:198 {"exception":"Error","file":"C:\\Users\\jeans\\Downloads\\slide\\nexframework\\tests\\EventTest.php","line":198,"trace":"#0 C:\\Users\\jeans\\Downloads\\slide\\nexframework\\run_tests.php(295): Tests\\EventTest->testUserRegisteredEvent()\n#1 C:\\Users\\jeans\\Downloads\\slide\\nexframework\\run_tests.php(51): runAllTests(Array)\n#2 {main}"}
[2025-06-05 17:37:27] error: Error [2]: Undefined array key "name" in C:\Users\jeans\Downloads\slide\nexframework\tests\AuthTest.php:68
[2025-06-05 17:37:29] error: Exception: Class "Nexa\Events\UserRegistered" not found in C:\Users\jeans\Downloads\slide\nexframework\tests\EventTest.php:198 {"exception":"Error","file":"C:\\Users\\jeans\\Downloads\\slide\\nexframework\\tests\\EventTest.php","line":198,"trace":"#0 C:\\Users\\jeans\\Downloads\\slide\\nexframework\\run_tests.php(295): Tests\\EventTest->testUserRegisteredEvent()\n#1 C:\\Users\\jeans\\Downloads\\slide\\nexframework\\run_tests.php(51): runAllTests(Array)\n#2 {main}"}
[2025-06-05 17:41:20] error: Error [2]: Undefined array key "name" in C:\Users\jeans\Downloads\slide\nexframework\tests\AuthTest.php:68
[2025-06-05 17:41:22] error: Exception: Call to undefined method Nexa\Events\EventDispatcher::enableLogging() in C:\Users\jeans\Downloads\slide\nexframework\tests\EventTest.php:241 {"exception":"Error","file":"C:\\Users\\jeans\\Downloads\\slide\\nexframework\\tests\\EventTest.php","line":241,"trace":"#0 C:\\Users\\jeans\\Downloads\\slide\\nexframework\\run_tests.php(295): Tests\\EventTest->testEventLogging()\n#1 C:\\Users\\jeans\\Downloads\\slide\\nexframework\\run_tests.php(51): runAllTests(Array)\n#2 {main}"}
[2025-06-05 17:42:51] error: Error [2]: Undefined array key "name" in C:\Users\jeans\Downloads\slide\nexframework\tests\AuthTest.php:68
[2025-06-05 17:42:53] error: Exception: Call to undefined method Nexa\WebSockets\WebSocketServer::handleCORSPreflight() in C:\Users\jeans\Downloads\slide\nexframework\tests\WebSocketTest.php:355 {"exception":"Error","file":"C:\\Users\\jeans\\Downloads\\slide\\nexframework\\tests\\WebSocketTest.php","line":355,"trace":"#0 C:\\Users\\jeans\\Downloads\\slide\\nexframework\\run_tests.php(295): Tests\\WebSocketTest->testCORSHandling()\n#1 C:\\Users\\jeans\\Downloads\\slide\\nexframework\\run_tests.php(51): runAllTests(Array)\n#2 {main}"}
[2025-06-05 17:43:31] error: Error [2]: Undefined array key "name" in C:\Users\jeans\Downloads\slide\nexframework\tests\AuthTest.php:68
[2025-06-05 17:43:33] error: Exception: Class "Nexa\Microservices\ServiceRegistry" not found in C:\Users\jeans\Downloads\slide\nexframework\tests\MicroserviceTest.php:20 {"exception":"Error","file":"C:\\Users\\jeans\\Downloads\\slide\\nexframework\\tests\\MicroserviceTest.php","line":20,"trace":"#0 C:\\Users\\jeans\\Downloads\\slide\\nexframework\\run_tests.php(292): Tests\\MicroserviceTest->setUp()\n#1 C:\\Users\\jeans\\Downloads\\slide\\nexframework\\run_tests.php(51): runAllTests(Array)\n#2 {main}"}
[2025-06-05 17:44:57] error: Error [2]: Undefined array key "name" in C:\Users\jeans\Downloads\slide\nexframework\tests\AuthTest.php:68
[2025-06-05 17:45:00] error: Exception: Call to undefined method Nexa\Microservices\ServiceRegistry::deregister() in C:\Users\jeans\Downloads\slide\nexframework\tests\MicroserviceTest.php:57 {"exception":"Error","file":"C:\\Users\\jeans\\Downloads\\slide\\nexframework\\tests\\MicroserviceTest.php","line":57,"trace":"#0 C:\\Users\\jeans\\Downloads\\slide\\nexframework\\run_tests.php(298): Tests\\MicroserviceTest->tearDown()\n#1 C:\\Users\\jeans\\Downloads\\slide\\nexframework\\run_tests.php(51): runAllTests(Array)\n#2 {main}"}
[2025-06-05 17:45:30] error: Error [2]: Undefined array key "name" in C:\Users\jeans\Downloads\slide\nexframework\tests\AuthTest.php:68
[2025-06-05 17:45:33] error: Exception: Call to undefined method Nexa\Microservices\ServiceRegistry::isRegistered() in C:\Users\jeans\Downloads\slide\nexframework\tests\MicroserviceTest.php:83 {"exception":"Error","file":"C:\\Users\\jeans\\Downloads\\slide\\nexframework\\tests\\MicroserviceTest.php","line":83,"trace":"#0 C:\\Users\\jeans\\Downloads\\slide\\nexframework\\run_tests.php(295): Tests\\MicroserviceTest->testServiceRegistration()\n#1 C:\\Users\\jeans\\Downloads\\slide\\nexframework\\run_tests.php(51): runAllTests(Array)\n#2 {main}"}
[2025-06-05 17:45:56] error: Error [2]: Undefined array key "name" in C:\Users\jeans\Downloads\slide\nexframework\tests\AuthTest.php:68
[2025-06-05 17:45:58] error: Exception: Call to undefined method Nexa\Microservices\ServiceRegistry::discover() in C:\Users\jeans\Downloads\slide\nexframework\tests\MicroserviceTest.php:115 {"exception":"Error","file":"C:\\Users\\jeans\\Downloads\\slide\\nexframework\\tests\\MicroserviceTest.php","line":115,"trace":"#0 C:\\Users\\jeans\\Downloads\\slide\\nexframework\\run_tests.php(295): Tests\\MicroserviceTest->testServiceDiscovery()\n#1 C:\\Users\\jeans\\Downloads\\slide\\nexframework\\run_tests.php(51): runAllTests(Array)\n#2 {main}"}
[2025-06-05 17:46:34] error: Error [2]: Undefined array key "name" in C:\Users\jeans\Downloads\slide\nexframework\tests\AuthTest.php:68
[2025-06-05 17:46:36] error: Error [2]: Undefined array key "name" in C:\Users\jeans\Downloads\slide\nexframework\tests\MicroserviceTest.php:118
[2025-06-05 17:46:36] error: Exception: Call to undefined method Nexa\Microservices\ServiceRegistry::discoverByMetadata() in C:\Users\jeans\Downloads\slide\nexframework\tests\MicroserviceTest.php:135 {"exception":"Error","file":"C:\\Users\\jeans\\Downloads\\slide\\nexframework\\tests\\MicroserviceTest.php","line":135,"trace":"#0 C:\\Users\\jeans\\Downloads\\slide\\nexframework\\run_tests.php(295): Tests\\MicroserviceTest->testServiceDiscoveryByType()\n#1 C:\\Users\\jeans\\Downloads\\slide\\nexframework\\run_tests.php(51): runAllTests(Array)\n#2 {main}"}
[2025-06-05 17:47:00] error: Error [2]: Undefined array key "name" in C:\Users\jeans\Downloads\slide\nexframework\tests\AuthTest.php:68
[2025-06-05 17:47:02] error: Error [2]: Undefined array key "name" in C:\Users\jeans\Downloads\slide\nexframework\tests\MicroserviceTest.php:118
[2025-06-05 17:47:02] error: Exception: Call to undefined method Nexa\Microservices\ServiceRegistry::mockHealthCheck() in C:\Users\jeans\Downloads\slide\nexframework\tests\MicroserviceTest.php:153 {"exception":"Error","file":"C:\\Users\\jeans\\Downloads\\slide\\nexframework\\tests\\MicroserviceTest.php","line":153,"trace":"#0 C:\\Users\\jeans\\Downloads\\slide\\nexframework\\run_tests.php(295): Tests\\MicroserviceTest->testServiceHealthCheck()\n#1 C:\\Users\\jeans\\Downloads\\slide\\nexframework\\run_tests.php(51): runAllTests(Array)\n#2 {main}"}
[2025-06-05 17:47:30] error: Error [2]: Undefined array key "name" in C:\Users\jeans\Downloads\slide\nexframework\tests\AuthTest.php:68
[2025-06-05 17:47:33] error: Error [2]: Undefined array key "name" in C:\Users\jeans\Downloads\slide\nexframework\tests\MicroserviceTest.php:118
[2025-06-05 17:47:33] error: Exception: Call to undefined method Nexa\Microservices\ServiceClient::mockGet() in C:\Users\jeans\Downloads\slide\nexframework\tests\MicroserviceTest.php:170 {"exception":"Error","file":"C:\\Users\\jeans\\Downloads\\slide\\nexframework\\tests\\MicroserviceTest.php","line":170,"trace":"#0 C:\\Users\\jeans\\Downloads\\slide\\nexframework\\run_tests.php(295): Tests\\MicroserviceTest->testServiceClientRequest()\n#1 C:\\Users\\jeans\\Downloads\\slide\\nexframework\\run_tests.php(51): runAllTests(Array)\n#2 {main}"}
[2025-06-05 17:48:23] error: Error [2]: Undefined array key "name" in C:\Users\jeans\Downloads\slide\nexframework\tests\AuthTest.php:68
[2025-06-05 17:48:25] error: Error [2]: Undefined array key "name" in C:\Users\jeans\Downloads\slide\nexframework\tests\MicroserviceTest.php:118
[2025-06-05 17:48:25] error: Exception: Cannot access offset of type string on string in C:\Users\jeans\Downloads\slide\nexframework\src\Nexa\Microservices\ServiceClient.php:55 {"exception":"TypeError","file":"C:\\Users\\jeans\\Downloads\\slide\\nexframework\\src\\Nexa\\Microservices\\ServiceClient.php","line":55,"trace":"#0 C:\\Users\\jeans\\Downloads\\slide\\nexframework\\tests\\MicroserviceTest.php(170): Nexa\\Microservices\\ServiceClient->mockGet('user-service', '\/users\/1')\n#1 C:\\Users\\jeans\\Downloads\\slide\\nexframework\\run_tests.php(295): Tests\\MicroserviceTest->testServiceClientRequest()\n#2 C:\\Users\\jeans\\Downloads\\slide\\nexframework\\run_tests.php(51): runAllTests(Array)\n#3 {main}"}
[2025-06-05 17:50:13] error: Error [2]: Undefined array key "name" in C:\Users\jeans\Downloads\slide\nexframework\tests\AuthTest.php:68
[2025-06-05 17:50:15] error: Error [2]: rmdir(C:\Users\jeans\Downloads\slide\nexframework\tests/fixtures/TestModule/Routes): Directory not empty in C:\Users\jeans\Downloads\slide\nexframework\tests\ModuleTest.php:306
[2025-06-05 17:50:15] error: Error [2]: rmdir(C:\Users\jeans\Downloads\slide\nexframework\tests/fixtures/TestModule): Directory not empty in C:\Users\jeans\Downloads\slide\nexframework\tests\ModuleTest.php:306
[2025-06-05 17:50:15] error: Error [2]: Undefined array key "name" in C:\Users\jeans\Downloads\slide\nexframework\tests\MicroserviceTest.php:118
[2025-06-05 17:50:15] error: Exception: Illegal offset type in isset or empty in C:\Users\jeans\Downloads\slide\nexframework\src\Nexa\Microservices\ServiceRegistry.php:106 {"exception":"TypeError","file":"C:\\Users\\jeans\\Downloads\\slide\\nexframework\\src\\Nexa\\Microservices\\ServiceRegistry.php","line":106,"trace":"#0 [internal function]: Nexa\\Microservices\\ServiceRegistry->Nexa\\Microservices\\{closure}(Array)\n#1 C:\\Users\\jeans\\Downloads\\slide\\nexframework\\src\\Nexa\\Microservices\\ServiceRegistry.php(105): array_filter(Array, Object(Closure))\n#2 C:\\Users\\jeans\\Downloads\\slide\\nexframework\\tests\\MicroserviceTest.php(135): Nexa\\Microservices\\ServiceRegistry->discoverByMetadata(Array)\n#3 C:\\Users\\jeans\\Downloads\\slide\\nexframework\\run_tests.php(295): Tests\\MicroserviceTest->testServiceDiscoveryByType()\n#4 C:\\Users\\jeans\\Downloads\\slide\\nexframework\\run_tests.php(51): runAllTests(Array)\n#5 {main}"}
[2025-06-05 17:52:07] error: Error [2]: Undefined array key "name" in C:\Users\jeans\Downloads\slide\nexframework\tests\AuthTest.php:68
[2025-06-05 17:52:10] error: Error [2]: Undefined array key "name" in C:\Users\jeans\Downloads\slide\nexframework\tests\MicroserviceTest.php:118
[2025-06-05 17:52:10] error: Exception: Call to undefined method Nexa\Microservices\ServiceClient::mockPost() in C:\Users\jeans\Downloads\slide\nexframework\tests\MicroserviceTest.php:189 {"exception":"Error","file":"C:\\Users\\jeans\\Downloads\\slide\\nexframework\\tests\\MicroserviceTest.php","line":189,"trace":"#0 C:\\Users\\jeans\\Downloads\\slide\\nexframework\\run_tests.php(295): Tests\\MicroserviceTest->testServiceClientPostRequest()\n#1 C:\\Users\\jeans\\Downloads\\slide\\nexframework\\run_tests.php(51): runAllTests(Array)\n#2 {main}"}
[2025-06-05 17:52:56] error: Error [2]: Undefined array key "name" in C:\Users\jeans\Downloads\slide\nexframework\tests\AuthTest.php:68
[2025-06-05 17:52:59] error: Error [2]: Undefined array key "name" in C:\Users\jeans\Downloads\slide\nexframework\tests\MicroserviceTest.php:118
[2025-06-05 17:52:59] error: Exception: Call to undefined method Nexa\Microservices\ServiceClient::configureCircuitBreaker() in C:\Users\jeans\Downloads\slide\nexframework\tests\MicroserviceTest.php:208 {"exception":"Error","file":"C:\\Users\\jeans\\Downloads\\slide\\nexframework\\tests\\MicroserviceTest.php","line":208,"trace":"#0 C:\\Users\\jeans\\Downloads\\slide\\nexframework\\run_tests.php(295): Tests\\MicroserviceTest->testCircuitBreaker()\n#1 C:\\Users\\jeans\\Downloads\\slide\\nexframework\\run_tests.php(51): runAllTests(Array)\n#2 {main}"}
[2025-06-05 17:53:49] error: Error [2]: Undefined array key "name" in C:\Users\jeans\Downloads\slide\nexframework\tests\AuthTest.php:68
[2025-06-05 17:53:51] error: Error [2]: Undefined array key "name" in C:\Users\jeans\Downloads\slide\nexframework\tests\MicroserviceTest.php:118
[2025-06-05 17:53:51] error: Exception: Call to undefined method Nexa\Microservices\ServiceClient::mockFailedRequest() in C:\Users\jeans\Downloads\slide\nexframework\tests\MicroserviceTest.php:216 {"exception":"Error","file":"C:\\Users\\jeans\\Downloads\\slide\\nexframework\\tests\\MicroserviceTest.php","line":216,"trace":"#0 C:\\Users\\jeans\\Downloads\\slide\\nexframework\\run_tests.php(295): Tests\\MicroserviceTest->testCircuitBreaker()\n#1 C:\\Users\\jeans\\Downloads\\slide\\nexframework\\run_tests.php(51): runAllTests(Array)\n#2 {main}"}
[2025-06-05 17:54:29] error: Error [2]: Undefined array key "name" in C:\Users\jeans\Downloads\slide\nexframework\tests\AuthTest.php:68
[2025-06-05 17:54:32] error: Error [2]: Undefined array key "name" in C:\Users\jeans\Downloads\slide\nexframework\tests\MicroserviceTest.php:118
[2025-06-05 17:54:32] error: Exception: Call to undefined method Nexa\Microservices\ServiceClient::isCircuitOpen() in C:\Users\jeans\Downloads\slide\nexframework\tests\MicroserviceTest.php:220 {"exception":"Error","file":"C:\\Users\\jeans\\Downloads\\slide\\nexframework\\tests\\MicroserviceTest.php","line":220,"trace":"#0 C:\\Users\\jeans\\Downloads\\slide\\nexframework\\run_tests.php(295): Tests\\MicroserviceTest->testCircuitBreaker()\n#1 C:\\Users\\jeans\\Downloads\\slide\\nexframework\\run_tests.php(51): runAllTests(Array)\n#2 {main}"}
[2025-06-05 17:55:17] error: Error [2]: Undefined array key "name" in C:\Users\jeans\Downloads\slide\nexframework\tests\AuthTest.php:68
[2025-06-05 17:55:19] error: Error [2]: Undefined array key "name" in C:\Users\jeans\Downloads\slide\nexframework\tests\MicroserviceTest.php:118
[2025-06-05 17:55:19] error: Exception: Call to undefined method Nexa\Microservices\ServiceClient::configureRetryPolicy() in C:\Users\jeans\Downloads\slide\nexframework\tests\MicroserviceTest.php:239 {"exception":"Error","file":"C:\\Users\\jeans\\Downloads\\slide\\nexframework\\tests\\MicroserviceTest.php","line":239,"trace":"#0 C:\\Users\\jeans\\Downloads\\slide\\nexframework\\run_tests.php(295): Tests\\MicroserviceTest->testRetryLogic()\n#1 C:\\Users\\jeans\\Downloads\\slide\\nexframework\\run_tests.php(51): runAllTests(Array)\n#2 {main}"}
[2025-06-05 17:56:04] error: Error [2]: Undefined array key "name" in C:\Users\jeans\Downloads\slide\nexframework\tests\AuthTest.php:68
[2025-06-05 17:56:07] error: Error [2]: Undefined array key "name" in C:\Users\jeans\Downloads\slide\nexframework\tests\MicroserviceTest.php:118
[2025-06-05 17:56:07] error: Exception: Call to undefined method Nexa\Microservices\ServiceClient::mockRetryableRequest() in C:\Users\jeans\Downloads\slide\nexframework\tests\MicroserviceTest.php:246 {"exception":"Error","file":"C:\\Users\\jeans\\Downloads\\slide\\nexframework\\tests\\MicroserviceTest.php","line":246,"trace":"#0 C:\\Users\\jeans\\Downloads\\slide\\nexframework\\run_tests.php(295): Tests\\MicroserviceTest->testRetryLogic()\n#1 C:\\Users\\jeans\\Downloads\\slide\\nexframework\\run_tests.php(51): runAllTests(Array)\n#2 {main}"}
[2025-06-05 17:58:22] error: Error [2]: Undefined array key "name" in C:\Users\jeans\Downloads\slide\nexframework\tests\AuthTest.php:68
[2025-06-05 17:58:25] error: Error [2]: Undefined array key "name" in C:\Users\jeans\Downloads\slide\nexframework\tests\MicroserviceTest.php:118
[2025-06-05 17:58:25] error: Exception: Call to undefined method Nexa\Microservices\ServiceClient::setLoadBalancingStrategy() in C:\Users\jeans\Downloads\slide\nexframework\tests\MicroserviceTest.php:271 {"exception":"Error","file":"C:\\Users\\jeans\\Downloads\\slide\\nexframework\\tests\\MicroserviceTest.php","line":271,"trace":"#0 C:\\Users\\jeans\\Downloads\\slide\\nexframework\\run_tests.php(295): Tests\\MicroserviceTest->testLoadBalancing()\n#1 C:\\Users\\jeans\\Downloads\\slide\\nexframework\\run_tests.php(51): runAllTests(Array)\n#2 {main}"}
[2025-06-05 17:59:51] error: Error [2]: Undefined array key "name" in C:\Users\jeans\Downloads\slide\nexframework\tests\AuthTest.php:68
[2025-06-05 17:59:53] error: Error [2]: Undefined array key "name" in C:\Users\jeans\Downloads\slide\nexframework\tests\MicroserviceTest.php:118
[2025-06-05 17:59:53] error: Exception: Call to undefined method Nexa\Microservices\ServiceClient::selectInstance() in C:\Users\jeans\Downloads\slide\nexframework\tests\MicroserviceTest.php:275 {"exception":"Error","file":"C:\\Users\\jeans\\Downloads\\slide\\nexframework\\tests\\MicroserviceTest.php","line":275,"trace":"#0 C:\\Users\\jeans\\Downloads\\slide\\nexframework\\run_tests.php(295): Tests\\MicroserviceTest->testLoadBalancing()\n#1 C:\\Users\\jeans\\Downloads\\slide\\nexframework\\run_tests.php(51): runAllTests(Array)\n#2 {main}"}
[2025-06-05 18:00:33] error: Error [2]: Undefined array key "name" in C:\Users\jeans\Downloads\slide\nexframework\tests\AuthTest.php:68
[2025-06-05 18:00:35] error: Error [2]: Undefined array key "name" in C:\Users\jeans\Downloads\slide\nexframework\tests\MicroserviceTest.php:118
[2025-06-05 18:00:35] error: Exception: Call to undefined method Nexa\Microservices\ServiceClient::getMetrics() in C:\Users\jeans\Downloads\slide\nexframework\tests\MicroserviceTest.php:301 {"exception":"Error","file":"C:\\Users\\jeans\\Downloads\\slide\\nexframework\\tests\\MicroserviceTest.php","line":301,"trace":"#0 C:\\Users\\jeans\\Downloads\\slide\\nexframework\\run_tests.php(295): Tests\\MicroserviceTest->testServiceMetrics()\n#1 C:\\Users\\jeans\\Downloads\\slide\\nexframework\\run_tests.php(51): runAllTests(Array)\n#2 {main}"}
[2025-06-05 18:01:26] error: Error [2]: Undefined array key "name" in C:\Users\jeans\Downloads\slide\nexframework\tests\AuthTest.php:68
[2025-06-05 18:01:29] error: Error [2]: Undefined array key "name" in C:\Users\jeans\Downloads\slide\nexframework\tests\MicroserviceTest.php:118
[2025-06-05 18:01:29] error: Exception: Call to undefined method Nexa\Microservices\ServiceClient::mockSlowRequest() in C:\Users\jeans\Downloads\slide\nexframework\tests\MicroserviceTest.php:329 {"exception":"Error","file":"C:\\Users\\jeans\\Downloads\\slide\\nexframework\\tests\\MicroserviceTest.php","line":329,"trace":"#0 C:\\Users\\jeans\\Downloads\\slide\\nexframework\\run_tests.php(295): Tests\\MicroserviceTest->testServiceTimeout()\n#1 C:\\Users\\jeans\\Downloads\\slide\\nexframework\\run_tests.php(51): runAllTests(Array)\n#2 {main}"}
[2025-06-05 18:03:09] error: Error [2]: Undefined array key "name" in C:\Users\jeans\Downloads\slide\nexframework\tests\AuthTest.php:68
[2025-06-05 18:03:12] error: Error [2]: Undefined array key "name" in C:\Users\jeans\Downloads\slide\nexframework\tests\MicroserviceTest.php:118
[2025-06-05 18:03:12] error: Exception: Call to undefined method Nexa\Microservices\ServiceClient::setAuthToken() in C:\Users\jeans\Downloads\slide\nexframework\tests\MicroserviceTest.php:346 {"exception":"Error","file":"C:\\Users\\jeans\\Downloads\\slide\\nexframework\\tests\\MicroserviceTest.php","line":346,"trace":"#0 C:\\Users\\jeans\\Downloads\\slide\\nexframework\\run_tests.php(295): Tests\\MicroserviceTest->testServiceAuthentication()\n#1 C:\\Users\\jeans\\Downloads\\slide\\nexframework\\run_tests.php(51): runAllTests(Array)\n#2 {main}"}
[2025-06-05 18:05:17] error: Error [2]: Undefined array key "name" in C:\Users\jeans\Downloads\slide\nexframework\tests\AuthTest.php:68
[2025-06-05 18:05:19] error: Error [2]: rmdir(C:\Users\jeans\Downloads\slide\nexframework\tests/fixtures/TestPlugin): Directory not empty in C:\Users\jeans\Downloads\slide\nexframework\tests\PluginTest.php:45
[2025-06-05 18:05:19] error: Error [2]: file_put_contents(C:\Users\jeans\Downloads\slide\nexframework\tests/fixtures/TestPlugin/TestPlugin.php): Failed to open stream: Permission denied in C:\Users\jeans\Downloads\slide\nexframework\tests\PluginTest.php:73
[2025-06-05 18:05:19] error: Error [2]: file_put_contents(C:\Users\jeans\Downloads\slide\nexframework\tests/fixtures/TestPlugin/TestPlugin.php): Failed to open stream: Permission denied in C:\Users\jeans\Downloads\slide\nexframework\tests\PluginTest.php:73
[2025-06-05 18:05:19] error: Error [2]: file_put_contents(C:\Users\jeans\Downloads\slide\nexframework\tests/fixtures/TestPlugin/TestPlugin.php): Failed to open stream: Permission denied in C:\Users\jeans\Downloads\slide\nexframework\tests\PluginTest.php:73
[2025-06-05 18:05:19] error: Error [2]: file_put_contents(C:\Users\jeans\Downloads\slide\nexframework\tests/fixtures/TestPlugin/TestPlugin.php): Failed to open stream: Permission denied in C:\Users\jeans\Downloads\slide\nexframework\tests\PluginTest.php:73
[2025-06-05 18:05:19] error: Exception: Call to a member function getName() on null in C:\Users\jeans\Downloads\slide\nexframework\tests\PluginTest.php:139 {"exception":"Error","file":"C:\\Users\\jeans\\Downloads\\slide\\nexframework\\tests\\PluginTest.php","line":139,"trace":"#0 C:\\Users\\jeans\\Downloads\\slide\\nexframework\\run_tests.php(295): Tests\\PluginTest->testPluginInfo()\n#1 C:\\Users\\jeans\\Downloads\\slide\\nexframework\\run_tests.php(51): runAllTests(Array)\n#2 {main}"}
[2025-06-05 18:13:01] error: Exception: Call to undefined method Nexa\Events\ModelCreated::getModelData() in C:\Users\jeans\Downloads\slide\nexframework\tests\EventTest.php:235 {"exception":"Error","file":"C:\\Users\\jeans\\Downloads\\slide\\nexframework\\tests\\EventTest.php","line":235,"trace":"#0 C:\\Users\\jeans\\Downloads\\slide\\nexframework\\run_tests.php(295): Tests\\EventTest->testModelCreatedEvent()\n#1 C:\\Users\\jeans\\Downloads\\slide\\nexframework\\run_tests.php(51): runAllTests(Array)\n#2 {main}"}
[2025-06-05 18:13:32] error: Exception: array_merge(): Argument #2 must be of type array, null given in C:\Users\jeans\Downloads\slide\nexframework\src\Nexa\Queue\DatabaseQueueDriver.php:38 {"exception":"TypeError","file":"C:\\Users\\jeans\\Downloads\\slide\\nexframework\\src\\Nexa\\Queue\\DatabaseQueueDriver.php","line":38,"trace":"#0 C:\\Users\\jeans\\Downloads\\slide\\nexframework\\src\\Nexa\\Queue\\DatabaseQueueDriver.php(38): array_merge(Array, NULL)\n#1 C:\\Users\\jeans\\Downloads\\slide\\nexframework\\tests\\QueueTest.php(47): Nexa\\Queue\\DatabaseQueueDriver->__construct(NULL)\n#2 C:\\Users\\jeans\\Downloads\\slide\\nexframework\\run_tests.php(295): Tests\\QueueTest->testDatabaseQueueDriverPushAndPop()\n#3 C:\\Users\\jeans\\Downloads\\slide\\nexframework\\run_tests.php(51): runAllTests(Array)\n#4 {main}"}
[2025-06-05 18:14:57] error: Exception: Cannot use object of type Tests\TestJob as array in C:\Users\jeans\Downloads\slide\nexframework\tests\QueueTest.php:61 {"exception":"Error","file":"C:\\Users\\jeans\\Downloads\\slide\\nexframework\\tests\\QueueTest.php","line":61,"trace":"#0 C:\\Users\\jeans\\Downloads\\slide\\nexframework\\run_tests.php(295): Tests\\QueueTest->testDatabaseQueueDriverPushAndPop()\n#1 C:\\Users\\jeans\\Downloads\\slide\\nexframework\\run_tests.php(51): runAllTests(Array)\n#2 {main}"}
[2025-06-05 18:16:55] error: Exception: Call to private method Nexa\Queue\QueueManager::processJob() from scope Tests\QueueTest in C:\Users\jeans\Downloads\slide\nexframework\tests\QueueTest.php:76 {"exception":"Error","file":"C:\\Users\\jeans\\Downloads\\slide\\nexframework\\tests\\QueueTest.php","line":76,"trace":"#0 C:\\Users\\jeans\\Downloads\\slide\\nexframework\\run_tests.php(295): Tests\\QueueTest->testQueueManagerJobProcessing()\n#1 C:\\Users\\jeans\\Downloads\\slide\\nexframework\\run_tests.php(51): runAllTests(Array)\n#2 {main}"}
[2025-06-05 18:20:09] error: Exception: Call to undefined method Nexa\Queue\QueueManager::pushWithDelay() in C:\Users\jeans\Downloads\slide\nexframework\tests\QueueTest.php:119 {"exception":"Error","file":"C:\\Users\\jeans\\Downloads\\slide\\nexframework\\tests\\QueueTest.php","line":119,"trace":"#0 C:\\Users\\jeans\\Downloads\\slide\\nexframework\\run_tests.php(295): Tests\\QueueTest->testDelayedJobExecution()\n#1 C:\\Users\\jeans\\Downloads\\slide\\nexframework\\run_tests.php(51): runAllTests(Array)\n#2 {main}"}
[2025-06-05 18:21:19] error: Error [2]: Undefined array key "name" in C:\Users\jeans\Downloads\slide\nexframework\tests\MicroserviceTest.php:118
[2025-06-05 18:21:19] error: Exception: Too few arguments to function Nexa\Microservices\ServiceClient::setAuthToken(), 1 passed in C:\Users\jeans\Downloads\slide\nexframework\tests\MicroserviceTest.php on line 346 and exactly 2 expected in C:\Users\jeans\Downloads\slide\nexframework\src\Nexa\Microservices\ServiceClient.php:442 {"exception":"ArgumentCountError","file":"C:\\Users\\jeans\\Downloads\\slide\\nexframework\\src\\Nexa\\Microservices\\ServiceClient.php","line":442,"trace":"#0 C:\\Users\\jeans\\Downloads\\slide\\nexframework\\tests\\MicroserviceTest.php(346): Nexa\\Microservices\\ServiceClient->setAuthToken('bearer-token-12...')\n#1 C:\\Users\\jeans\\Downloads\\slide\\nexframework\\run_tests.php(295): Tests\\MicroserviceTest->testServiceAuthentication()\n#2 C:\\Users\\jeans\\Downloads\\slide\\nexframework\\run_tests.php(51): runAllTests(Array)\n#3 {main}"}
[2025-06-05 18:22:19] error: Error [2]: Undefined array key "name" in C:\Users\jeans\Downloads\slide\nexframework\tests\MicroserviceTest.php:118
[2025-06-05 18:22:19] error: Error [2]: Undefined array key "headers" in C:\Users\jeans\Downloads\slide\nexframework\tests\MicroserviceTest.php:351
[2025-06-05 18:22:19] error: Exception: Call to undefined method Nexa\Microservices\ServiceRegistry::discoverByVersion() in C:\Users\jeans\Downloads\slide\nexframework\tests\MicroserviceTest.php:371 {"exception":"Error","file":"C:\\Users\\jeans\\Downloads\\slide\\nexframework\\tests\\MicroserviceTest.php","line":371,"trace":"#0 C:\\Users\\jeans\\Downloads\\slide\\nexframework\\run_tests.php(295): Tests\\MicroserviceTest->testServiceVersioning()\n#1 C:\\Users\\jeans\\Downloads\\slide\\nexframework\\run_tests.php(51): runAllTests(Array)\n#2 {main}"}
[2025-06-05 18:23:58] error: Error [2]: Undefined array key "name" in C:\Users\jeans\Downloads\slide\nexframework\tests\MicroserviceTest.php:118
[2025-06-05 18:23:58] error: Error [2]: Undefined array key "headers" in C:\Users\jeans\Downloads\slide\nexframework\tests\MicroserviceTest.php:351
[2025-06-05 18:23:58] error: Error [2]: Trying to access array offset on value of type null in C:\Users\jeans\Downloads\slide\nexframework\tests\MicroserviceTest.php:374
[2025-06-05 18:23:58] error: Exception: Call to undefined method Nexa\Microservices\ServiceClient::enableTracing() in C:\Users\jeans\Downloads\slide\nexframework\tests\MicroserviceTest.php:390 {"exception":"Error","file":"C:\\Users\\jeans\\Downloads\\slide\\nexframework\\tests\\MicroserviceTest.php","line":390,"trace":"#0 C:\\Users\\jeans\\Downloads\\slide\\nexframework\\run_tests.php(295): Tests\\MicroserviceTest->testDistributedTracing()\n#1 C:\\Users\\jeans\\Downloads\\slide\\nexframework\\run_tests.php(51): runAllTests(Array)\n#2 {main}"}
[2025-06-05 18:26:38] error: Error [2]: Undefined array key "name" in C:\Users\jeans\Downloads\slide\nexframework\tests\MicroserviceTest.php:118
[2025-06-05 18:26:38] error: Error [2]: Undefined array key "headers" in C:\Users\jeans\Downloads\slide\nexframework\tests\MicroserviceTest.php:351
[2025-06-05 18:26:38] error: Error [2]: Trying to access array offset on value of type null in C:\Users\jeans\Downloads\slide\nexframework\tests\MicroserviceTest.php:374
[2025-06-05 18:26:38] error: Error [2]: Undefined array key "headers" in C:\Users\jeans\Downloads\slide\nexframework\tests\MicroserviceTest.php:398
[2025-06-05 18:26:38] error: Exception: Call to undefined method Nexa\Microservices\ServiceRegistry::mockConsulRegister() in C:\Users\jeans\Downloads\slide\nexframework\tests\MicroserviceTest.php:415 {"exception":"Error","file":"C:\\Users\\jeans\\Downloads\\slide\\nexframework\\tests\\MicroserviceTest.php","line":415,"trace":"#0 C:\\Users\\jeans\\Downloads\\slide\\nexframework\\run_tests.php(295): Tests\\MicroserviceTest->testServiceRegistryConsulIntegration()\n#1 C:\\Users\\jeans\\Downloads\\slide\\nexframework\\run_tests.php(51): runAllTests(Array)\n#2 {main}"}
[2025-06-05 18:27:16] error: Error [2]: Undefined array key "name" in C:\Users\jeans\Downloads\slide\nexframework\tests\MicroserviceTest.php:118
[2025-06-05 18:27:16] error: Error [2]: Undefined array key "headers" in C:\Users\jeans\Downloads\slide\nexframework\tests\MicroserviceTest.php:351
[2025-06-05 18:27:16] error: Error [2]: Trying to access array offset on value of type null in C:\Users\jeans\Downloads\slide\nexframework\tests\MicroserviceTest.php:374
[2025-06-05 18:27:16] error: Error [2]: Undefined array key "headers" in C:\Users\jeans\Downloads\slide\nexframework\tests\MicroserviceTest.php:398
[2025-06-05 18:27:16] error: Exception: Call to undefined method Nexa\Microservices\ServiceRegistry::mockEtcdRegister() in C:\Users\jeans\Downloads\slide\nexframework\tests\MicroserviceTest.php:425 {"exception":"Error","file":"C:\\Users\\jeans\\Downloads\\slide\\nexframework\\tests\\MicroserviceTest.php","line":425,"trace":"#0 C:\\Users\\jeans\\Downloads\\slide\\nexframework\\run_tests.php(295): Tests\\MicroserviceTest->testServiceRegistryEtcdIntegration()\n#1 C:\\Users\\jeans\\Downloads\\slide\\nexframework\\run_tests.php(51): runAllTests(Array)\n#2 {main}"}
[2025-06-05 18:27:49] error: Error [2]: Undefined array key "name" in C:\Users\jeans\Downloads\slide\nexframework\tests\MicroserviceTest.php:118
[2025-06-05 18:27:49] error: Error [2]: Undefined array key "headers" in C:\Users\jeans\Downloads\slide\nexframework\tests\MicroserviceTest.php:351
[2025-06-05 18:27:49] error: Error [2]: Trying to access array offset on value of type null in C:\Users\jeans\Downloads\slide\nexframework\tests\MicroserviceTest.php:374
[2025-06-05 18:27:49] error: Error [2]: Undefined array key "headers" in C:\Users\jeans\Downloads\slide\nexframework\tests\MicroserviceTest.php:398
[2025-06-05 18:27:49] error: Exception: Call to undefined method Nexa\Microservices\ServiceRegistry::mockRedisRegister() in C:\Users\jeans\Downloads\slide\nexframework\tests\MicroserviceTest.php:435 {"exception":"Error","file":"C:\\Users\\jeans\\Downloads\\slide\\nexframework\\tests\\MicroserviceTest.php","line":435,"trace":"#0 C:\\Users\\jeans\\Downloads\\slide\\nexframework\\run_tests.php(295): Tests\\MicroserviceTest->testServiceRegistryRedisIntegration()\n#1 C:\\Users\\jeans\\Downloads\\slide\\nexframework\\run_tests.php(51): runAllTests(Array)\n#2 {main}"}
[2025-06-05 18:28:34] error: Error [2]: Undefined array key "name" in C:\Users\jeans\Downloads\slide\nexframework\tests\MicroserviceTest.php:118
[2025-06-05 18:28:34] error: Error [2]: Undefined array key "headers" in C:\Users\jeans\Downloads\slide\nexframework\tests\MicroserviceTest.php:351
[2025-06-05 18:28:35] error: Error [2]: Trying to access array offset on value of type null in C:\Users\jeans\Downloads\slide\nexframework\tests\MicroserviceTest.php:374
[2025-06-05 18:28:35] error: Error [2]: Undefined array key "headers" in C:\Users\jeans\Downloads\slide\nexframework\tests\MicroserviceTest.php:398
[2025-06-05 18:29:50] error: Error [2]: Undefined array key "name" in C:\Users\jeans\Downloads\slide\nexframework\tests\MicroserviceTest.php:118
[2025-06-05 18:29:50] error: Error [2]: Trying to access array offset on value of type null in C:\Users\jeans\Downloads\slide\nexframework\tests\MicroserviceTest.php:374
[2025-06-05 18:31:53] error: Error [2]: Undefined array key "name" in C:\Users\jeans\Downloads\slide\nexframework\tests\MicroserviceTest.php:118
[2025-06-05 18:31:53] error: Error [2]: Trying to access array offset on value of type null in C:\Users\jeans\Downloads\slide\nexframework\tests\MicroserviceTest.php:374
[2025-06-05 18:35:17] error: Error [2]: Undefined array key "name" in C:\Users\jeans\Downloads\slide\nexframework\tests\MicroserviceTest.php:118
[2025-06-05 18:35:17] error: Error [2]: Trying to access array offset on value of type null in C:\Users\jeans\Downloads\slide\nexframework\tests\MicroserviceTest.php:374
[2025-06-05 18:35:45] error: Error [2]: Undefined array key "name" in C:\Users\jeans\Downloads\slide\nexframework\tests\MicroserviceTest.php:118
[2025-06-05 18:35:45] error: Error [2]: Trying to access array offset on value of type null in C:\Users\jeans\Downloads\slide\nexframework\tests\MicroserviceTest.php:374
[2025-06-05 18:39:46] error: Exception: Interface "Nexa\Plugin\PluginInterface" not found in C:\Users\jeans\AppData\Local\Temp\nexa_test_plugin_6841c8524a1d0\TestPlugin6841c8524a3c9.php:8 {"exception":"Error","file":"C:\\Users\\jeans\\AppData\\Local\\Temp\\nexa_test_plugin_6841c8524a1d0\\TestPlugin6841c8524a3c9.php","line":8,"trace":"#0 C:\\Users\\jeans\\Downloads\\slide\\nexframework\\src\\Plugins\\PluginManager.php(573): require_once()\n#1 C:\\Users\\jeans\\Downloads\\slide\\nexframework\\tests\\PluginTest.php(140): Nexa\\Plugins\\PluginManager->scanPlugins('C:\\\\Users\\\\jeans\\\\...')\n#2 C:\\Users\\jeans\\Downloads\\slide\\nexframework\\run_tests.php(295): Tests\\PluginTest->testPluginDiscovery()\n#3 C:\\Users\\jeans\\Downloads\\slide\\nexframework\\run_tests.php(51): runAllTests(Array)\n#4 {main}"}
[2025-06-05 18:43:07] error: Exception: Call to a member function getName() on null in C:\Users\jeans\Downloads\slide\nexframework\tests\PluginTest.php:150 {"exception":"Error","file":"C:\\Users\\jeans\\Downloads\\slide\\nexframework\\tests\\PluginTest.php","line":150,"trace":"#0 C:\\Users\\jeans\\Downloads\\slide\\nexframework\\run_tests.php(295): Tests\\PluginTest->testPluginInfo()\n#1 C:\\Users\\jeans\\Downloads\\slide\\nexframework\\run_tests.php(51): runAllTests(Array)\n#2 {main}"}
[2025-06-05 18:44:20] error: Exception: Call to a member function isCompatible() on null in C:\Users\jeans\Downloads\slide\nexframework\tests\PluginTest.php:175 {"exception":"Error","file":"C:\\Users\\jeans\\Downloads\\slide\\nexframework\\tests\\PluginTest.php","line":175,"trace":"#0 C:\\Users\\jeans\\Downloads\\slide\\nexframework\\run_tests.php(295): Tests\\PluginTest->testPluginCompatibility()\n#1 C:\\Users\\jeans\\Downloads\\slide\\nexframework\\run_tests.php(51): runAllTests(Array)\n#2 {main}"}
[2025-06-05 18:47:00] error: Exception: Call to undefined method Nexa\Http\Request::isAuthenticated() in C:\Users\jeans\Downloads\slide\nexframework\tests\AuthTest.php:178 {"exception":"Error","file":"C:\\Users\\jeans\\Downloads\\slide\\nexframework\\tests\\AuthTest.php","line":178,"trace":"#0 C:\\Users\\jeans\\Downloads\\slide\\nexframework\\run_tests.php(295): Tests\\AuthTest->testRequestUserMethods()\n#1 C:\\Users\\jeans\\Downloads\\slide\\nexframework\\run_tests.php(51): runAllTests(Array)\n#2 {main}"}
[2025-06-05 18:47:15] error: Exception: Call to undefined method Nexa\Http\Request::isAuthenticated() in C:\Users\jeans\Downloads\slide\nexframework\tests\AuthTest.php:178 {"exception":"Error","file":"C:\\Users\\jeans\\Downloads\\slide\\nexframework\\tests\\AuthTest.php","line":178,"trace":"#0 C:\\Users\\jeans\\Downloads\\slide\\nexframework\\run_tests.php(295): Tests\\AuthTest->testRequestUserMethods()\n#1 C:\\Users\\jeans\\Downloads\\slide\\nexframework\\run_tests.php(51): runAllTests(Array)\n#2 {main}"}
[2025-06-05 18:47:50] error: Exception: Call to undefined method Tests\AuthTest::assertIsString() in C:\Users\jeans\Downloads\slide\nexframework\tests\AuthTest.php:178 {"exception":"Error","file":"C:\\Users\\jeans\\Downloads\\slide\\nexframework\\tests\\AuthTest.php","line":178,"trace":"#0 C:\\Users\\jeans\\Downloads\\slide\\nexframework\\run_tests.php(295): Tests\\AuthTest->testRequestUserMethods()\n#1 C:\\Users\\jeans\\Downloads\\slide\\nexframework\\run_tests.php(51): runAllTests(Array)\n#2 {main}"}
[2025-06-05 18:48:36] error: Exception: Call to undefined method Nexa\Http\Request::setUser() in C:\Users\jeans\Downloads\slide\nexframework\tests\AuthTest.php:207 {"exception":"Error","file":"C:\\Users\\jeans\\Downloads\\slide\\nexframework\\tests\\AuthTest.php","line":207,"trace":"#0 C:\\Users\\jeans\\Downloads\\slide\\nexframework\\run_tests.php(295): Tests\\AuthTest->testAuthenticationFlow()\n#1 C:\\Users\\jeans\\Downloads\\slide\\nexframework\\run_tests.php(51): runAllTests(Array)\n#2 {main}"}
[2025-06-05 18:49:16] error: Error [2]: Undefined array key "name" in C:\Users\jeans\Downloads\slide\nexframework\tests\MicroserviceTest.php:118
[2025-06-05 18:49:16] error: Error [2]: Trying to access array offset on value of type null in C:\Users\jeans\Downloads\slide\nexframework\tests\MicroserviceTest.php:374
[2025-06-05 18:52:53] error: Error [2]: Undefined array key "name" in C:\Users\jeans\Downloads\slide\nexframework\tests\MicroserviceTest.php:118
[2025-06-05 18:52:53] error: Error [2]: Trying to access array offset on value of type null in C:\Users\jeans\Downloads\slide\nexframework\tests\MicroserviceTest.php:374
[2025-06-05 18:56:33] error: Error [2]: Undefined array key "name" in C:\Users\jeans\Downloads\slide\nexframework\tests\MicroserviceTest.php:118
[2025-06-05 18:56:33] error: Error [2]: Trying to access array offset on value of type null in C:\Users\jeans\Downloads\slide\nexframework\tests\MicroserviceTest.php:374
[2025-06-05 18:57:37] error: Error [2]: Undefined array key "name" in C:\Users\jeans\Downloads\slide\nexframework\tests\MicroserviceTest.php:118
[2025-06-05 18:57:37] error: Error [2]: Trying to access array offset on value of type null in C:\Users\jeans\Downloads\slide\nexframework\tests\MicroserviceTest.php:374
[2025-06-05 19:03:45] error: Error [2]: Undefined array key "name" in C:\Users\jeans\Downloads\slide\nexframework\tests\MicroserviceTest.php:118
[2025-06-05 19:03:45] error: Exception: Call to private method Nexa\Microservices\ServiceClient::selectInstance() from scope Tests\MicroserviceTest in C:\Users\jeans\Downloads\slide\nexframework\tests\MicroserviceTest.php:275 {"exception":"Error","file":"C:\\Users\\jeans\\Downloads\\slide\\nexframework\\tests\\MicroserviceTest.php","line":275,"trace":"#0 C:\\Users\\jeans\\Downloads\\slide\\nexframework\\run_tests.php(295): Tests\\MicroserviceTest->testLoadBalancing()\n#1 C:\\Users\\jeans\\Downloads\\slide\\nexframework\\run_tests.php(51): runAllTests(Array)\n#2 {main}"}
[2025-06-05 19:04:42] error: Error [2]: Undefined array key "name" in C:\Users\jeans\Downloads\slide\nexframework\tests\MicroserviceTest.php:118
[2025-06-05 19:04:42] error: Exception: Call to private method Nexa\Microservices\ServiceClient::selectInstance() from scope Tests\MicroserviceTest in C:\Users\jeans\Downloads\slide\nexframework\tests\MicroserviceTest.php:275 {"exception":"Error","file":"C:\\Users\\jeans\\Downloads\\slide\\nexframework\\tests\\MicroserviceTest.php","line":275,"trace":"#0 C:\\Users\\jeans\\Downloads\\slide\\nexframework\\tests\\Phase3TestSuite.php(68): Tests\\MicroserviceTest->testLoadBalancing()\n#1 C:\\Users\\jeans\\Downloads\\slide\\nexframework\\tests\\Phase3TestSuite.php(31): Tests\\Phase3TestSuite->runTestClass('MicroserviceTes...', 'Microservice Sy...')\n#2 C:\\Users\\jeans\\Downloads\\slide\\nexframework\\tests\\Phase3TestSuite.php(284): Tests\\Phase3TestSuite->runAllTests()\n#3 {main}"}
[2025-06-05 19:05:22] error: Error [2]: Undefined array key "name" in C:\Users\jeans\Downloads\slide\nexframework\tests\MicroserviceTest.php:118
[2025-06-05 19:05:22] error: Exception: Call to undefined method Nexa\Microservices\ServiceRegistry::getInstances() in C:\Users\jeans\Downloads\slide\nexframework\src\Nexa\Microservices\ServiceClient.php:387 {"exception":"Error","file":"C:\\Users\\jeans\\Downloads\\slide\\nexframework\\src\\Nexa\\Microservices\\ServiceClient.php","line":387,"trace":"#0 C:\\Users\\jeans\\Downloads\\slide\\nexframework\\tests\\MicroserviceTest.php(275): Nexa\\Microservices\\ServiceClient->selectInstance('user-service')\n#1 C:\\Users\\jeans\\Downloads\\slide\\nexframework\\tests\\Phase3TestSuite.php(68): Tests\\MicroserviceTest->testLoadBalancing()\n#2 C:\\Users\\jeans\\Downloads\\slide\\nexframework\\tests\\Phase3TestSuite.php(31): Tests\\Phase3TestSuite->runTestClass('MicroserviceTes...', 'Microservice Sy...')\n#3 C:\\Users\\jeans\\Downloads\\slide\\nexframework\\tests\\Phase3TestSuite.php(284): Tests\\Phase3TestSuite->runAllTests()\n#4 {main}"}
[2025-06-05 19:06:11] error: Error [2]: Undefined array key "name" in C:\Users\jeans\Downloads\slide\nexframework\tests\MicroserviceTest.php:118
[2025-06-05 19:06:11] error: Error [8192]: Creation of dynamic property Nexa\Microservices\ServiceClient::$loadBalancer is deprecated in C:\Users\jeans\Downloads\slide\nexframework\src\Nexa\Microservices\ServiceClient.php:394
[2025-06-05 19:06:11] error: Error [2]: Trying to access array offset on value of type null in C:\Users\jeans\Downloads\slide\nexframework\tests\MicroserviceTest.php:374
[2025-06-05 19:06:45] error: Error [2]: Undefined array key "name" in C:\Users\jeans\Downloads\slide\nexframework\tests\MicroserviceTest.php:118
[2025-06-05 19:06:45] error: Error [8192]: Creation of dynamic property Nexa\Microservices\ServiceClient::$loadBalancer is deprecated in C:\Users\jeans\Downloads\slide\nexframework\src\Nexa\Microservices\ServiceClient.php:394
[2025-06-05 19:06:45] error: Error [2]: Trying to access array offset on value of type null in C:\Users\jeans\Downloads\slide\nexframework\tests\MicroserviceTest.php:374
[2025-06-05 19:07:12] error: Error [2]: Undefined array key "name" in C:\Users\jeans\Downloads\slide\nexframework\tests\MicroserviceTest.php:118
[2025-06-05 19:07:12] error: Error [8192]: Creation of dynamic property Nexa\Microservices\ServiceClient::$loadBalancer is deprecated in C:\Users\jeans\Downloads\slide\nexframework\src\Nexa\Microservices\ServiceClient.php:394
[2025-06-05 19:07:12] error: Error [2]: Trying to access array offset on value of type null in C:\Users\jeans\Downloads\slide\nexframework\tests\MicroserviceTest.php:374
[2025-06-05 19:08:44] error: Error [2]: Undefined array key "name" in C:\Users\jeans\Downloads\slide\nexframework\tests\MicroserviceTest.php:118
[2025-06-05 19:08:44] error: Error [8192]: Creation of dynamic property Nexa\Microservices\ServiceClient::$loadBalancer is deprecated in C:\Users\jeans\Downloads\slide\nexframework\src\Nexa\Microservices\ServiceClient.php:394
[2025-06-05 19:08:44] error: Error [2]: Trying to access array offset on value of type null in C:\Users\jeans\Downloads\slide\nexframework\tests\MicroserviceTest.php:374
[2025-06-05 19:10:40] error: Error [8192]: Creation of dynamic property Nexa\Microservices\ServiceClient::$loadBalancer is deprecated in C:\Users\jeans\Downloads\slide\nexframework\src\Nexa\Microservices\ServiceClient.php:394
[2025-06-05 19:10:40] error: Error [2]: Trying to access array offset on value of type null in C:\Users\jeans\Downloads\slide\nexframework\tests\MicroserviceTest.php:374
[2025-06-05 19:13:03] error: Exception: Call to a member function getName() on null in C:\Users\jeans\Downloads\slide\nexframework\tests\PluginTest.php:150 {"exception":"Error","file":"C:\\Users\\jeans\\Downloads\\slide\\nexframework\\tests\\PluginTest.php","line":150,"trace":"#0 C:\\Users\\jeans\\Downloads\\slide\\nexframework\\tests\\Phase3TestSuite.php(68): Tests\\PluginTest->testPluginInfo()\n#1 C:\\Users\\jeans\\Downloads\\slide\\nexframework\\tests\\Phase3TestSuite.php(31): Tests\\Phase3TestSuite->runTestClass('PluginTest', 'Plugin System T...')\n#2 C:\\Users\\jeans\\Downloads\\slide\\nexframework\\tests\\Phase3TestSuite.php(284): Tests\\Phase3TestSuite->runAllTests()\n#3 {main}"}
[2025-06-05 19:13:18] error: Exception: Call to a member function getName() on null in C:\Users\jeans\Downloads\slide\nexframework\tests\PluginTest.php:150 {"exception":"Error","file":"C:\\Users\\jeans\\Downloads\\slide\\nexframework\\tests\\PluginTest.php","line":150,"trace":"#0 C:\\Users\\jeans\\Downloads\\slide\\nexframework\\tests\\Phase3TestSuite.php(68): Tests\\PluginTest->testPluginInfo()\n#1 C:\\Users\\jeans\\Downloads\\slide\\nexframework\\tests\\Phase3TestSuite.php(31): Tests\\Phase3TestSuite->runTestClass('PluginTest', 'Plugin System T...')\n#2 C:\\Users\\jeans\\Downloads\\slide\\nexframework\\tests\\Phase3TestSuite.php(284): Tests\\Phase3TestSuite->runAllTests()\n#3 {main}"}
[2025-06-05 19:13:24] error: Exception: Call to a member function getName() on null in C:\Users\jeans\Downloads\slide\nexframework\tests\PluginTest.php:150 {"exception":"Error","file":"C:\\Users\\jeans\\Downloads\\slide\\nexframework\\tests\\PluginTest.php","line":150,"trace":"#0 C:\\Users\\jeans\\Downloads\\slide\\nexframework\\tests\\Phase3TestSuite.php(68): Tests\\PluginTest->testPluginInfo()\n#1 C:\\Users\\jeans\\Downloads\\slide\\nexframework\\tests\\Phase3TestSuite.php(31): Tests\\Phase3TestSuite->runTestClass('PluginTest', 'Plugin System T...')\n#2 C:\\Users\\jeans\\Downloads\\slide\\nexframework\\tests\\Phase3TestSuite.php(284): Tests\\Phase3TestSuite->runAllTests()\n#3 {main}"}
[2025-06-05 19:13:59] error: Exception: Call to a member function getName() on null in C:\Users\jeans\Downloads\slide\nexframework\tests\PluginTest.php:150 {"exception":"Error","file":"C:\\Users\\jeans\\Downloads\\slide\\nexframework\\tests\\PluginTest.php","line":150,"trace":"#0 C:\\Users\\jeans\\Downloads\\slide\\nexframework\\tests\\Phase3TestSuite.php(68): Tests\\PluginTest->testPluginInfo()\n#1 C:\\Users\\jeans\\Downloads\\slide\\nexframework\\tests\\Phase3TestSuite.php(31): Tests\\Phase3TestSuite->runTestClass('PluginTest', 'Plugin System T...')\n#2 C:\\Users\\jeans\\Downloads\\slide\\nexframework\\tests\\Phase3TestSuite.php(284): Tests\\Phase3TestSuite->runAllTests()\n#3 {main}"}
[2025-06-05 19:14:52] error: Error [8192]: Creation of dynamic property Nexa\Microservices\ServiceClient::$loadBalancer is deprecated in C:\Users\jeans\Downloads\slide\nexframework\src\Nexa\Microservices\ServiceClient.php:394
[2025-06-05 19:14:52] error: Error [2]: Trying to access array offset on value of type null in C:\Users\jeans\Downloads\slide\nexframework\tests\MicroserviceTest.php:374
[2025-06-05 19:16:09] error: Error [8192]: Creation of dynamic property Nexa\Microservices\ServiceClient::$loadBalancer is deprecated in C:\Users\jeans\Downloads\slide\nexframework\src\Nexa\Microservices\ServiceClient.php:394
[2025-06-05 19:16:09] error: Error [2]: Trying to access array offset on value of type null in C:\Users\jeans\Downloads\slide\nexframework\tests\MicroserviceTest.php:374
[2025-06-05 19:17:44] error: Error [8192]: Creation of dynamic property Nexa\Microservices\ServiceClient::$loadBalancer is deprecated in C:\Users\jeans\Downloads\slide\nexframework\src\Nexa\Microservices\ServiceClient.php:394
[2025-06-05 19:17:44] error: Error [2]: Trying to access array offset on value of type null in C:\Users\jeans\Downloads\slide\nexframework\tests\MicroserviceTest.php:374
[2025-06-05 19:19:28] error: Error [8192]: Creation of dynamic property Nexa\Microservices\ServiceClient::$loadBalancer is deprecated in C:\Users\jeans\Downloads\slide\nexframework\src\Nexa\Microservices\ServiceClient.php:394
[2025-06-05 19:19:28] error: Error [2]: Trying to access array offset on value of type null in C:\Users\jeans\Downloads\slide\nexframework\tests\MicroserviceTest.php:374
[2025-06-05 19:22:22] error: Error [8192]: Creation of dynamic property Nexa\Microservices\ServiceClient::$loadBalancer is deprecated in C:\Users\jeans\Downloads\slide\nexframework\src\Nexa\Microservices\ServiceClient.php:394
[2025-06-05 19:22:37] error: Error [8192]: Creation of dynamic property Nexa\Microservices\ServiceClient::$loadBalancer is deprecated in C:\Users\jeans\Downloads\slide\nexframework\src\Nexa\Microservices\ServiceClient.php:394
[2025-06-05 19:23:27] error: Error [8192]: Creation of dynamic property Nexa\Microservices\ServiceClient::$loadBalancer is deprecated in C:\Users\jeans\Downloads\slide\nexframework\src\Nexa\Microservices\ServiceClient.php:394
[2025-06-05 19:24:07] error: Error [8192]: Creation of dynamic property Nexa\Microservices\ServiceClient::$loadBalancer is deprecated in C:\Users\jeans\Downloads\slide\nexframework\src\Nexa\Microservices\ServiceClient.php:397
[2025-06-05 19:24:21] error: Error [8192]: Creation of dynamic property Nexa\Microservices\ServiceClient::$loadBalancer is deprecated in C:\Users\jeans\Downloads\slide\nexframework\src\Nexa\Microservices\ServiceClient.php:397
[2025-06-05 19:24:45] error: Error [8192]: Creation of dynamic property Nexa\Microservices\ServiceClient::$loadBalancer is deprecated in C:\Users\jeans\Downloads\slide\nexframework\src\Nexa\Microservices\ServiceClient.php:402
[2025-06-05 19:26:21] error: Error [8192]: Creation of dynamic property Nexa\Microservices\ServiceClient::$loadBalancer is deprecated in C:\Users\jeans\Downloads\slide\nexframework\src\Nexa\Microservices\ServiceClient.php:402
[2025-06-05 19:28:00] error: Error [8192]: Creation of dynamic property Nexa\Microservices\ServiceClient::$loadBalancer is deprecated in C:\Users\jeans\Downloads\slide\nexframework\src\Nexa\Microservices\ServiceClient.php:407
[2025-06-05 19:29:03] error: Error [8192]: Creation of dynamic property Nexa\Microservices\ServiceClient::$loadBalancer is deprecated in C:\Users\jeans\Downloads\slide\nexframework\src\Nexa\Microservices\ServiceClient.php:407
[2025-06-05 19:29:19] error: Error [8192]: Creation of dynamic property Nexa\Microservices\ServiceClient::$loadBalancer is deprecated in C:\Users\jeans\Downloads\slide\nexframework\src\Nexa\Microservices\ServiceClient.php:407
[2025-06-05 19:40:51] info: Welcome page accessed {"ip":"::1","user_agent":"Mozilla\/5.0 (Windows NT 10.0; Win64; x64) AppleWebKit\/537.36 (KHTML, like Gecko) Chrome\/136.0.0.0 Safari\/537.36 Edg\/136.0.0.0"}
[2025-06-05 19:42:42] error: Exception: Call to a member function exec() on array in C:\Users\jeans\Downloads\slide\nexframework\src\Nexa\Queue\DatabaseQueueDriver.php:107 {"exception":"Error","file":"C:\\Users\\jeans\\Downloads\\slide\\nexframework\\src\\Nexa\\Queue\\DatabaseQueueDriver.php","line":107,"trace":"#0 C:\\Users\\jeans\\Downloads\\slide\\nexframework\\src\\Nexa\\Queue\\DatabaseQueueDriver.php(68): Nexa\\Queue\\DatabaseQueueDriver->createTablesIfNotExists()\n#1 C:\\Users\\jeans\\Downloads\\slide\\nexframework\\src\\Nexa\\Queue\\QueueManager.php(73): Nexa\\Queue\\DatabaseQueueDriver->__construct(Array, NULL)\n#2 C:\\Users\\jeans\\Downloads\\slide\\nexframework\\src\\Nexa\\Queue\\QueueManager.php(62): Nexa\\Queue\\QueueManager->initializeDrivers()\n#3 C:\\Users\\jeans\\Downloads\\slide\\nexframework\\tests\\QueueTest.php(20): Nexa\\Queue\\QueueManager->__construct()\n#4 C:\\Users\\jeans\\Downloads\\slide\\nexframework\\run_tests.php(292): Tests\\QueueTest->setUp()\n#5 C:\\Users\\jeans\\Downloads\\slide\\nexframework\\run_tests.php(51): runAllTests(Array)\n#6 {main}"}
[2025-06-05 19:55:12] error: Exception: Too few arguments to function Nexa\Plugins\PluginManager::__construct(), 0 passed in C:\Users\jeans\Downloads\slide\nexframework\tests\Phase3TestSuite.php on line 156 and exactly 1 expected in C:\Users\jeans\Downloads\slide\nexframework\src\Plugins\PluginManager.php:60 {"exception":"ArgumentCountError","file":"C:\\Users\\jeans\\Downloads\\slide\\nexframework\\src\\Plugins\\PluginManager.php","line":60,"trace":"#0 C:\\Users\\jeans\\Downloads\\slide\\nexframework\\tests\\Phase3TestSuite.php(156): Nexa\\Plugins\\PluginManager->__construct()\n#1 C:\\Users\\jeans\\Downloads\\slide\\nexframework\\tests\\Phase3TestSuite.php(144): Tests\\Phase3TestSuite->testPluginModuleIntegration()\n#2 C:\\Users\\jeans\\Downloads\\slide\\nexframework\\run_tests.php(339): Tests\\Phase3TestSuite->testPhase3Integration()\n#3 C:\\Users\\jeans\\Downloads\\slide\\nexframework\\run_tests.php(51): runAllTests(Array)\n#4 {main}"}
[2025-06-05 19:55:34] error: Exception: Too few arguments to function Nexa\Plugins\PluginManager::__construct(), 0 passed in C:\Users\jeans\Downloads\slide\nexframework\tests\Phase3TestSuite.php on line 156 and exactly 1 expected in C:\Users\jeans\Downloads\slide\nexframework\src\Plugins\PluginManager.php:60 {"exception":"ArgumentCountError","file":"C:\\Users\\jeans\\Downloads\\slide\\nexframework\\src\\Plugins\\PluginManager.php","line":60,"trace":"#0 C:\\Users\\jeans\\Downloads\\slide\\nexframework\\tests\\Phase3TestSuite.php(156): Nexa\\Plugins\\PluginManager->__construct()\n#1 C:\\Users\\jeans\\Downloads\\slide\\nexframework\\tests\\Phase3TestSuite.php(144): Tests\\Phase3TestSuite->testPluginModuleIntegration()\n#2 C:\\Users\\jeans\\Downloads\\slide\\nexframework\\run_tests.php(339): Tests\\Phase3TestSuite->testPhase3Integration()\n#3 C:\\Users\\jeans\\Downloads\\slide\\nexframework\\run_tests.php(51): runAllTests(Array)\n#4 {main}"}
[2025-06-05 19:57:08] error: Exception: Too few arguments to function Nexa\Plugins\PluginManager::__construct(), 0 passed in C:\Users\jeans\Downloads\slide\nexframework\tests\Phase3TestSuite.php on line 156 and exactly 1 expected in C:\Users\jeans\Downloads\slide\nexframework\src\Plugins\PluginManager.php:60 {"exception":"ArgumentCountError","file":"C:\\Users\\jeans\\Downloads\\slide\\nexframework\\src\\Plugins\\PluginManager.php","line":60,"trace":"#0 C:\\Users\\jeans\\Downloads\\slide\\nexframework\\tests\\Phase3TestSuite.php(156): Nexa\\Plugins\\PluginManager->__construct()\n#1 C:\\Users\\jeans\\Downloads\\slide\\nexframework\\tests\\Phase3TestSuite.php(144): Tests\\Phase3TestSuite->testPluginModuleIntegration()\n#2 C:\\Users\\jeans\\Downloads\\slide\\nexframework\\run_tests.php(339): Tests\\Phase3TestSuite->testPhase3Integration()\n#3 C:\\Users\\jeans\\Downloads\\slide\\nexframework\\run_tests.php(51): runAllTests(Array)\n#4 {main}"}
[2025-06-05 20:02:54] error: Exception: Too few arguments to function Nexa\Plugins\PluginManager::__construct(), 0 passed in C:\Users\jeans\Downloads\slide\nexframework\tests\Phase3TestSuite.php on line 156 and exactly 1 expected in C:\Users\jeans\Downloads\slide\nexframework\src\Plugins\PluginManager.php:60 {"exception":"ArgumentCountError","file":"C:\\Users\\jeans\\Downloads\\slide\\nexframework\\src\\Plugins\\PluginManager.php","line":60,"trace":"#0 C:\\Users\\jeans\\Downloads\\slide\\nexframework\\tests\\Phase3TestSuite.php(156): Nexa\\Plugins\\PluginManager->__construct()\n#1 C:\\Users\\jeans\\Downloads\\slide\\nexframework\\tests\\Phase3TestSuite.php(144): Tests\\Phase3TestSuite->testPluginModuleIntegration()\n#2 C:\\Users\\jeans\\Downloads\\slide\\nexframework\\run_tests.php(339): Tests\\Phase3TestSuite->testPhase3Integration()\n#3 C:\\Users\\jeans\\Downloads\\slide\\nexframework\\run_tests.php(51): runAllTests(Array)\n#4 {main}"}
[2025-06-05 20:03:47] error: Exception: Too few arguments to function Nexa\Plugins\PluginManager::__construct(), 0 passed in C:\Users\jeans\Downloads\slide\nexframework\tests\Phase3TestSuite.php on line 156 and exactly 1 expected in C:\Users\jeans\Downloads\slide\nexframework\src\Plugins\PluginManager.php:60 {"exception":"ArgumentCountError","file":"C:\\Users\\jeans\\Downloads\\slide\\nexframework\\src\\Plugins\\PluginManager.php","line":60,"trace":"#0 C:\\Users\\jeans\\Downloads\\slide\\nexframework\\tests\\Phase3TestSuite.php(156): Nexa\\Plugins\\PluginManager->__construct()\n#1 C:\\Users\\jeans\\Downloads\\slide\\nexframework\\tests\\Phase3TestSuite.php(144): Tests\\Phase3TestSuite->testPluginModuleIntegration()\n#2 C:\\Users\\jeans\\Downloads\\slide\\nexframework\\run_tests.php(339): Tests\\Phase3TestSuite->testPhase3Integration()\n#3 C:\\Users\\jeans\\Downloads\\slide\\nexframework\\run_tests.php(51): runAllTests(Array)\n#4 {main}"}
[2025-06-05 20:03:56] error: Error [2]: Trying to access array offset on value of type null in C:\Users\jeans\Downloads\slide\nexframework\src\Modules\Module.php:285
[2025-06-05 20:03:56] error: Exception: Call to a member function get() on null in C:\Users\jeans\Downloads\slide\nexframework\src\Modules\Module.php:285 {"exception":"Error","file":"C:\\Users\\jeans\\Downloads\\slide\\nexframework\\src\\Modules\\Module.php","line":285,"trace":"#0 C:\\Users\\jeans\\Downloads\\slide\\nexframework\\tests\\ModuleTest.php(468): Nexa\\Modules\\Module->publishAssets()\n#1 C:\\Users\\jeans\\Downloads\\slide\\nexframework\\tests\\Phase3TestSuite.php(68): Tests\\ModuleTest->testModuleAssetPublishing()\n#2 C:\\Users\\jeans\\Downloads\\slide\\nexframework\\tests\\Phase3TestSuite.php(31): Tests\\Phase3TestSuite->runTestClass('ModuleTest', 'Module System T...')\n#3 C:\\Users\\jeans\\Downloads\\slide\\nexframework\\tests\\Phase3TestSuite.php(284): Tests\\Phase3TestSuite->runAllTests()\n#4 {main}"}
[2025-06-05 20:17:16] info: Welcome page accessed {"ip":"::1","user_agent":"Mozilla\/5.0 (Windows NT 10.0; Win64; x64) AppleWebKit\/537.36 (KHTML, like Gecko) Chrome\/136.0.0.0 Safari\/537.36 Edg\/136.0.0.0"}
[2025-06-05 20:17:23] info: About page accessed
[2025-06-05 20:17:26] info: Welcome page accessed {"ip":"::1","user_agent":"Mozilla\/5.0 (Windows NT 10.0; Win64; x64) AppleWebKit\/537.36 (KHTML, like Gecko) Chrome\/136.0.0.0 Safari\/537.36 Edg\/136.0.0.0"}
[2025-06-05 20:17:31] info: About page accessed
[2025-06-05 20:17:33] info: Documentation page accessed
[2025-06-05 20:19:19] info: Documentation page accessed
[2025-06-05 20:24:35] info: Documentation page accessed
[2025-06-05 20:24:39] info: About page accessed
[2025-06-05 20:24:49] info: Documentation page accessed
[2025-06-05 20:24:58] info: Welcome page accessed {"ip":"::1","user_agent":"Mozilla\/5.0 (Windows NT 10.0; Win64; x64) AppleWebKit\/537.36 (KHTML, like Gecko) Chrome\/136.0.0.0 Safari\/537.36 Edg\/136.0.0.0"}
[2025-06-05 20:28:52] info: Welcome page accessed {"ip":"::1","user_agent":"Mozilla\/5.0 (Windows NT 10.0; Win64; x64) AppleWebKit\/537.36 (KHTML, like Gecko) Chrome\/136.0.0.0 Safari\/537.36 Edg\/136.0.0.0"}
[2025-06-05 20:28:59] info: About page accessed
[2025-06-05 20:29:01] info: About page accessed
[2025-06-05 20:31:49] info: Welcome page accessed {"ip":"::1","user_agent":"Mozilla\/5.0 (Windows NT 10.0; Win64; x64) AppleWebKit\/537.36 (KHTML, like Gecko) Chrome\/136.0.0.0 Safari\/537.36 Edg\/136.0.0.0"}
[2025-06-05 20:32:15] info: Welcome page accessed {"ip":"::1","user_agent":"Mozilla\/5.0 (Windows NT 10.0; Win64; x64) AppleWebKit\/537.36 (KHTML, like Gecko) Chrome\/136.0.0.0 Safari\/537.36 Edg\/136.0.0.0"}
[2025-06-05 20:32:16] info: Documentation page accessed
[2025-06-05 20:32:22] info: About page accessed
[2025-06-05 20:32:53] info: Welcome page accessed {"ip":"::1","user_agent":"Mozilla\/5.0 (Windows NT 10.0; Win64; x64) AppleWebKit\/537.36 (KHTML, like Gecko) Chrome\/136.0.0.0 Safari\/537.36 Edg\/136.0.0.0"}
[2025-06-05 20:32:57] info: Documentation page accessed
[2025-06-05 20:33:00] info: About page accessed
[2025-06-05 20:33:30] info: Welcome page accessed {"ip":"::1","user_agent":"Mozilla\/5.0 (Windows NT 10.0; Win64; x64) AppleWebKit\/537.36 (KHTML, like Gecko) Chrome\/136.0.0.0 Safari\/537.36 Edg\/136.0.0.0"}
[2025-06-05 20:34:59] info: Welcome page accessed {"ip":"::1","user_agent":"Mozilla\/5.0 (Windows NT 10.0; Win64; x64) AppleWebKit\/537.36 (KHTML, like Gecko) Chrome\/136.0.0.0 Safari\/537.36 Edg\/136.0.0.0"}
[2025-06-05 20:35:52] info: Welcome page accessed {"ip":"::1","user_agent":"Mozilla\/5.0 (Windows NT 10.0; Win64; x64) AppleWebKit\/537.36 (KHTML, like Gecko) Chrome\/136.0.0.0 Safari\/537.36 Edg\/136.0.0.0"}
[2025-06-05 20:40:41] info: Welcome page accessed {"ip":"::1","user_agent":"Mozilla\/5.0 (Windows NT 10.0; Win64; x64) AppleWebKit\/537.36 (KHTML, like Gecko) Chrome\/136.0.0.0 Safari\/537.36 Edg\/136.0.0.0"}
[2025-06-05 20:42:46] info: Welcome page accessed {"ip":"::1","user_agent":"Mozilla\/5.0 (Windows NT 10.0; Win64; x64) AppleWebKit\/537.36 (KHTML, like Gecko) Chrome\/136.0.0.0 Safari\/537.36 Edg\/136.0.0.0"}
[2025-06-05 20:43:32] info: About page accessed
[2025-06-05 20:44:13] info: Welcome page accessed {"ip":"::1","user_agent":"Mozilla\/5.0 (Windows NT 10.0; Win64; x64) AppleWebKit\/537.36 (KHTML, like Gecko) Chrome\/136.0.0.0 Safari\/537.36 Edg\/136.0.0.0"}
[2025-06-05 20:44:19] info: Documentation page accessed
[2025-06-05 20:44:42] info: Documentation page accessed
[2025-06-05 20:45:32] info: Welcome page accessed {"ip":"::1","user_agent":"Mozilla\/5.0 (Windows NT 10.0; Win64; x64) AppleWebKit\/537.36 (KHTML, like Gecko) Chrome\/136.0.0.0 Safari\/537.36 Edg\/136.0.0.0"}
[2025-06-05 20:46:37] info: Welcome page accessed {"ip":"::1","user_agent":"Mozilla\/5.0 (Windows NT 10.0; Win64; x64) AppleWebKit\/537.36 (KHTML, like Gecko) Chrome\/136.0.0.0 Safari\/537.36 Edg\/136.0.0.0"}
[2025-06-05 20:46:40] info: Welcome page accessed {"ip":"::1","user_agent":"Mozilla\/5.0 (Windows NT 10.0; Win64; x64) AppleWebKit\/537.36 (KHTML, like Gecko) Chrome\/136.0.0.0 Safari\/537.36 Edg\/136.0.0.0"}
[2025-06-05 20:47:56] info: Welcome page accessed {"ip":"::1","user_agent":"Mozilla\/5.0 (Windows NT 10.0; Win64; x64) AppleWebKit\/537.36 (KHTML, like Gecko) Chrome\/136.0.0.0 Safari\/537.36 Edg\/136.0.0.0"}
[2025-06-05 20:49:46] info: Documentation page accessed
[2025-06-05 20:50:37] info: Documentation page accessed
[2025-06-05 20:57:16] info: Documentation page accessed
[2025-06-05 21:01:36] info: Documentation page accessed
[2025-06-05 21:01:38] info: Documentation page accessed
[2025-06-05 21:19:00] info: Welcome page accessed {"ip":"::1","user_agent":"Mozilla\/5.0 (Windows NT 10.0; Win64; x64) AppleWebKit\/537.36 (KHTML, like Gecko) Chrome\/136.0.0.0 Safari\/537.36 Edg\/136.0.0.0"}
[2025-06-05 21:21:13] info: Welcome page accessed {"ip":"::1","user_agent":"Mozilla\/5.0 (Windows NT 10.0; Win64; x64) AppleWebKit\/537.36 (KHTML, like Gecko) Chrome\/136.0.0.0 Safari\/537.36 Edg\/136.0.0.0"}
[2025-06-05 21:22:33] info: Documentation page accessed
[2025-06-05 21:22:35] info: About page accessed
[2025-06-05 21:22:37] info: About page accessed
[2025-06-05 21:24:17] info: About page accessed
[2025-06-05 21:27:09] info: About page accessed
[2025-06-05 21:30:03] info: About page accessed
[2025-06-05 21:30:08] info: Documentation page accessed
[2025-06-05 21:31:58] info: Welcome page accessed {"ip":"::1","user_agent":"Mozilla\/5.0 (Windows NT 10.0; Win64; x64) AppleWebKit\/537.36 (KHTML, like Gecko) Chrome\/136.0.0.0 Safari\/537.36 Edg\/136.0.0.0"}
[2025-06-05 21:39:50] info: Documentation page accessed
[2025-06-05 21:40:29] info: About page accessed
[2025-06-05 21:41:57] info: Documentation page accessed
[2025-06-05 21:44:27] info: Documentation page accessed
[2025-06-05 21:44:44] info: Welcome page accessed {"ip":"::1","user_agent":"Mozilla\/5.0 (Windows NT 10.0; Win64; x64) AppleWebKit\/537.36 (KHTML, like Gecko) Chrome\/136.0.0.0 Safari\/537.36 Edg\/136.0.0.0"}
[2025-06-05 21:48:03] info: About page accessed
[2025-06-05 21:48:21] info: Documentation page accessed
[2025-06-05 21:56:02] info: About page accessed
[2025-06-05 22:07:04] info: About page accessed
[2025-06-05 22:31:20] info: About page accessed
[2025-06-05 22:31:51] info: About page accessed
[2025-06-05 22:32:14] info: Welcome page accessed {"ip":"::1","user_agent":"Mozilla\/5.0 (Windows NT 10.0; Win64; x64) AppleWebKit\/537.36 (KHTML, like Gecko) Chrome\/136.0.0.0 Safari\/537.36 Edg\/136.0.0.0"}
[2025-06-05 22:32:52] info: About page accessed
[2025-06-05 22:33:24] info: About page accessed
[2025-06-05 22:34:42] info: About page accessed
[2025-06-05 22:36:21] info: About page accessed
[2025-06-05 22:37:22] info: About page accessed
[2025-06-05 22:38:48] info: About page accessed
[2025-06-05 22:38:50] info: About page accessed
[2025-06-05 22:38:51] info: Documentation page accessed
[2025-06-05 22:38:52] info: About page accessed
[2025-06-05 22:44:41] info: About page accessed
[2025-06-05 22:50:31] info: About page accessed
[2025-06-05 22:50:53] info: Welcome page accessed {"ip":"::1","user_agent":"Mozilla\/5.0 (Windows NT 10.0; Win64; x64) AppleWebKit\/537.36 (KHTML, like Gecko) Chrome\/136.0.0.0 Safari\/537.36 Edg\/136.0.0.0"}
[2025-06-05 23:03:03] info: About page accessed
[2025-06-05 23:25:01] info: Welcome page accessed {"ip":"::1","user_agent":"Mozilla\/5.0 (Windows NT 10.0; Win64; x64) AppleWebKit\/537.36 (KHTML, like Gecko) Chrome\/136.0.0.0 Safari\/537.36 Edg\/136.0.0.0"}
[2025-06-05 23:46:16] info: Welcome page accessed {"ip":"::1","user_agent":"Mozilla\/5.0 (Windows NT 10.0; Win64; x64) AppleWebKit\/537.36 (KHTML, like Gecko) Chrome\/136.0.0.0 Safari\/537.36 Edg\/136.0.0.0"}
[2025-06-05 23:46:19] info: Examples page accessed
[2025-06-05 23:46:19] error: Exception: syntax error, unexpected token "<", expecting end of file in C:\Users\jeans\Downloads\slide\nexframework\src\Nexa\View\TemplateEngine.php(48) : eval()'d code:190 {"exception":"ParseError","file":"C:\\Users\\jeans\\Downloads\\slide\\nexframework\\src\\Nexa\\View\\TemplateEngine.php(48) : eval()'d code","line":190,"trace":"#0 C:\\Users\\jeans\\Downloads\\slide\\nexframework\\app\\Http\\Controllers\\WelcomeController.php(62): Nexa\\View\\TemplateEngine->render('examples')\n#1 C:\\Users\\jeans\\Downloads\\slide\\nexframework\\src\\Nexa\\Routing\\Route.php(86): App\\Http\\Controllers\\WelcomeController->examples(Object(Nexa\\Http\\Request))\n#2 C:\\Users\\jeans\\Downloads\\slide\\nexframework\\src\\Nexa\\Routing\\Route.php(43): Nexa\\Routing\\Route->runControllerArray('App\\\\Http\\\\Contro...', 'examples')\n#3 C:\\Users\\jeans\\Downloads\\slide\\nexframework\\src\\Nexa\\Routing\\Router.php(85): Nexa\\Routing\\Route->run()\n#4 C:\\Users\\jeans\\Downloads\\slide\\nexframework\\src\\Nexa\\Core\\Application.php(184): Nexa\\Routing\\Router->dispatch('GET', '\/examples')\n#5 C:\\Users\\jeans\\Downloads\\slide\\nexframework\\index.php(9): Nexa\\Core\\Application->run()\n#6 C:\\Users\\jeans\\Downloads\\slide\\nexframework\\public\\index.php(3): require('C:\\\\Users\\\\jeans\\\\...')\n#7 {main}"}
[2025-06-05 23:46:40] info: Examples page accessed
[2025-06-05 23:46:40] error: Exception: syntax error, unexpected token "<", expecting end of file in C:\Users\jeans\Downloads\slide\nexframework\src\Nexa\View\TemplateEngine.php(48) : eval()'d code:190 {"exception":"ParseError","file":"C:\\Users\\jeans\\Downloads\\slide\\nexframework\\src\\Nexa\\View\\TemplateEngine.php(48) : eval()'d code","line":190,"trace":"#0 C:\\Users\\jeans\\Downloads\\slide\\nexframework\\app\\Http\\Controllers\\WelcomeController.php(62): Nexa\\View\\TemplateEngine->render('examples')\n#1 C:\\Users\\jeans\\Downloads\\slide\\nexframework\\src\\Nexa\\Routing\\Route.php(86): App\\Http\\Controllers\\WelcomeController->examples(Object(Nexa\\Http\\Request))\n#2 C:\\Users\\jeans\\Downloads\\slide\\nexframework\\src\\Nexa\\Routing\\Route.php(43): Nexa\\Routing\\Route->runControllerArray('App\\\\Http\\\\Contro...', 'examples')\n#3 C:\\Users\\jeans\\Downloads\\slide\\nexframework\\src\\Nexa\\Routing\\Router.php(85): Nexa\\Routing\\Route->run()\n#4 C:\\Users\\jeans\\Downloads\\slide\\nexframework\\src\\Nexa\\Core\\Application.php(184): Nexa\\Routing\\Router->dispatch('GET', '\/examples')\n#5 C:\\Users\\jeans\\Downloads\\slide\\nexframework\\index.php(9): Nexa\\Core\\Application->run()\n#6 C:\\Users\\jeans\\Downloads\\slide\\nexframework\\public\\index.php(3): require('C:\\\\Users\\\\jeans\\\\...')\n#7 {main}"}
[2025-06-05 23:48:06] info: Examples page accessed
[2025-06-05 23:48:06] error: Exception: syntax error, unexpected token "<", expecting end of file in C:\Users\jeans\Downloads\slide\nexframework\src\Nexa\View\TemplateEngine.php(48) : eval()'d code:190 {"exception":"ParseError","file":"C:\\Users\\jeans\\Downloads\\slide\\nexframework\\src\\Nexa\\View\\TemplateEngine.php(48) : eval()'d code","line":190,"trace":"#0 C:\\Users\\jeans\\Downloads\\slide\\nexframework\\app\\Http\\Controllers\\WelcomeController.php(62): Nexa\\View\\TemplateEngine->render('examples')\n#1 C:\\Users\\jeans\\Downloads\\slide\\nexframework\\src\\Nexa\\Routing\\Route.php(86): App\\Http\\Controllers\\WelcomeController->examples(Object(Nexa\\Http\\Request))\n#2 C:\\Users\\jeans\\Downloads\\slide\\nexframework\\src\\Nexa\\Routing\\Route.php(43): Nexa\\Routing\\Route->runControllerArray('App\\\\Http\\\\Contro...', 'examples')\n#3 C:\\Users\\jeans\\Downloads\\slide\\nexframework\\src\\Nexa\\Routing\\Router.php(85): Nexa\\Routing\\Route->run()\n#4 C:\\Users\\jeans\\Downloads\\slide\\nexframework\\src\\Nexa\\Core\\Application.php(184): Nexa\\Routing\\Router->dispatch('GET', '\/examples')\n#5 C:\\Users\\jeans\\Downloads\\slide\\nexframework\\index.php(9): Nexa\\Core\\Application->run()\n#6 C:\\Users\\jeans\\Downloads\\slide\\nexframework\\public\\index.php(3): require('C:\\\\Users\\\\jeans\\\\...')\n#7 {main}"}
[2025-06-05 23:48:24] info: Welcome page accessed {"ip":"::1","user_agent":"Mozilla\/5.0 (Windows NT 10.0; Win64; x64) AppleWebKit\/537.36 (KHTML, like Gecko) Trae\/1.98.2 Chrome\/132.0.6834.196 Electron\/34.2.0 Safari\/537.36"}
[2025-06-05 23:48:35] info: Examples page accessed
[2025-06-05 23:48:35] error: Exception: syntax error, unexpected token "<", expecting end of file in C:\Users\jeans\Downloads\slide\nexframework\src\Nexa\View\TemplateEngine.php(48) : eval()'d code:190 {"exception":"ParseError","file":"C:\\Users\\jeans\\Downloads\\slide\\nexframework\\src\\Nexa\\View\\TemplateEngine.php(48) : eval()'d code","line":190,"trace":"#0 C:\\Users\\jeans\\Downloads\\slide\\nexframework\\app\\Http\\Controllers\\WelcomeController.php(62): Nexa\\View\\TemplateEngine->render('examples')\n#1 C:\\Users\\jeans\\Downloads\\slide\\nexframework\\src\\Nexa\\Routing\\Route.php(86): App\\Http\\Controllers\\WelcomeController->examples(Object(Nexa\\Http\\Request))\n#2 C:\\Users\\jeans\\Downloads\\slide\\nexframework\\src\\Nexa\\Routing\\Route.php(43): Nexa\\Routing\\Route->runControllerArray('App\\\\Http\\\\Contro...', 'examples')\n#3 C:\\Users\\jeans\\Downloads\\slide\\nexframework\\src\\Nexa\\Routing\\Router.php(85): Nexa\\Routing\\Route->run()\n#4 C:\\Users\\jeans\\Downloads\\slide\\nexframework\\src\\Nexa\\Core\\Application.php(184): Nexa\\Routing\\Router->dispatch('GET', '\/examples')\n#5 C:\\Users\\jeans\\Downloads\\slide\\nexframework\\index.php(9): Nexa\\Core\\Application->run()\n#6 C:\\Users\\jeans\\Downloads\\slide\\nexframework\\public\\index.php(3): require('C:\\\\Users\\\\jeans\\\\...')\n#7 {main}"}
[2025-06-05 23:50:33] info: Examples page accessed
[2025-06-05 23:50:33] error: Exception: syntax error, unexpected token "<", expecting end of file in C:\Users\jeans\Downloads\slide\nexframework\src\Nexa\View\TemplateEngine.php(48) : eval()'d code:190 {"exception":"ParseError","file":"C:\\Users\\jeans\\Downloads\\slide\\nexframework\\src\\Nexa\\View\\TemplateEngine.php(48) : eval()'d code","line":190,"trace":"#0 C:\\Users\\jeans\\Downloads\\slide\\nexframework\\app\\Http\\Controllers\\WelcomeController.php(62): Nexa\\View\\TemplateEngine->render('examples')\n#1 C:\\Users\\jeans\\Downloads\\slide\\nexframework\\src\\Nexa\\Routing\\Route.php(86): App\\Http\\Controllers\\WelcomeController->examples(Object(Nexa\\Http\\Request))\n#2 C:\\Users\\jeans\\Downloads\\slide\\nexframework\\src\\Nexa\\Routing\\Route.php(43): Nexa\\Routing\\Route->runControllerArray('App\\\\Http\\\\Contro...', 'examples')\n#3 C:\\Users\\jeans\\Downloads\\slide\\nexframework\\src\\Nexa\\Routing\\Router.php(85): Nexa\\Routing\\Route->run()\n#4 C:\\Users\\jeans\\Downloads\\slide\\nexframework\\src\\Nexa\\Core\\Application.php(184): Nexa\\Routing\\Router->dispatch('GET', '\/examples')\n#5 C:\\Users\\jeans\\Downloads\\slide\\nexframework\\index.php(9): Nexa\\Core\\Application->run()\n#6 C:\\Users\\jeans\\Downloads\\slide\\nexframework\\public\\index.php(3): require('C:\\\\Users\\\\jeans\\\\...')\n#7 {main}"}
[2025-06-05 23:50:34] info: Examples page accessed
[2025-06-05 23:50:34] error: Exception: syntax error, unexpected token "<", expecting end of file in C:\Users\jeans\Downloads\slide\nexframework\src\Nexa\View\TemplateEngine.php(48) : eval()'d code:190 {"exception":"ParseError","file":"C:\\Users\\jeans\\Downloads\\slide\\nexframework\\src\\Nexa\\View\\TemplateEngine.php(48) : eval()'d code","line":190,"trace":"#0 C:\\Users\\jeans\\Downloads\\slide\\nexframework\\app\\Http\\Controllers\\WelcomeController.php(62): Nexa\\View\\TemplateEngine->render('examples')\n#1 C:\\Users\\jeans\\Downloads\\slide\\nexframework\\src\\Nexa\\Routing\\Route.php(86): App\\Http\\Controllers\\WelcomeController->examples(Object(Nexa\\Http\\Request))\n#2 C:\\Users\\jeans\\Downloads\\slide\\nexframework\\src\\Nexa\\Routing\\Route.php(43): Nexa\\Routing\\Route->runControllerArray('App\\\\Http\\\\Contro...', 'examples')\n#3 C:\\Users\\jeans\\Downloads\\slide\\nexframework\\src\\Nexa\\Routing\\Router.php(85): Nexa\\Routing\\Route->run()\n#4 C:\\Users\\jeans\\Downloads\\slide\\nexframework\\src\\Nexa\\Core\\Application.php(184): Nexa\\Routing\\Router->dispatch('GET', '\/examples')\n#5 C:\\Users\\jeans\\Downloads\\slide\\nexframework\\index.php(9): Nexa\\Core\\Application->run()\n#6 C:\\Users\\jeans\\Downloads\\slide\\nexframework\\public\\index.php(3): require('C:\\\\Users\\\\jeans\\\\...')\n#7 {main}"}
[2025-06-05 23:51:30] info: Examples page accessed
[2025-06-05 23:51:30] error: Exception: syntax error, unexpected token "<", expecting end of file in C:\Users\jeans\Downloads\slide\nexframework\src\Nexa\View\TemplateEngine.php(48) : eval()'d code:282 {"exception":"ParseError","file":"C:\\Users\\jeans\\Downloads\\slide\\nexframework\\src\\Nexa\\View\\TemplateEngine.php(48) : eval()'d code","line":282,"trace":"#0 C:\\Users\\jeans\\Downloads\\slide\\nexframework\\app\\Http\\Controllers\\WelcomeController.php(62): Nexa\\View\\TemplateEngine->render('examples')\n#1 C:\\Users\\jeans\\Downloads\\slide\\nexframework\\src\\Nexa\\Routing\\Route.php(86): App\\Http\\Controllers\\WelcomeController->examples(Object(Nexa\\Http\\Request))\n#2 C:\\Users\\jeans\\Downloads\\slide\\nexframework\\src\\Nexa\\Routing\\Route.php(43): Nexa\\Routing\\Route->runControllerArray('App\\\\Http\\\\Contro...', 'examples')\n#3 C:\\Users\\jeans\\Downloads\\slide\\nexframework\\src\\Nexa\\Routing\\Router.php(85): Nexa\\Routing\\Route->run()\n#4 C:\\Users\\jeans\\Downloads\\slide\\nexframework\\src\\Nexa\\Core\\Application.php(184): Nexa\\Routing\\Router->dispatch('GET', '\/examples')\n#5 C:\\Users\\jeans\\Downloads\\slide\\nexframework\\index.php(9): Nexa\\Core\\Application->run()\n#6 C:\\Users\\jeans\\Downloads\\slide\\nexframework\\public\\index.php(3): require('C:\\\\Users\\\\jeans\\\\...')\n#7 {main}"}
[2025-06-05 23:52:01] info: Examples page accessed
[2025-06-05 23:52:07] info: Examples page accessed
[2025-06-05 23:52:13] info: Welcome page accessed {"ip":"::1","user_agent":"Mozilla\/5.0 (Windows NT 10.0; Win64; x64) AppleWebKit\/537.36 (KHTML, like Gecko) Chrome\/136.0.0.0 Safari\/537.36 Edg\/136.0.0.0"}
[2025-06-05 23:52:16] info: Examples page accessed
[2025-06-05 23:53:26] info: Documentation page accessed
[2025-06-05 23:53:32] info: Examples page accessed
[2025-06-05 23:53:43] info: Examples page accessed
[2025-06-05 23:54:21] info: Examples page accessed
[2025-06-05 23:54:53] info: Documentation page accessed
[2025-06-05 23:54:58] info: Welcome page accessed {"ip":"::1","user_agent":"Mozilla\/5.0 (Windows NT 10.0; Win64; x64) AppleWebKit\/537.36 (KHTML, like Gecko) Trae\/1.98.2 Chrome\/132.0.6834.196 Electron\/34.2.0 Safari\/537.36"}
[2025-06-05 23:55:11] info: Examples page accessed
[2025-06-05 23:58:06] info: Examples page accessed
[2025-06-05 23:58:09] info: Examples page accessed
[2025-06-05 23:58:12] info: Examples page accessed
[2025-06-05 23:58:16] info: Examples page accessed
[2025-06-05 23:59:29] info: Examples page accessed
[2025-06-05 23:59:49] info: Examples page accessed
[2025-06-06 00:01:25] info: Examples page accessed
[2025-06-06 00:01:34] info: Examples page accessed
[2025-06-06 00:02:01] info: Examples page accessed
[2025-06-06 00:02:34] info: Examples page accessed
[2025-06-06 00:02:37] info: Examples page accessed
[2025-06-06 00:05:20] info: Examples page accessed
[2025-06-06 00:05:25] info: Examples page accessed
[2025-06-06 00:05:27] info: Examples page accessed
[2025-06-06 00:08:01] info: Examples page accessed
[2025-06-06 00:10:25] info: Examples page accessed
[2025-06-06 00:12:05] info: Examples page accessed
[2025-06-06 00:13:38] info: Examples page accessed
[2025-06-06 00:14:35] info: Examples page accessed
[2025-06-06 00:16:05] info: Examples page accessed
[2025-06-06 00:17:18] info: Examples page accessed
[2025-06-06 00:17:33] info: Examples page accessed
[2025-06-06 00:19:37] info: Examples page accessed
[2025-06-06 00:21:10] info: Welcome page accessed {"ip":"::1","user_agent":"Mozilla\/5.0 (Windows NT 10.0; Win64; x64) AppleWebKit\/537.36 (KHTML, like Gecko) Trae\/1.98.2 Chrome\/132.0.6834.196 Electron\/34.2.0 Safari\/537.36"}
[2025-06-06 00:31:01] info: Examples page accessed
[2025-06-06 00:31:09] info: Examples page accessed
[2025-06-06 00:31:14] info: Examples page accessed
[2025-06-06 00:33:04] info: Examples page accessed
[2025-06-06 00:36:54] info: Examples page accessed
[2025-06-06 00:38:19] info: Welcome page accessed {"ip":"::1","user_agent":"Mozilla\/5.0 (Windows NT 10.0; Win64; x64) AppleWebKit\/537.36 (KHTML, like Gecko) Chrome\/136.0.0.0 Safari\/537.36 Edg\/136.0.0.0"}
[2025-06-06 00:39:06] info: Examples page accessed
[2025-06-06 00:41:09] info: Examples page accessed
[2025-06-06 00:42:33] info: Examples page accessed
[2025-06-06 00:44:54] info: Welcome page accessed {"ip":"::1","user_agent":"Mozilla\/5.0 (Windows NT 10.0; Win64; x64) AppleWebKit\/537.36 (KHTML, like Gecko) Chrome\/136.0.0.0 Safari\/537.36 Edg\/136.0.0.0"}
[2025-06-06 00:45:28] info: Documentation page accessed
[2025-06-06 00:45:59] info: Examples page accessed
[2025-06-06 00:47:23] info: Welcome page accessed {"ip":"::1","user_agent":"Mozilla\/5.0 (Windows NT 10.0; Win64; x64) AppleWebKit\/537.36 (KHTML, like Gecko) Chrome\/136.0.0.0 Safari\/537.36 Edg\/136.0.0.0"}
[2025-06-06 00:53:34] info: Examples page accessed
[2025-06-06 00:53:40] info: Examples page accessed
[2025-06-06 02:15:06] info: Examples page accessed
[2025-06-06 02:23:02] info: Examples page accessed
[2025-06-06 02:34:46] info: Examples page accessed
[2025-06-06 02:34:55] info: Tutorials page accessed
[2025-06-06 02:35:05] info: Examples page accessed
[2025-06-06 02:35:12] info: Documentation page accessed
[2025-06-06 02:35:30] info: Examples page accessed
[2025-06-06 02:35:31] info: Tutorials page accessed
[2025-06-06 02:35:43] info: Examples page accessed
[2025-06-06 02:35:55] info: About page accessed
[2025-06-06 02:36:01] info: Welcome page accessed {"ip":"::1","user_agent":"Mozilla\/5.0 (Windows NT 10.0; Win64; x64) AppleWebKit\/537.36 (KHTML, like Gecko) Trae\/1.98.2 Chrome\/132.0.6834.196 Electron\/34.2.0 Safari\/537.36"}
[2025-06-06 02:36:13] info: Documentation page accessed
[2025-06-06 02:39:27] info: About page accessed
[2025-06-06 02:39:35] info: About page accessed
[2025-06-06 02:42:45] info: About page accessed
[2025-06-06 02:42:48] info: Tutorials page accessed
[2025-06-06 02:42:51] info: Examples page accessed
[2025-06-06 02:42:52] info: About page accessed
[2025-06-06 02:42:57] info: Documentation page accessed
[2025-06-06 02:42:59] info: Examples page accessed
[2025-06-06 02:43:02] info: Tutorials page accessed
[2025-06-06 02:43:06] info: Documentation page accessed
[2025-06-06 02:43:08] info: Examples page accessed
[2025-06-06 02:48:15] info: Welcome page accessed {"ip":"::1","user_agent":"Mozilla\/5.0 (Windows NT 10.0; Win64; x64) AppleWebKit\/537.36 (KHTML, like Gecko) Chrome\/136.0.0.0 Safari\/537.36 Edg\/136.0.0.0"}
[2025-06-06 02:49:29] info: Tutorials page accessed
[2025-06-06 02:49:39] info: Documentation page accessed
[2025-06-06 02:49:40] info: Examples page accessed
[2025-06-06 02:49:43] info: Documentation page accessed
[2025-06-06 02:50:16] info: Welcome page accessed {"ip":"::1","user_agent":"Mozilla\/5.0 (Windows NT 10.0; Win64; x64) AppleWebKit\/537.36 (KHTML, like Gecko) Chrome\/136.0.0.0 Safari\/537.36 Edg\/136.0.0.0"}
[2025-06-06 02:52:04] info: Welcome page accessed {"ip":"::1","user_agent":"Mozilla\/5.0 (Windows NT 10.0; Win64; x64) AppleWebKit\/537.36 (KHTML, like Gecko) Chrome\/136.0.0.0 Safari\/537.36 Edg\/136.0.0.0"}
[2025-06-06 02:52:34] info: Welcome page accessed {"ip":"::1","user_agent":"Mozilla\/5.0 (Windows NT 10.0; Win64; x64) AppleWebKit\/537.36 (KHTML, like Gecko) Chrome\/136.0.0.0 Safari\/537.36 Edg\/136.0.0.0"}
[2025-06-06 02:52:38] info: Examples page accessed
[2025-06-06 02:52:47] info: Documentation page accessed
[2025-06-06 02:52:56] info: Examples page accessed
[2025-06-06 02:53:17] info: Examples page accessed
[2025-06-06 02:53:46] info: Examples page accessed
[2025-06-06 02:54:01] info: About page accessed
[2025-06-06 02:54:03] info: Documentation page accessed
[2025-06-06 02:54:04] info: Examples page accessed
[2025-06-06 02:54:07] info: Tutorials page accessed
[2025-06-06 02:54:55] info: Documentation page accessed
[2025-06-06 02:55:45] info: About page accessed
[2025-06-06 02:55:50] info: Documentation page accessed
[2025-06-06 02:55:50] info: Examples page accessed
[2025-06-06 02:57:14] info: Welcome page accessed {"ip":"::1","user_agent":"Mozilla\/5.0 (Windows NT 10.0; Win64; x64) AppleWebKit\/537.36 (KHTML, like Gecko) Trae\/1.98.2 Chrome\/132.0.6834.196 Electron\/34.2.0 Safari\/537.36"}
[2025-06-06 03:00:34] info: About page accessed
[2025-06-06 03:00:37] info: Documentation page accessed
[2025-06-06 03:00:38] info: Welcome page accessed {"ip":"::1","user_agent":"Mozilla\/5.0 (Windows NT 10.0; Win64; x64) AppleWebKit\/537.36 (KHTML, like Gecko) Chrome\/136.0.0.0 Safari\/537.36 Edg\/136.0.0.0"}
[2025-06-06 03:02:10] info: Welcome page accessed {"ip":"::1","user_agent":"Mozilla\/5.0 (Windows NT 10.0; Win64; x64) AppleWebKit\/537.36 (KHTML, like Gecko) Chrome\/136.0.0.0 Safari\/537.36 Edg\/136.0.0.0"}
[2025-06-06 03:02:20] info: Documentation page accessed
[2025-06-06 03:02:21] info: Examples page accessed
[2025-06-06 03:02:28] info: Documentation page accessed
[2025-06-06 03:02:35] info: Examples page accessed
[2025-06-06 03:03:39] info: Tutorials page accessed
[2025-06-06 03:06:02] info: Welcome page accessed {"ip":"::1","user_agent":"Mozilla\/5.0 (Windows NT 10.0; Win64; x64) AppleWebKit\/537.36 (KHTML, like Gecko) Chrome\/136.0.0.0 Safari\/537.36 Edg\/136.0.0.0"}
[2025-06-06 03:06:05] info: Tutorials page accessed
[2025-06-06 03:07:32] info: Welcome page accessed {"ip":"::1","user_agent":"Mozilla\/5.0 (Windows NT 10.0; Win64; x64) AppleWebKit\/537.36 (KHTML, like Gecko) Chrome\/136.0.0.0 Safari\/537.36 Edg\/136.0.0.0"}
[2025-06-06 12:40:06] info: Welcome page accessed {"ip":"::1","user_agent":"Mozilla\/5.0 (Windows NT 10.0; Win64; x64) AppleWebKit\/537.36 (KHTML, like Gecko) Trae\/1.98.2 Chrome\/132.0.6834.196 Electron\/34.2.0 Safari\/537.36"}
[2025-06-06 12:51:16] info: Tutorials page accessed
[2025-06-06 12:51:17] info: Examples page accessed
[2025-06-06 12:51:18] info: Documentation page accessed
[2025-06-06 12:51:19] info: About page accessed
[2025-06-06 12:51:20] info: Welcome page accessed {"ip":"::1","user_agent":"Mozilla\/5.0 (Windows NT 10.0; Win64; x64) AppleWebKit\/537.36 (KHTML, like Gecko) Trae\/1.98.2 Chrome\/132.0.6834.196 Electron\/34.2.0 Safari\/537.36"}
[2025-06-06 12:51:29] info: Documentation page accessed
[2025-06-06 12:51:29] info: Examples page accessed
[2025-06-06 13:06:27] info: Tutorials page accessed
[2025-06-06 13:06:35] info: Tutorials page accessed
[2025-06-06 13:07:03] info: Tutorials page accessed
[2025-06-06 13:07:05] info: Welcome page accessed {"ip":"::1","user_agent":"Mozilla\/5.0 (Windows NT 10.0; Win64; x64) AppleWebKit\/537.36 (KHTML, like Gecko) Chrome\/136.0.0.0 Safari\/537.36 Edg\/136.0.0.0"}
[2025-06-06 13:07:09] info: Tutorials page accessed
[2025-06-06 13:07:48] info: Examples page accessed
[2025-06-06 13:19:29] info: Tutorials page accessed
[2025-06-06 13:19:47] info: Tutorials page accessed
[2025-06-06 13:19:51] info: Tutorials page accessed
[2025-06-06 13:20:24] info: Documentation page accessed
[2025-06-06 13:20:33] info: Examples page accessed
[2025-06-06 13:26:04] info: Tutorials page accessed
[2025-06-06 13:28:28] info: Tutorials page accessed
[2025-06-06 13:28:28] error: Exception: syntax error, unexpected token "<", expecting end of file in C:\Users\jeans\Downloads\slide\nexframework\src\Nexa\View\TemplateEngine.php(48) : eval()'d code:183 {"exception":"ParseError","file":"C:\\Users\\jeans\\Downloads\\slide\\nexframework\\src\\Nexa\\View\\TemplateEngine.php(48) : eval()'d code","line":183,"trace":"#0 C:\\Users\\jeans\\Downloads\\slide\\nexframework\\app\\Http\\Controllers\\WelcomeController.php(70): Nexa\\View\\TemplateEngine->render('tutorials')\n#1 C:\\Users\\jeans\\Downloads\\slide\\nexframework\\src\\Nexa\\Routing\\Route.php(86): App\\Http\\Controllers\\WelcomeController->tutorials(Object(Nexa\\Http\\Request))\n#2 C:\\Users\\jeans\\Downloads\\slide\\nexframework\\src\\Nexa\\Routing\\Route.php(43): Nexa\\Routing\\Route->runControllerArray('App\\\\Http\\\\Contro...', 'tutorials')\n#3 C:\\Users\\jeans\\Downloads\\slide\\nexframework\\src\\Nexa\\Routing\\Router.php(85): Nexa\\Routing\\Route->run()\n#4 C:\\Users\\jeans\\Downloads\\slide\\nexframework\\src\\Nexa\\Core\\Application.php(184): Nexa\\Routing\\Router->dispatch('GET', '\/tutorials')\n#5 C:\\Users\\jeans\\Downloads\\slide\\nexframework\\index.php(9): Nexa\\Core\\Application->run()\n#6 C:\\Users\\jeans\\Downloads\\slide\\nexframework\\public\\index.php(3): require('C:\\\\Users\\\\jeans\\\\...')\n#7 {main}"}
[2025-06-06 13:31:34] info: Tutorials page accessed
[2025-06-06 13:31:34] error: Exception: syntax error, unexpected token "<", expecting end of file in C:\Users\jeans\Downloads\slide\nexframework\src\Nexa\View\TemplateEngine.php(48) : eval()'d code:183 {"exception":"ParseError","file":"C:\\Users\\jeans\\Downloads\\slide\\nexframework\\src\\Nexa\\View\\TemplateEngine.php(48) : eval()'d code","line":183,"trace":"#0 C:\\Users\\jeans\\Downloads\\slide\\nexframework\\app\\Http\\Controllers\\WelcomeController.php(70): Nexa\\View\\TemplateEngine->render('tutorials')\n#1 C:\\Users\\jeans\\Downloads\\slide\\nexframework\\src\\Nexa\\Routing\\Route.php(86): App\\Http\\Controllers\\WelcomeController->tutorials(Object(Nexa\\Http\\Request))\n#2 C:\\Users\\jeans\\Downloads\\slide\\nexframework\\src\\Nexa\\Routing\\Route.php(43): Nexa\\Routing\\Route->runControllerArray('App\\\\Http\\\\Contro...', 'tutorials')\n#3 C:\\Users\\jeans\\Downloads\\slide\\nexframework\\src\\Nexa\\Routing\\Router.php(85): Nexa\\Routing\\Route->run()\n#4 C:\\Users\\jeans\\Downloads\\slide\\nexframework\\src\\Nexa\\Core\\Application.php(184): Nexa\\Routing\\Router->dispatch('GET', '\/tutorials')\n#5 C:\\Users\\jeans\\Downloads\\slide\\nexframework\\index.php(9): Nexa\\Core\\Application->run()\n#6 C:\\Users\\jeans\\Downloads\\slide\\nexframework\\public\\index.php(3): require('C:\\\\Users\\\\jeans\\\\...')\n#7 {main}"}
[2025-06-06 13:31:36] info: Tutorials page accessed
[2025-06-06 13:31:36] error: Exception: syntax error, unexpected token "<", expecting end of file in C:\Users\jeans\Downloads\slide\nexframework\src\Nexa\View\TemplateEngine.php(48) : eval()'d code:183 {"exception":"ParseError","file":"C:\\Users\\jeans\\Downloads\\slide\\nexframework\\src\\Nexa\\View\\TemplateEngine.php(48) : eval()'d code","line":183,"trace":"#0 C:\\Users\\jeans\\Downloads\\slide\\nexframework\\app\\Http\\Controllers\\WelcomeController.php(70): Nexa\\View\\TemplateEngine->render('tutorials')\n#1 C:\\Users\\jeans\\Downloads\\slide\\nexframework\\src\\Nexa\\Routing\\Route.php(86): App\\Http\\Controllers\\WelcomeController->tutorials(Object(Nexa\\Http\\Request))\n#2 C:\\Users\\jeans\\Downloads\\slide\\nexframework\\src\\Nexa\\Routing\\Route.php(43): Nexa\\Routing\\Route->runControllerArray('App\\\\Http\\\\Contro...', 'tutorials')\n#3 C:\\Users\\jeans\\Downloads\\slide\\nexframework\\src\\Nexa\\Routing\\Router.php(85): Nexa\\Routing\\Route->run()\n#4 C:\\Users\\jeans\\Downloads\\slide\\nexframework\\src\\Nexa\\Core\\Application.php(184): Nexa\\Routing\\Router->dispatch('GET', '\/tutorials')\n#5 C:\\Users\\jeans\\Downloads\\slide\\nexframework\\index.php(9): Nexa\\Core\\Application->run()\n#6 C:\\Users\\jeans\\Downloads\\slide\\nexframework\\public\\index.php(3): require('C:\\\\Users\\\\jeans\\\\...')\n#7 {main}"}
[2025-06-06 13:33:59] info: Tutorials page accessed
[2025-06-06 13:33:59] error: Exception: syntax error, unexpected token "<", expecting end of file in C:\Users\jeans\Downloads\slide\nexframework\src\Nexa\View\TemplateEngine.php(48) : eval()'d code:183 {"exception":"ParseError","file":"C:\\Users\\jeans\\Downloads\\slide\\nexframework\\src\\Nexa\\View\\TemplateEngine.php(48) : eval()'d code","line":183,"trace":"#0 C:\\Users\\jeans\\Downloads\\slide\\nexframework\\app\\Http\\Controllers\\WelcomeController.php(70): Nexa\\View\\TemplateEngine->render('tutorials')\n#1 C:\\Users\\jeans\\Downloads\\slide\\nexframework\\src\\Nexa\\Routing\\Route.php(86): App\\Http\\Controllers\\WelcomeController->tutorials(Object(Nexa\\Http\\Request))\n#2 C:\\Users\\jeans\\Downloads\\slide\\nexframework\\src\\Nexa\\Routing\\Route.php(43): Nexa\\Routing\\Route->runControllerArray('App\\\\Http\\\\Contro...', 'tutorials')\n#3 C:\\Users\\jeans\\Downloads\\slide\\nexframework\\src\\Nexa\\Routing\\Router.php(85): Nexa\\Routing\\Route->run()\n#4 C:\\Users\\jeans\\Downloads\\slide\\nexframework\\src\\Nexa\\Core\\Application.php(184): Nexa\\Routing\\Router->dispatch('GET', '\/tutorials')\n#5 C:\\Users\\jeans\\Downloads\\slide\\nexframework\\index.php(9): Nexa\\Core\\Application->run()\n#6 C:\\Users\\jeans\\Downloads\\slide\\nexframework\\public\\index.php(3): require('C:\\\\Users\\\\jeans\\\\...')\n#7 {main}"}
[2025-06-06 13:35:56] info: Tutorials page accessed
[2025-06-06 13:35:56] error: Exception: syntax error, unexpected token "<", expecting end of file in C:\Users\jeans\Downloads\slide\nexframework\src\Nexa\View\TemplateEngine.php(48) : eval()'d code:183 {"exception":"ParseError","file":"C:\\Users\\jeans\\Downloads\\slide\\nexframework\\src\\Nexa\\View\\TemplateEngine.php(48) : eval()'d code","line":183,"trace":"#0 C:\\Users\\jeans\\Downloads\\slide\\nexframework\\app\\Http\\Controllers\\WelcomeController.php(70): Nexa\\View\\TemplateEngine->render('tutorials')\n#1 C:\\Users\\jeans\\Downloads\\slide\\nexframework\\src\\Nexa\\Routing\\Route.php(86): App\\Http\\Controllers\\WelcomeController->tutorials(Object(Nexa\\Http\\Request))\n#2 C:\\Users\\jeans\\Downloads\\slide\\nexframework\\src\\Nexa\\Routing\\Route.php(43): Nexa\\Routing\\Route->runControllerArray('App\\\\Http\\\\Contro...', 'tutorials')\n#3 C:\\Users\\jeans\\Downloads\\slide\\nexframework\\src\\Nexa\\Routing\\Router.php(85): Nexa\\Routing\\Route->run()\n#4 C:\\Users\\jeans\\Downloads\\slide\\nexframework\\src\\Nexa\\Core\\Application.php(184): Nexa\\Routing\\Router->dispatch('GET', '\/tutorials')\n#5 C:\\Users\\jeans\\Downloads\\slide\\nexframework\\index.php(9): Nexa\\Core\\Application->run()\n#6 C:\\Users\\jeans\\Downloads\\slide\\nexframework\\public\\index.php(3): require('C:\\\\Users\\\\jeans\\\\...')\n#7 {main}"}
[2025-06-06 13:39:04] info: Tutorials page accessed
[2025-06-06 13:39:04] error: Exception: syntax error, unexpected token "<", expecting end of file in C:\Users\jeans\Downloads\slide\nexframework\src\Nexa\View\TemplateEngine.php(48) : eval()'d code:183 {"exception":"ParseError","file":"C:\\Users\\jeans\\Downloads\\slide\\nexframework\\src\\Nexa\\View\\TemplateEngine.php(48) : eval()'d code","line":183,"trace":"#0 C:\\Users\\jeans\\Downloads\\slide\\nexframework\\app\\Http\\Controllers\\WelcomeController.php(70): Nexa\\View\\TemplateEngine->render('tutorials')\n#1 C:\\Users\\jeans\\Downloads\\slide\\nexframework\\src\\Nexa\\Routing\\Route.php(86): App\\Http\\Controllers\\WelcomeController->tutorials(Object(Nexa\\Http\\Request))\n#2 C:\\Users\\jeans\\Downloads\\slide\\nexframework\\src\\Nexa\\Routing\\Route.php(43): Nexa\\Routing\\Route->runControllerArray('App\\\\Http\\\\Contro...', 'tutorials')\n#3 C:\\Users\\jeans\\Downloads\\slide\\nexframework\\src\\Nexa\\Routing\\Router.php(85): Nexa\\Routing\\Route->run()\n#4 C:\\Users\\jeans\\Downloads\\slide\\nexframework\\src\\Nexa\\Core\\Application.php(184): Nexa\\Routing\\Router->dispatch('GET', '\/tutorials')\n#5 C:\\Users\\jeans\\Downloads\\slide\\nexframework\\index.php(9): Nexa\\Core\\Application->run()\n#6 C:\\Users\\jeans\\Downloads\\slide\\nexframework\\public\\index.php(3): require('C:\\\\Users\\\\jeans\\\\...')\n#7 {main}"}
[2025-06-06 13:39:05] info: Tutorials page accessed
[2025-06-06 13:39:05] error: Exception: syntax error, unexpected token "<", expecting end of file in C:\Users\jeans\Downloads\slide\nexframework\src\Nexa\View\TemplateEngine.php(48) : eval()'d code:183 {"exception":"ParseError","file":"C:\\Users\\jeans\\Downloads\\slide\\nexframework\\src\\Nexa\\View\\TemplateEngine.php(48) : eval()'d code","line":183,"trace":"#0 C:\\Users\\jeans\\Downloads\\slide\\nexframework\\app\\Http\\Controllers\\WelcomeController.php(70): Nexa\\View\\TemplateEngine->render('tutorials')\n#1 C:\\Users\\jeans\\Downloads\\slide\\nexframework\\src\\Nexa\\Routing\\Route.php(86): App\\Http\\Controllers\\WelcomeController->tutorials(Object(Nexa\\Http\\Request))\n#2 C:\\Users\\jeans\\Downloads\\slide\\nexframework\\src\\Nexa\\Routing\\Route.php(43): Nexa\\Routing\\Route->runControllerArray('App\\\\Http\\\\Contro...', 'tutorials')\n#3 C:\\Users\\jeans\\Downloads\\slide\\nexframework\\src\\Nexa\\Routing\\Router.php(85): Nexa\\Routing\\Route->run()\n#4 C:\\Users\\jeans\\Downloads\\slide\\nexframework\\src\\Nexa\\Core\\Application.php(184): Nexa\\Routing\\Router->dispatch('GET', '\/tutorials')\n#5 C:\\Users\\jeans\\Downloads\\slide\\nexframework\\index.php(9): Nexa\\Core\\Application->run()\n#6 C:\\Users\\jeans\\Downloads\\slide\\nexframework\\public\\index.php(3): require('C:\\\\Users\\\\jeans\\\\...')\n#7 {main}"}
[2025-06-06 13:39:25] info: Tutorials page accessed
[2025-06-06 13:39:25] error: Exception: syntax error, unexpected token "<", expecting end of file in C:\Users\jeans\Downloads\slide\nexframework\src\Nexa\View\TemplateEngine.php(48) : eval()'d code:183 {"exception":"ParseError","file":"C:\\Users\\jeans\\Downloads\\slide\\nexframework\\src\\Nexa\\View\\TemplateEngine.php(48) : eval()'d code","line":183,"trace":"#0 C:\\Users\\jeans\\Downloads\\slide\\nexframework\\app\\Http\\Controllers\\WelcomeController.php(70): Nexa\\View\\TemplateEngine->render('tutorials')\n#1 C:\\Users\\jeans\\Downloads\\slide\\nexframework\\src\\Nexa\\Routing\\Route.php(86): App\\Http\\Controllers\\WelcomeController->tutorials(Object(Nexa\\Http\\Request))\n#2 C:\\Users\\jeans\\Downloads\\slide\\nexframework\\src\\Nexa\\Routing\\Route.php(43): Nexa\\Routing\\Route->runControllerArray('App\\\\Http\\\\Contro...', 'tutorials')\n#3 C:\\Users\\jeans\\Downloads\\slide\\nexframework\\src\\Nexa\\Routing\\Router.php(85): Nexa\\Routing\\Route->run()\n#4 C:\\Users\\jeans\\Downloads\\slide\\nexframework\\src\\Nexa\\Core\\Application.php(184): Nexa\\Routing\\Router->dispatch('GET', '\/tutorials')\n#5 C:\\Users\\jeans\\Downloads\\slide\\nexframework\\index.php(9): Nexa\\Core\\Application->run()\n#6 C:\\Users\\jeans\\Downloads\\slide\\nexframework\\public\\index.php(3): require('C:\\\\Users\\\\jeans\\\\...')\n#7 {main}"}
[2025-06-06 13:40:28] info: Tutorials page accessed
[2025-06-06 13:40:28] error: Exception: syntax error, unexpected token "<", expecting end of file in C:\Users\jeans\Downloads\slide\nexframework\src\Nexa\View\TemplateEngine.php(48) : eval()'d code:183 {"exception":"ParseError","file":"C:\\Users\\jeans\\Downloads\\slide\\nexframework\\src\\Nexa\\View\\TemplateEngine.php(48) : eval()'d code","line":183,"trace":"#0 C:\\Users\\jeans\\Downloads\\slide\\nexframework\\app\\Http\\Controllers\\WelcomeController.php(70): Nexa\\View\\TemplateEngine->render('tutorials')\n#1 C:\\Users\\jeans\\Downloads\\slide\\nexframework\\src\\Nexa\\Routing\\Route.php(86): App\\Http\\Controllers\\WelcomeController->tutorials(Object(Nexa\\Http\\Request))\n#2 C:\\Users\\jeans\\Downloads\\slide\\nexframework\\src\\Nexa\\Routing\\Route.php(43): Nexa\\Routing\\Route->runControllerArray('App\\\\Http\\\\Contro...', 'tutorials')\n#3 C:\\Users\\jeans\\Downloads\\slide\\nexframework\\src\\Nexa\\Routing\\Router.php(85): Nexa\\Routing\\Route->run()\n#4 C:\\Users\\jeans\\Downloads\\slide\\nexframework\\src\\Nexa\\Core\\Application.php(184): Nexa\\Routing\\Router->dispatch('GET', '\/tutorials')\n#5 C:\\Users\\jeans\\Downloads\\slide\\nexframework\\index.php(9): Nexa\\Core\\Application->run()\n#6 C:\\Users\\jeans\\Downloads\\slide\\nexframework\\public\\index.php(3): require('C:\\\\Users\\\\jeans\\\\...')\n#7 {main}"}
[2025-06-06 13:41:36] info: Tutorials page accessed
[2025-06-06 13:41:36] error: Exception: syntax error, unexpected token "<", expecting end of file in C:\Users\jeans\Downloads\slide\nexframework\src\Nexa\View\TemplateEngine.php(48) : eval()'d code:183 {"exception":"ParseError","file":"C:\\Users\\jeans\\Downloads\\slide\\nexframework\\src\\Nexa\\View\\TemplateEngine.php(48) : eval()'d code","line":183,"trace":"#0 C:\\Users\\jeans\\Downloads\\slide\\nexframework\\app\\Http\\Controllers\\WelcomeController.php(70): Nexa\\View\\TemplateEngine->render('tutorials')\n#1 C:\\Users\\jeans\\Downloads\\slide\\nexframework\\src\\Nexa\\Routing\\Route.php(86): App\\Http\\Controllers\\WelcomeController->tutorials(Object(Nexa\\Http\\Request))\n#2 C:\\Users\\jeans\\Downloads\\slide\\nexframework\\src\\Nexa\\Routing\\Route.php(43): Nexa\\Routing\\Route->runControllerArray('App\\\\Http\\\\Contro...', 'tutorials')\n#3 C:\\Users\\jeans\\Downloads\\slide\\nexframework\\src\\Nexa\\Routing\\Router.php(85): Nexa\\Routing\\Route->run()\n#4 C:\\Users\\jeans\\Downloads\\slide\\nexframework\\src\\Nexa\\Core\\Application.php(184): Nexa\\Routing\\Router->dispatch('GET', '\/tutorials')\n#5 C:\\Users\\jeans\\Downloads\\slide\\nexframework\\index.php(9): Nexa\\Core\\Application->run()\n#6 C:\\Users\\jeans\\Downloads\\slide\\nexframework\\public\\index.php(3): require('C:\\\\Users\\\\jeans\\\\...')\n#7 {main}"}
[2025-06-06 13:45:15] info: Tutorials page accessed
[2025-06-06 13:45:15] error: Exception: syntax error, unexpected token "<", expecting end of file in C:\Users\jeans\Downloads\slide\nexframework\src\Nexa\View\TemplateEngine.php(48) : eval()'d code:183 {"exception":"ParseError","file":"C:\\Users\\jeans\\Downloads\\slide\\nexframework\\src\\Nexa\\View\\TemplateEngine.php(48) : eval()'d code","line":183,"trace":"#0 C:\\Users\\jeans\\Downloads\\slide\\nexframework\\app\\Http\\Controllers\\WelcomeController.php(70): Nexa\\View\\TemplateEngine->render('tutorials')\n#1 C:\\Users\\jeans\\Downloads\\slide\\nexframework\\src\\Nexa\\Routing\\Route.php(86): App\\Http\\Controllers\\WelcomeController->tutorials(Object(Nexa\\Http\\Request))\n#2 C:\\Users\\jeans\\Downloads\\slide\\nexframework\\src\\Nexa\\Routing\\Route.php(43): Nexa\\Routing\\Route->runControllerArray('App\\\\Http\\\\Contro...', 'tutorials')\n#3 C:\\Users\\jeans\\Downloads\\slide\\nexframework\\src\\Nexa\\Routing\\Router.php(85): Nexa\\Routing\\Route->run()\n#4 C:\\Users\\jeans\\Downloads\\slide\\nexframework\\src\\Nexa\\Core\\Application.php(184): Nexa\\Routing\\Router->dispatch('GET', '\/tutorials')\n#5 C:\\Users\\jeans\\Downloads\\slide\\nexframework\\index.php(9): Nexa\\Core\\Application->run()\n#6 C:\\Users\\jeans\\Downloads\\slide\\nexframework\\public\\index.php(3): require('C:\\\\Users\\\\jeans\\\\...')\n#7 {main}"}
[2025-06-06 13:48:51] info: Tutorials page accessed
[2025-06-06 13:50:00] info: Welcome page accessed {"ip":"127.0.0.1","user_agent":"Mozilla\/5.0 (Windows NT 10.0; Win64; x64) AppleWebKit\/537.36 (KHTML, like Gecko) Chrome\/136.0.0.0 Safari\/537.36"}
[2025-06-06 13:51:57] info: Welcome page accessed {"ip":"127.0.0.1","user_agent":"Mozilla\/5.0 (Windows NT 10.0; Win64; x64) AppleWebKit\/537.36 (KHTML, like Gecko) Chrome\/136.0.0.0 Safari\/537.36 Edg\/136.0.0.0"}
[2025-06-06 13:53:04] info: Welcome page accessed {"ip":"127.0.0.1","user_agent":"Mozilla\/5.0 (Windows NT 10.0; Win64; x64) AppleWebKit\/537.36 (KHTML, like Gecko) Chrome\/136.0.0.0 Safari\/537.36 Edg\/136.0.0.0"}
[2025-06-06 13:54:42] info: About page accessed
[2025-06-06 13:54:49] info: Documentation page accessed
[2025-06-06 13:54:54] info: Examples page accessed
[2025-06-06 13:55:02] info: Tutorials page accessed
[2025-06-06 14:02:22] info: Welcome page accessed {"ip":"127.0.0.1","user_agent":"Mozilla\/5.0 (Windows NT 10.0; Win64; x64) AppleWebKit\/537.36 (KHTML, like Gecko) Chrome\/136.0.0.0 Safari\/537.36 Edg\/136.0.0.0"}
[2025-06-06 14:02:29] info: About page accessed
[2025-06-06 14:02:33] info: Documentation page accessed
[2025-06-06 14:02:34] info: Examples page accessed
[2025-06-06 14:02:35] info: Tutorials page accessed
[2025-06-06 14:03:34] info: Welcome page accessed {"ip":"127.0.0.1","user_agent":"Mozilla\/5.0 (Windows NT 10.0; Win64; x64) AppleWebKit\/537.36 (KHTML, like Gecko) Chrome\/136.0.0.0 Safari\/537.36 Edg\/136.0.0.0"}
[2025-06-06 14:03:46] info: Tutorials page accessed
[2025-06-06 14:03:48] info: Examples page accessed
[2025-06-06 14:03:50] info: Documentation page accessed
[2025-06-06 14:03:51] info: About page accessed
[2025-06-06 14:03:52] info: Welcome page accessed {"ip":"127.0.0.1","user_agent":"Mozilla\/5.0 (Windows NT 10.0; Win64; x64) AppleWebKit\/537.36 (KHTML, like Gecko) Chrome\/136.0.0.0 Safari\/537.36 Edg\/136.0.0.0"}
[2025-06-06 14:06:32] info: Examples page accessed
[2025-06-06 14:09:34] info: Examples page accessed
[2025-06-06 14:09:36] info: Tutorials page accessed
[2025-06-06 14:09:55] info: Documentation page accessed
[2025-06-06 14:10:05] info: Examples page accessed
[2025-06-06 14:10:06] info: Tutorials page accessed
[2025-06-06 14:12:03] info: Tutorials page accessed
[2025-06-06 14:14:27] info: Tutorials page accessed
[2025-06-06 14:14:38] info: Welcome page accessed {"ip":"127.0.0.1","user_agent":"Mozilla\/5.0 (Windows NT 10.0; Win64; x64) AppleWebKit\/537.36 (KHTML, like Gecko) Chrome\/136.0.0.0 Safari\/537.36 Edg\/136.0.0.0"}
[2025-06-06 14:14:39] info: About page accessed
[2025-06-06 14:14:40] info: Documentation page accessed
[2025-06-06 14:14:41] info: Examples page accessed
[2025-06-06 14:14:42] info: Tutorials page accessed
[2025-06-06 14:14:58] info: Welcome page accessed {"ip":"127.0.0.1","user_agent":"Mozilla\/5.0 (Windows NT 10.0; Win64; x64) AppleWebKit\/537.36 (KHTML, like Gecko) Chrome\/136.0.0.0 Safari\/537.36 Edg\/136.0.0.0"}
[2025-06-06 14:17:35] info: Welcome page accessed {"ip":"127.0.0.1","user_agent":"Mozilla\/5.0 (Windows NT 10.0; Win64; x64) AppleWebKit\/537.36 (KHTML, like Gecko) Chrome\/136.0.0.0 Safari\/537.36 Edg\/136.0.0.0"}
[2025-06-06 14:18:08] info: Welcome page accessed {"ip":"127.0.0.1","user_agent":"Mozilla\/5.0 (Windows NT 10.0; Win64; x64) AppleWebKit\/537.36 (KHTML, like Gecko) Chrome\/136.0.0.0 Safari\/537.36 Edg\/136.0.0.0"}
[2025-06-06 14:20:12] info: Welcome page accessed {"ip":"127.0.0.1","user_agent":"Mozilla\/5.0 (Windows NT 10.0; Win64; x64) AppleWebKit\/537.36 (KHTML, like Gecko) Chrome\/136.0.0.0 Safari\/537.36 Edg\/136.0.0.0"}
[2025-06-06 14:20:43] info: Welcome page accessed {"ip":"127.0.0.1","user_agent":"Mozilla\/5.0 (Windows NT 10.0; Win64; x64) AppleWebKit\/537.36 (KHTML, like Gecko) Chrome\/136.0.0.0 Safari\/537.36 Edg\/136.0.0.0"}
[2025-06-06 14:22:09] info: Welcome page accessed {"ip":"127.0.0.1","user_agent":"Mozilla\/5.0 (Windows NT 10.0; Win64; x64) AppleWebKit\/537.36 (KHTML, like Gecko) Chrome\/136.0.0.0 Safari\/537.36 Edg\/136.0.0.0"}
[2025-06-06 14:22:42] info: Welcome page accessed {"ip":"127.0.0.1","user_agent":"Mozilla\/5.0 (Windows NT 10.0; Win64; x64) AppleWebKit\/537.36 (KHTML, like Gecko) Chrome\/136.0.0.0 Safari\/537.36 Edg\/136.0.0.0"}
[2025-06-06 14:23:11] info: Welcome page accessed {"ip":"127.0.0.1","user_agent":"Mozilla\/5.0 (Windows NT 10.0; Win64; x64) AppleWebKit\/537.36 (KHTML, like Gecko) Chrome\/136.0.0.0 Safari\/537.36 Edg\/136.0.0.0"}
[2025-06-06 14:24:45] info: About page accessed
[2025-06-06 14:28:22] info: About page accessed
[2025-06-06 14:29:08] info: About page accessed
[2025-06-06 14:29:09] info: Documentation page accessed
[2025-06-06 14:29:11] info: Welcome page accessed {"ip":"127.0.0.1","user_agent":"Mozilla\/5.0 (Windows NT 10.0; Win64; x64) AppleWebKit\/537.36 (KHTML, like Gecko) Chrome\/136.0.0.0 Safari\/537.36"}
[2025-06-06 14:31:50] info: Welcome page accessed {"ip":"127.0.0.1","user_agent":"Mozilla\/5.0 (Windows NT 10.0; Win64; x64) AppleWebKit\/537.36 (KHTML, like Gecko) Chrome\/136.0.0.0 Safari\/537.36 Edg\/136.0.0.0"}
[2025-06-06 14:33:23] info: Examples page accessed
[2025-06-06 14:33:45] info: Examples page accessed
[2025-06-06 14:34:16] info: Examples page accessed
[2025-06-06 14:34:26] info: Examples page accessed
[2025-06-06 14:35:04] info: Examples page accessed
[2025-06-06 14:35:22] info: Examples page accessed
[2025-06-06 14:35:55] info: Examples page accessed
[2025-06-06 14:36:23] info: Examples page accessed
[2025-06-06 14:36:32] info: Tutorials page accessed
[2025-06-06 14:36:36] info: Examples page accessed
[2025-06-06 14:36:41] info: Documentation page accessed
[2025-06-06 14:37:02] info: Documentation page accessed
[2025-06-06 14:37:03] info: Examples page accessed
[2025-06-06 14:37:23] info: Examples page accessed
[2025-06-06 14:39:31] info: Examples page accessed
[2025-06-06 14:44:28] info: Examples page accessed
[2025-06-06 14:45:04] info: Examples page accessed
[2025-06-06 14:55:36] info: Welcome page accessed {"ip":"::1","user_agent":"Mozilla\/5.0 (Windows NT 10.0; Win64; x64) AppleWebKit\/537.36 (KHTML, like Gecko) Chrome\/136.0.0.0 Safari\/537.36 Edg\/136.0.0.0"}
[2025-06-06 14:56:20] info: Examples page accessed
[2025-06-06 14:57:42] info: Welcome page accessed {"ip":"::1","user_agent":"Mozilla\/5.0 (Windows NT 10.0; Win64; x64) AppleWebKit\/537.36 (KHTML, like Gecko) Chrome\/136.0.0.0 Safari\/537.36 Edg\/136.0.0.0"}
[2025-06-06 14:58:17] info: Welcome page accessed {"ip":"::1","user_agent":"Mozilla\/5.0 (Windows NT 10.0; Win64; x64) AppleWebKit\/537.36 (KHTML, like Gecko) Chrome\/136.0.0.0 Safari\/537.36 Edg\/136.0.0.0"}
[2025-06-06 15:00:51] info: Welcome page accessed {"ip":"::1","user_agent":"Mozilla\/5.0 (Windows NT 10.0; Win64; x64) AppleWebKit\/537.36 (KHTML, like Gecko) Chrome\/136.0.0.0 Safari\/537.36 Edg\/136.0.0.0"}
[2025-06-06 15:09:47] info: Welcome page accessed {"ip":"::1","user_agent":"Mozilla\/5.0 (Windows NT 10.0; Win64; x64) AppleWebKit\/537.36 (KHTML, like Gecko) Chrome\/136.0.0.0 Safari\/537.36 Edg\/136.0.0.0"}
[2025-06-06 15:21:22] info: Welcome page accessed {"ip":"::1","user_agent":"Mozilla\/5.0 (Windows NT 10.0; Win64; x64) AppleWebKit\/537.36 (KHTML, like Gecko) Chrome\/136.0.0.0 Safari\/537.36 Edg\/136.0.0.0"}
[2025-06-06 15:21:41] info: Tutorials page accessed
[2025-06-06 15:48:04] info: Tutorials page accessed
[2025-06-06 15:48:12] info: Examples page accessed
[2025-06-06 15:48:18] info: Welcome page accessed {"ip":"::1","user_agent":"Mozilla\/5.0 (Windows NT 10.0; Win64; x64) AppleWebKit\/537.36 (KHTML, like Gecko) Chrome\/136.0.0.0 Safari\/537.36 Edg\/136.0.0.0"}
[2025-06-06 15:48:19] info: About page accessed
[2025-06-06 15:48:25] info: Tutorials page accessed
[2025-06-06 15:56:42] info: About page accessed
[2025-06-06 15:56:44] info: Documentation page accessed
[2025-06-06 15:56:46] info: Examples page accessed
[2025-06-06 15:57:55] info: Welcome page accessed {"ip":"::1","user_agent":"Mozilla\/5.0 (Windows NT 10.0; Win64; x64) AppleWebKit\/537.36 (KHTML, like Gecko) Chrome\/136.0.0.0 Safari\/537.36 Edg\/136.0.0.0"}
[2025-06-06 15:57:56] info: About page accessed
[2025-06-06 15:57:58] info: Documentation page accessed
[2025-06-06 15:57:59] info: Examples page accessed
[2025-06-06 15:58:00] info: Tutorials page accessed
[2025-06-06 15:58:04] info: Examples page accessed
[2025-06-06 15:58:05] info: Documentation page accessed
[2025-06-06 15:58:06] info: Welcome page accessed {"ip":"::1","user_agent":"Mozilla\/5.0 (Windows NT 10.0; Win64; x64) AppleWebKit\/537.36 (KHTML, like Gecko) Chrome\/136.0.0.0 Safari\/537.36 Edg\/136.0.0.0"}
[2025-06-06 16:02:01] info: Welcome page accessed {"ip":"::1","user_agent":"Mozilla\/5.0 (Windows NT 10.0; Win64; x64) AppleWebKit\/537.36 (KHTML, like Gecko) Chrome\/136.0.0.0 Safari\/537.36 Edg\/136.0.0.0"}
[2025-06-06 16:02:03] info: About page accessed
[2025-06-06 16:04:26] info: Request: GET /about
[2025-06-06 16:04:26] info: About page accessed
[2025-06-06 16:04:28] info: Request: GET /documentation
[2025-06-06 16:04:28] info: Documentation page accessed
[2025-06-06 16:04:29] info: Request: GET /examples
[2025-06-06 16:04:29] info: Examples page accessed
[2025-06-06 16:04:30] info: Request: GET /tutorials
[2025-06-06 16:04:30] info: Tutorials page accessed
[2025-06-06 16:04:31] info: Request: GET /contact
[2025-06-06 16:08:53] info: Request: GET /contact
[2025-06-06 16:13:00] info: Request: GET /about
[2025-06-06 16:13:00] info: About page accessed
[2025-06-06 16:13:01] info: Request: GET /documentation
[2025-06-06 16:13:01] info: Documentation page accessed
[2025-06-06 16:13:02] info: Request: GET /examples
[2025-06-06 16:13:02] info: Examples page accessed
[2025-06-06 16:13:02] info: Request: GET /tutorials
[2025-06-06 16:13:02] info: Tutorials page accessed
[2025-06-06 16:13:04] info: Request: GET /contact
[2025-06-06 16:15:30] info: Request: GET /public
[2025-06-06 16:15:30] error: Application error: Route not found for URI: /public {"file":"C:\\Users\\jeans\\Downloads\\slide\\nexframework\\src\\Nexa\\Routing\\Router.php","line":89,"trace":"#0 C:\\Users\\jeans\\Downloads\\slide\\nexframework\\src\\Nexa\\Core\\Application.php(187): Nexa\\Routing\\Router->dispatch('GET', '\/public')\n#1 C:\\Users\\jeans\\Downloads\\slide\\nexframework\\index.php(9): Nexa\\Core\\Application->run()\n#2 C:\\Users\\jeans\\Downloads\\slide\\nexframework\\public\\index.php(3): require('C:\\\\Users\\\\jeans\\\\...')\n#3 {main}","uri":"\/public","method":"GET"}
[2025-06-06 16:15:57] info: Request: GET /contact
[2025-06-06 16:15:59] info: Request: GET /
[2025-06-06 16:15:59] info: Welcome page accessed {"ip":"127.0.0.1","user_agent":"Mozilla\/5.0 (Windows NT 10.0; Win64; x64) AppleWebKit\/537.36 (KHTML, like Gecko) Chrome\/136.0.0.0 Safari\/537.36 Edg\/136.0.0.0"}
[2025-06-06 16:16:00] info: Request: GET /about
[2025-06-06 16:16:00] info: About page accessed
[2025-06-06 16:16:00] info: Request: GET /documentation
[2025-06-06 16:16:00] info: Documentation page accessed
[2025-06-06 16:16:01] info: Request: GET /examples
[2025-06-06 16:16:01] info: Examples page accessed
[2025-06-06 16:16:02] info: Request: GET /tutorials
[2025-06-06 16:16:02] info: Tutorials page accessed
[2025-06-06 16:16:09] info: Request: GET /tutorials
[2025-06-06 16:16:09] info: Tutorials page accessed
[2025-06-06 16:16:12] info: Request: GET /
[2025-06-06 16:16:12] info: Welcome page accessed {"ip":"127.0.0.1","user_agent":"Mozilla\/5.0 (Windows NT 10.0; Win64; x64) AppleWebKit\/537.36 (KHTML, like Gecko) Chrome\/136.0.0.0 Safari\/537.36 Avast\/136.0.0.0"}
[2025-06-06 16:21:27] info: Request: GET /about
[2025-06-06 16:21:27] info: About page accessed
[2025-06-06 16:51:41] error: Exception: Call to undefined method Nexa\Http\Request::getMethod() in C:\Users\jeans\Downloads\slide\nexframework\index.php:32 {"exception":"Error","file":"C:\\Users\\jeans\\Downloads\\slide\\nexframework\\index.php","line":32,"trace":"#0 C:\\Users\\jeans\\Downloads\\slide\\nexframework\\public\\index.php(3): require()\n#1 {main}"}
[2025-06-06 16:51:57] error: Exception: Call to undefined method Nexa\Http\Request::getMethod() in C:\Users\jeans\Downloads\slide\nexframework\index.php:32 {"exception":"Error","file":"C:\\Users\\jeans\\Downloads\\slide\\nexframework\\index.php","line":32,"trace":"#0 {main}"}
[2025-06-06 16:59:54] error: Exception: Call to a member function dispatch() on bool in C:\Users\jeans\Downloads\slide\nexframework\index.php:46 {"exception":"Error","file":"C:\\Users\\jeans\\Downloads\\slide\\nexframework\\index.php","line":46,"trace":"#0 {main}"}
[2025-06-06 16:59:54] error: Exception: Call to a member function dispatch() on bool in C:\Users\jeans\Downloads\slide\nexframework\index.php:46 {"exception":"Error","file":"C:\\Users\\jeans\\Downloads\\slide\\nexframework\\index.php","line":46,"trace":"#0 C:\\Users\\jeans\\Downloads\\slide\\nexframework\\public\\index.php(3): require()\n#1 {main}"}
[2025-06-06 17:00:20] info: Documentation page accessed
[2025-06-06 17:00:22] info: Examples page accessed
[2025-06-06 17:00:24] info: Tutorials page accessed
[2025-06-06 17:00:34] info: Welcome page accessed {"ip":"unknown","user_agent":"unknown"}
[2025-06-06 17:01:07] info: About page accessed
[2025-06-06 17:01:08] info: Documentation page accessed
[2025-06-06 17:01:08] info: Examples page accessed
[2025-06-06 17:01:09] info: Tutorials page accessed
[2025-06-06 17:01:12] info: Examples page accessed
[2025-06-06 17:01:13] info: About page accessed
[2025-06-06 17:14:48] info: Welcome page accessed {"ip":"unknown","user_agent":"unknown"}
[2025-06-06 17:37:53] info: Welcome page accessed {"ip":"unknown","user_agent":"unknown"}
[2025-06-06 17:42:06] error: Exception: Call to undefined method Nexa\Routing\Router::mergeRouters() in C:\Users\jeans\Downloads\slide\nexframework\index.php:57 {"exception":"Error","file":"C:\\Users\\jeans\\Downloads\\slide\\nexframework\\index.php","line":57,"trace":"#0 {main}"}
[2025-06-06 17:42:47] info: Welcome page accessed {"ip":"unknown","user_agent":"unknown"}
[2025-06-06 17:47:09] info: Welcome page accessed {"ip":"unknown","user_agent":"unknown"}
[2025-06-06 17:50:34] info: Welcome page accessed {"ip":"unknown","user_agent":"unknown"}
[2025-06-06 17:55:36] info: Welcome page accessed {"ip":"127.0.0.1","user_agent":"Mozilla\/5.0 (Windows NT 10.0; Win64; x64) AppleWebKit\/537.36 (KHTML, like Gecko) Chrome\/137.0.0.0 Safari\/537.36 Edg\/137.0.0.0"}
[2025-06-06 18:13:47] info: Documentation page accessed
[2025-06-06 18:13:48] info: About page accessed
[2025-06-06 18:13:49] info: Welcome page accessed {"ip":"127.0.0.1","user_agent":"Mozilla\/5.0 (Windows NT 10.0; Win64; x64) AppleWebKit\/537.36 (KHTML, like Gecko) Chrome\/137.0.0.0 Safari\/537.36 Edg\/137.0.0.0"}
[2025-06-06 18:13:51] info: Examples page accessed
[2025-06-06 18:13:51] info: Tutorials page accessed
[2025-06-06 18:13:57] info: About page accessed
[2025-06-06 18:13:58] info: Documentation page accessed
[2025-06-06 18:13:59] info: Examples page accessed
[2025-06-06 18:20:14] info: Tutorials page accessed
[2025-06-06 18:34:26] info: Documentation page accessed
[2025-06-06 18:34:30] info: Tutorials page accessed
[2025-06-06 18:34:58] info: Welcome page accessed {"ip":"127.0.0.1","user_agent":"Mozilla\/5.0 (Windows NT 10.0; Win64; x64) AppleWebKit\/537.36 (KHTML, like Gecko) Chrome\/137.0.0.0 Safari\/537.36 Edg\/137.0.0.0"}
[2025-06-06 18:34:59] info: Examples page accessed
[2025-06-06 18:35:01] info: Tutorials page accessed
[2025-06-06 18:35:06] info: Tutorials page accessed
[2025-06-06 18:35:07] info: Examples page accessed
[2025-06-06 18:35:08] info: Documentation page accessed
[2025-06-06 18:35:09] info: About page accessed
[2025-06-06 18:35:19] info: Tutorials page accessed
[2025-06-06 18:37:21] info: Welcome page accessed {"ip":"127.0.0.1","user_agent":"Mozilla\/5.0 (Windows NT 10.0; Win64; x64) AppleWebKit\/537.36 (KHTML, like Gecko) Chrome\/137.0.0.0 Safari\/537.36 Edg\/137.0.0.0"}
[2025-06-06 18:39:01] info: About page accessed
[2025-06-06 18:39:03] info: Documentation page accessed
[2025-06-06 18:39:04] info: Examples page accessed
[2025-06-06 18:39:05] info: Tutorials page accessed
[2025-06-06 18:39:07] info: Welcome page accessed {"ip":"127.0.0.1","user_agent":"Mozilla\/5.0 (Windows NT 10.0; Win64; x64) AppleWebKit\/537.36 (KHTML, like Gecko) Chrome\/137.0.0.0 Safari\/537.36 Edg\/137.0.0.0"}
[2025-06-06 18:39:30] info: Welcome page accessed {"ip":"127.0.0.1","user_agent":"Mozilla\/5.0 (Windows NT 10.0; Win64; x64) AppleWebKit\/537.36 (KHTML, like Gecko) Chrome\/137.0.0.0 Safari\/537.36 Edg\/137.0.0.0"}
[2025-06-06 18:39:33] info: About page accessed
[2025-06-06 18:53:42] info: About page accessed
[2025-06-06 18:53:55] info: Tutorials page accessed
[2025-06-06 18:53:58] info: Documentation page accessed
[2025-06-06 18:53:59] info: Examples page accessed
[2025-06-06 18:58:05] info: Examples page accessed
[2025-06-06 19:00:24] info: Examples page accessed
[2025-06-06 19:01:13] info: Examples page accessed
[2025-06-06 19:04:30] info: Welcome page accessed {"ip":"127.0.0.1","user_agent":"Mozilla\/5.0 (Windows NT 10.0; Win64; x64) AppleWebKit\/537.36 (KHTML, like Gecko) Chrome\/137.0.0.0 Safari\/537.36 Edg\/137.0.0.0"}
[2025-06-06 19:05:05] info: Welcome page accessed {"ip":"127.0.0.1","user_agent":"Mozilla\/5.0 (Windows NT 10.0; Win64; x64) AppleWebKit\/537.36 (KHTML, like Gecko) Chrome\/137.0.0.0 Safari\/537.36 Edg\/137.0.0.0"}
[2025-06-07 04:40:14] info: Welcome page accessed {"ip":"unknown","user_agent":"unknown"}
[2025-06-07 04:46:01] info: Welcome page accessed {"ip":"::1","user_agent":"Mozilla\/5.0 (Windows NT 10.0; Win64; x64) AppleWebKit\/537.36 (KHTML, like Gecko) Trae\/1.98.2 Chrome\/132.0.6834.196 Electron\/34.2.0 Safari\/537.36"}
[2025-06-07 04:46:05] info: About page accessed
[2025-06-07 04:46:38] info: Welcome page accessed {"ip":"unknown","user_agent":"unknown"}
[2025-06-07 04:52:46] info: Welcome page accessed {"ip":"127.0.0.1","user_agent":"Mozilla\/5.0 (Windows NT 10.0; Win64; x64) AppleWebKit\/537.36 (KHTML, like Gecko) Trae\/1.98.2 Chrome\/132.0.6834.196 Electron\/34.2.0 Safari\/537.36"}
[2025-06-07 04:53:23] info: Welcome page accessed {"ip":"127.0.0.1","user_agent":"Mozilla\/5.0 (Windows NT 10.0; Win64; x64) AppleWebKit\/537.36 (KHTML, like Gecko) Trae\/1.98.2 Chrome\/132.0.6834.196 Electron\/34.2.0 Safari\/537.36"}
[2025-06-07 04:53:38] error: Error [2]: Undefined array key "name" in C:\Users\jeans\Downloads\slide\nexframework\tests\MicroserviceTest.php:118
[2025-06-07 04:53:38] error: Error [2]: Trying to access array offset on value of type null in C:\Users\jeans\Downloads\slide\nexframework\tests\MicroserviceTest.php:374
[2025-06-07 04:53:39] error: Exception: Too few arguments to function Nexa\Plugins\PluginManager::__construct(), 0 passed in C:\Users\jeans\Downloads\slide\nexframework\tests\Phase3TestSuite.php on line 156 and exactly 1 expected in C:\Users\jeans\Downloads\slide\nexframework\src\Plugins\PluginManager.php:60 {"exception":"ArgumentCountError","file":"C:\\Users\\jeans\\Downloads\\slide\\nexframework\\src\\Plugins\\PluginManager.php","line":60,"trace":"#0 C:\\Users\\jeans\\Downloads\\slide\\nexframework\\tests\\Phase3TestSuite.php(156): Nexa\\Plugins\\PluginManager->__construct()\n#1 C:\\Users\\jeans\\Downloads\\slide\\nexframework\\tests\\Phase3TestSuite.php(144): Tests\\Phase3TestSuite->testPluginModuleIntegration()\n#2 C:\\Users\\jeans\\Downloads\\slide\\nexframework\\src\\Nexa\\Testing\\TestCase.php(74): Tests\\Phase3TestSuite->testPhase3Integration()\n#3 C:\\Users\\jeans\\Downloads\\slide\\nexframework\\src\\Nexa\\Testing\\TestRunner.php(163): Nexa\\Testing\\TestCase->runTest('testPhase3Integ...')\n#4 C:\\Users\\jeans\\Downloads\\slide\\nexframework\\src\\Nexa\\Testing\\TestRunner.php(124): Nexa\\Testing\\TestRunner->runSingleTest(Object(Tests\\Phase3TestSuite), 'testPhase3Integ...')\n#5 C:\\Users\\jeans\\Downloads\\slide\\nexframework\\src\\Nexa\\Testing\\TestRunner.php(86): Nexa\\Testing\\TestRunner->runTestClass('Tests\\\\Phase3Tes...')\n#6 C:\\Users\\jeans\\Downloads\\slide\\nexframework\\src\\Nexa\\Console\\NexaCLI.php(230): Nexa\\Testing\\TestRunner->run()\n#7 [internal function]: Nexa\\Console\\NexaCLI->runTests(Array)\n#8 C:\\Users\\jeans\\Downloads\\slide\\nexframework\\src\\Nexa\\Console\\NexaCLI.php(153): call_user_func(Array, Array)\n#9 C:\\Users\\jeans\\Downloads\\slide\\nexframework\\nexa(32): Nexa\\Console\\NexaCLI->run(Array)\n#10 {main}"}
[2025-06-07 13:36:36] info: Welcome page accessed {"ip":"127.0.0.1","user_agent":"Mozilla\/5.0 (Windows NT 10.0; Win64; x64) AppleWebKit\/537.36 (KHTML, like Gecko) Chrome\/137.0.0.0 Safari\/537.36 Edg\/137.0.0.0"}
[2025-06-07 13:36:44] info: About page accessed
[2025-06-07 13:36:46] info: Documentation page accessed
[2025-06-07 13:36:50] info: Documentation page accessed
[2025-06-07 21:41:53] error: Exception: Unmatched '}' in C:\Users\jeans\Downloads\slide\nexaframeworkv1\workspace\flows\api.php:218 {"exception":"ParseError","file":"C:\\Users\\jeans\\Downloads\\slide\\nexaframeworkv1\\workspace\\flows\\api.php","line":218,"trace":"#0 {main}"}
[2025-06-07 21:42:03] error: Exception: Unmatched '}' in C:\Users\jeans\Downloads\slide\nexaframeworkv1\workspace\flows\api.php:218 {"exception":"ParseError","file":"C:\\Users\\jeans\\Downloads\\slide\\nexaframeworkv1\\workspace\\flows\\api.php","line":218,"trace":"#0 {main}"}
[2025-06-07 21:50:03] error: Exception: Class "Config" not found in C:\Users\jeans\Downloads\slide\nexaframeworkv1\workspace\flows\api.php:203 {"exception":"Error","file":"C:\\Users\\jeans\\Downloads\\slide\\nexaframeworkv1\\workspace\\flows\\api.php","line":203,"trace":"#0 C:\\Users\\jeans\\Downloads\\slide\\nexaframeworkv1\\index.php(78): require()\n#1 {main}"}
[2025-06-07 21:52:43] error: Exception: Class "Config" not found in C:\Users\jeans\Downloads\slide\nexaframeworkv1\workspace\flows\api.php:203 {"exception":"Error","file":"C:\\Users\\jeans\\Downloads\\slide\\nexaframeworkv1\\workspace\\flows\\api.php","line":203,"trace":"#0 C:\\Users\\jeans\\Downloads\\slide\\nexaframeworkv1\\index.php(78): require()\n#1 {main}"}
[2025-06-07 21:53:16] error: Exception: Class "Config" not found in C:\Users\jeans\Downloads\slide\nexaframeworkv1\workspace\flows\api.php:203 {"exception":"Error","file":"C:\\Users\\jeans\\Downloads\\slide\\nexaframeworkv1\\workspace\\flows\\api.php","line":203,"trace":"#0 C:\\Users\\jeans\\Downloads\\slide\\nexaframeworkv1\\index.php(78): require()\n#1 {main}"}
[2025-06-07 21:56:02] info: Welcome page accessed {"ip":"unknown","user_agent":"unknown"}
[2025-06-07 21:57:21] info: Welcome page accessed {"ip":"unknown","user_agent":"unknown"}
[2025-06-07 21:57:31] info: Welcome page accessed {"ip":"::1","user_agent":"Mozilla\/5.0 (Windows NT 10.0; Win64; x64) AppleWebKit\/537.36 (KHTML, like Gecko) Trae\/1.98.2 Chrome\/132.0.6834.196 Electron\/34.2.0 Safari\/537.36"}
[2025-06-07 21:57:31] info: Welcome page accessed {"ip":"::1","user_agent":"Mozilla\/5.0 (Windows NT 10.0; Win64; x64) AppleWebKit\/537.36 (KHTML, like Gecko) Trae\/1.98.2 Chrome\/132.0.6834.196 Electron\/34.2.0 Safari\/537.36"}
[2025-06-07 22:00:25] info: Welcome page accessed {"ip":"unknown","user_agent":"unknown"}
[2025-06-07 22:01:45] info: Welcome page accessed {"ip":"unknown","user_agent":"unknown"}
[2025-06-07 22:03:51] info: Welcome page accessed {"ip":"unknown","user_agent":"unknown"}
[2025-06-07 22:56:58] info: Welcome page accessed {"ip":"unknown","user_agent":"unknown"}
[2025-06-07 23:01:46] info: Welcome page accessed {"ip":"unknown","user_agent":"unknown"}
[2025-06-07 23:02:00] info: Welcome page accessed {"ip":"unknown","user_agent":"unknown"}
[2025-06-07 23:02:19] info: Welcome page accessed {"ip":"unknown","user_agent":"unknown"}
[2025-06-07 23:03:33] info: Welcome page accessed {"ip":"unknown","user_agent":"unknown"}
[2025-06-07 23:04:07] info: Welcome page accessed {"ip":"unknown","user_agent":"unknown"}
[2025-06-07 23:04:24] info: Welcome page accessed {"ip":"unknown","user_agent":"unknown"}
[2025-06-07 23:04:57] info: Welcome page accessed {"ip":"unknown","user_agent":"unknown"}
[2025-06-07 23:07:57] info: Welcome page accessed {"ip":"unknown","user_agent":"unknown"}
[2025-06-07 23:15:15] info: Welcome page accessed {"ip":"unknown","user_agent":"unknown"}
[2025-06-07 23:17:43] info: Welcome page accessed {"ip":"unknown","user_agent":"unknown"}
[2025-06-09 00:25:25] info: Welcome page accessed {"ip":"127.0.0.1","user_agent":"Mozilla\/5.0 (Windows NT 10.0; Win64; x64) AppleWebKit\/537.36 (KHTML, like Gecko) Chrome\/137.0.0.0 Safari\/537.36 Edg\/137.0.0.0"}
[2025-06-09 00:25:27] info: Documentation page accessed
[2025-06-09 00:29:12] info: Documentation page accessed
[2025-06-09 00:30:26] info: Documentation page accessed
[2025-06-09 00:35:46] info: Documentation page accessed
[2025-06-09 00:37:35] info: Documentation page accessed
[2025-06-09 00:39:32] info: Documentation page accessed
[2025-06-09 00:40:03] info: Documentation page accessed
[2025-06-09 00:42:53] info: Documentation page accessed
[2025-06-09 00:43:22] info: Documentation page accessed
[2025-06-09 00:44:07] info: Documentation page accessed
[2025-06-09 00:45:42] info: Documentation page accessed
[2025-06-09 00:58:25] info: Documentation page accessed
[2025-06-09 01:00:47] info: Documentation page accessed
[2025-06-09 01:04:14] info: Documentation page accessed
[2025-06-09 01:04:42] info: Documentation page accessed
[2025-06-09 01:05:59] info: Documentation page accessed
[2025-06-09 01:11:39] info: Documentation page accessed
[2025-06-09 01:18:46] info: Documentation page accessed
[2025-06-09 01:22:45] info: Documentation page accessed
[2025-06-09 01:22:58] info: Welcome page accessed {"ip":"127.0.0.1","user_agent":"Mozilla\/5.0 (Windows NT 10.0; Win64; x64) AppleWebKit\/537.36 (KHTML, like Gecko) Chrome\/137.0.0.0 Safari\/537.36 Edg\/137.0.0.0"}
[2025-06-09 01:25:31] info: Welcome page accessed {"ip":"127.0.0.1","user_agent":"Mozilla\/5.0 (Windows NT 10.0; Win64; x64) AppleWebKit\/537.36 (KHTML, like Gecko) Chrome\/137.0.0.0 Safari\/537.36 Edg\/137.0.0.0"}
[2025-06-09 01:26:15] info: About page accessed
[2025-06-09 01:26:40] info: Welcome page accessed {"ip":"127.0.0.1","user_agent":"Mozilla\/5.0 (Windows NT 10.0; Win64; x64) AppleWebKit\/537.36 (KHTML, like Gecko) Chrome\/137.0.0.0 Safari\/537.36 Edg\/137.0.0.0"}
[2025-06-09 01:27:14] info: About page accessed
[2025-06-09 01:28:55] info: About page accessed
[2025-06-09 01:35:08] info: About page accessed
[2025-06-09 17:45:01] info: Welcome page accessed {"ip":"unknown","user_agent":"unknown"}
[2025-06-09 17:45:58] info: Welcome page accessed {"ip":"unknown","user_agent":"unknown"}
[2025-06-09 17:46:42] info: Welcome page accessed {"ip":"unknown","user_agent":"unknown"}
[2025-06-09 17:47:28] info: Welcome page accessed {"ip":"unknown","user_agent":"unknown"}
[2025-06-09 17:48:37] info: Welcome page accessed {"ip":"unknown","user_agent":"unknown"}
[2025-06-09 17:56:21] info: Welcome page accessed {"ip":"unknown","user_agent":"unknown"}
[2025-06-09 18:01:16] info: Welcome page accessed {"ip":"unknown","user_agent":"unknown"}
[2025-06-09 16:28:37] info: Welcome page accessed {"ip":"unknown","user_agent":"unknown"}
[2025-06-09 16:28:55] info: Welcome page accessed {"ip":"unknown","user_agent":"unknown"}
[2025-06-09 16:28:55] error: Exception: Call to protected method RouterTest::setUp() from global scope in C:\Users\jeans\Downloads\slide\nexaframeworkv1\tests\Unit\RouterTest.php:254 {"exception":"Error","file":"C:\\Users\\jeans\\Downloads\\slide\\nexaframeworkv1\\tests\\Unit\\RouterTest.php","line":254,"trace":"#0 {main}"}
[2025-06-09 16:33:48] info: Welcome page accessed {"ip":"unknown","user_agent":"unknown"}
[2025-06-09 16:33:48] error: Exception: Call to protected method RouterTest::setUp() from global scope in C:\Users\jeans\Downloads\slide\nexaframeworkv1\tests\Unit\RouterTest.php:299 {"exception":"Error","file":"C:\\Users\\jeans\\Downloads\\slide\\nexaframeworkv1\\tests\\Unit\\RouterTest.php","line":299,"trace":"#0 {main}"}
[2025-06-09 16:36:28] info: Welcome page accessed {"ip":"unknown","user_agent":"unknown"}
[2025-06-09 16:37:48] info: Welcome page accessed {"ip":"unknown","user_agent":"unknown"}
[2025-06-09 16:41:59] info: Welcome page accessed {"ip":"unknown","user_agent":"unknown"}
[2025-06-09 16:43:18] info: Welcome page accessed {"ip":"unknown","user_agent":"unknown"}
[2025-06-09 16:43:54] info: Welcome page accessed {"ip":"unknown","user_agent":"unknown"}
[2025-06-09 16:48:04] info: Welcome page accessed {"ip":"unknown","user_agent":"unknown"}
[2025-06-09 16:49:19] info: Welcome page accessed {"ip":"unknown","user_agent":"unknown"}
[2025-06-14 17:10:01] info: Welcome page accessed {"ip":"127.0.0.1","user_agent":"Mozilla\/5.0 (Windows NT 10.0; Win64; x64) AppleWebKit\/537.36 (KHTML, like Gecko) Chrome\/137.0.0.0 Safari\/537.36 Edg\/137.0.0.0"}
[2025-06-14 17:12:27] info: About page accessed
[2025-06-14 17:12:27] info: Documentation page accessed
[2025-06-14 17:12:32] info: Welcome page accessed {"ip":"127.0.0.1","user_agent":"Mozilla\/5.0 (Windows NT 10.0; Win64; x64) AppleWebKit\/537.36 (KHTML, like Gecko) Chrome\/137.0.0.0 Safari\/537.36 Edg\/137.0.0.0"}
[2025-06-14 17:12:34] info: About page accessed
[2025-06-14 17:12:40] info: Documentation page accessed
[2025-06-14 17:33:23] info: Welcome page accessed {"ip":"127.0.0.1","user_agent":"Mozilla\/5.0 (Windows NT 10.0; Win64; x64) AppleWebKit\/537.36 (KHTML, like Gecko) Chrome\/137.0.0.0 Safari\/537.36 Edg\/137.0.0.0"}
[2025-06-14 17:33:27] info: Template page accessed
[2025-06-14 17:50:57] info: Template page accessed
[2025-06-14 17:53:49] info: Template page accessed
[2025-06-14 17:54:20] info: Template page accessed
[2025-06-14 17:54:59] info: Template page accessed
[2025-06-14 17:55:30] info: Documentation page accessed
[2025-06-14 17:55:31] info: About page accessed
[2025-06-14 17:55:33] info: Welcome page accessed {"ip":"127.0.0.1","user_agent":"Mozilla\/5.0 (Windows NT 10.0; Win64; x64) AppleWebKit\/537.36 (KHTML, like Gecko) Chrome\/137.0.0.0 Safari\/537.36 Edg\/137.0.0.0"}
[2025-06-14 17:55:34] info: Documentation page accessed
[2025-06-14 17:55:42] info: Template page accessed
[2025-06-14 17:56:18] info: Template page accessed
[2025-06-14 17:56:39] info: Template page accessed
[2025-06-14 17:58:36] info: Template page accessed
[2025-06-14 17:59:11] info: Template page accessed
[2025-06-14 17:59:57] info: Template page accessed
[2025-06-14 18:00:45] info: Template page accessed
[2025-06-14 18:01:17] info: Template page accessed
[2025-06-14 18:01:37] info: Template page accessed
[2025-06-14 18:18:37] info: Template page accessed
[2025-06-14 19:08:22] info: Template page accessed
[2025-06-14 19:08:38] info: Template page accessed
[2025-06-14 19:08:42] info: Template page accessed
[2025-06-14 19:08:59] info: Template page accessed
[2025-06-14 19:09:28] info: Template page accessed
[2025-06-14 19:15:23] info: Template page accessed
[2025-06-14 19:33:51] info: Template page accessed
[2025-06-14 19:35:28] info: Template page accessed
[2025-06-14 19:38:37] info: Template page accessed
[2025-06-14 19:38:41] info: Template page accessed
[2025-06-14 19:43:13] info: Template page accessed
[2025-06-14 19:45:30] info: Welcome page accessed {"ip":"127.0.0.1","user_agent":"Mozilla\/5.0 (Windows NT 10.0; Win64; x64) AppleWebKit\/537.36 (KHTML, like Gecko) Chrome\/137.0.0.0 Safari\/537.36 Edg\/137.0.0.0"}
[2025-06-14 19:54:51] info: Template page accessed
[2025-06-14 19:56:02] info: Template page accessed
[2025-06-14 20:10:02] info: Template page accessed
[2025-06-15 14:53:50] info: Welcome page accessed {"ip":"127.0.0.1","user_agent":"Mozilla\/5.0 (Windows NT 10.0; Win64; x64) AppleWebKit\/537.36 (KHTML, like Gecko) Chrome\/137.0.0.0 Safari\/537.36 Edg\/137.0.0.0"}
[2025-06-15 14:53:54] info: Welcome page accessed {"ip":"127.0.0.1","user_agent":"Mozilla\/5.0 (Windows NT 10.0; Win64; x64) AppleWebKit\/537.36 (KHTML, like Gecko) Chrome\/137.0.0.0 Safari\/537.36 Edg\/137.0.0.0"}
[2025-06-15 14:53:56] info: Template page accessed
[2025-06-15 14:58:51] info: Template page accessed
[2025-06-15 15:09:23] info: Template page accessed
[2025-06-15 15:31:26] info: Template page accessed
[2025-06-15 15:40:28] info: Template page accessed
[2025-06-15 15:44:00] info: Template page accessed
[2025-06-15 15:50:14] info: Template page accessed
[2025-06-15 15:52:40] info: Template page accessed
[2025-06-15 15:56:38] info: Template page accessed
[2025-06-15 16:00:14] info: Template page accessed
[2025-06-15 16:04:21] info: Template page accessed
[2025-06-15 16:10:18] info: Template page accessed
[2025-06-15 16:10:20] info: Template page accessed
[2025-06-15 16:10:22] info: Template page accessed
[2025-06-15 16:10:23] info: Template page accessed
[2025-06-15 16:10:23] info: Template page accessed
[2025-06-15 16:10:24] info: Template page accessed
[2025-06-15 16:10:24] info: Template page accessed
[2025-06-15 16:10:53] info: Template page accessed
[2025-06-15 16:11:15] info: Template page accessed
[2025-06-15 16:12:38] info: Template page accessed
[2025-06-15 16:12:43] info: Template page accessed
[2025-06-15 16:13:45] info: Template page accessed
[2025-06-15 16:14:21] info: Template page accessed
[2025-06-15 16:16:49] info: Template page accessed
[2025-06-15 16:22:44] info: Welcome page accessed {"ip":"127.0.0.1","user_agent":"Mozilla\/5.0 (Windows NT 10.0; Win64; x64) AppleWebKit\/537.36 (KHTML, like Gecko) Trae\/1.98.2 Chrome\/132.0.6834.196 Electron\/34.2.0 Safari\/537.36"}
[2025-06-15 16:22:46] info: Template page accessed
[2025-06-15 16:23:05] info: Template page accessed
[2025-06-15 16:24:52] info: Template page accessed
[2025-06-15 16:26:54] info: Welcome page accessed {"ip":"127.0.0.1","user_agent":"Mozilla\/5.0 (Windows NT 10.0; Win64; x64) AppleWebKit\/537.36 (KHTML, like Gecko) Trae\/1.98.2 Chrome\/132.0.6834.196 Electron\/34.2.0 Safari\/537.36"}
[2025-06-15 16:26:56] info: Template page accessed
[2025-06-15 16:27:05] info: Template page accessed
[2025-06-15 16:33:50] info: Template page accessed
[2025-06-15 16:40:43] info: Template page accessed
[2025-06-15 16:46:58] info: Template page accessed
[2025-06-15 16:50:30] info: Template page accessed
[2025-06-15 16:50:44] info: Template page accessed
[2025-06-15 16:50:59] info: Template page accessed
[2025-06-15 17:05:44] info: Template page accessed
[2025-06-15 17:14:11] info: Template page accessed
[2025-06-15 17:17:35] info: Template page accessed
[2025-06-15 17:21:55] info: Template page accessed
[2025-06-15 17:24:00] info: Template page accessed
[2025-06-15 17:25:14] info: Template page accessed
[2025-06-15 17:27:33] info: Template page accessed
[2025-06-15 17:28:26] info: Template page accessed
[2025-06-15 17:30:04] info: Template page accessed
[2025-06-15 17:32:34] info: Template page accessed
[2025-06-15 17:33:12] info: Template page accessed
[2025-06-15 17:33:37] info: Template page accessed
[2025-06-15 17:36:01] info: Template page accessed
[2025-06-15 17:36:36] info: Template page accessed
[2025-06-15 17:36:56] info: Template page accessed
[2025-06-15 17:38:13] info: Template page accessed
[2025-06-15 17:40:04] info: Template page accessed
[2025-06-15 17:40:32] info: Template page accessed
[2025-06-15 17:41:08] info: Template page accessed
[2025-06-15 17:44:12] info: Template page accessed
[2025-06-15 17:46:25] info: Template page accessed
[2025-06-15 17:48:06] info: Template page accessed
[2025-06-15 17:50:56] info: Template page accessed
[2025-06-15 18:00:23] info: Template page accessed
[2025-06-15 18:03:24] info: Template page accessed
[2025-06-15 18:10:24] info: Template page accessed
[2025-06-15 18:11:26] info: Template page accessed
[2025-06-15 18:17:49] info: Template page accessed
[2025-06-15 18:36:48] info: Template page accessed
[2025-06-15 18:41:02] info: Template page accessed
[2025-06-15 18:44:33] info: Template page accessed
[2025-06-15 19:58:59] info: Template page accessed
[2025-06-15 20:36:59] info: Template page accessed
